2024/03/07 22:26:00 - mmengine - INFO - 
------------------------------------------------------------
System environment:
    sys.platform: win32
    Python: 3.8.18 (default, Sep 11 2023, 13:39:12) [MSC v.1916 64 bit (AMD64)]
    CUDA available: True
    MUSA available: False
    numpy_random_seed: 862578030
    GPU 0,1: NVIDIA RTX A4500
    CUDA_HOME: C:\Program Files\NVIDIA GPU Computing Toolkit\CUDA\v11.3
    NVCC: Cuda compilation tools, release 11.3, V11.3.58
    MSVC: Microsoft (R) C/C++ Optimizing Compiler Version 19.29.30152 for x64
    GCC: n/a
    PyTorch: 1.10.0
    PyTorch compiling details: PyTorch built with:
  - C++ Version: 199711
  - MSVC 192829337
  - Intel(R) Math Kernel Library Version 2020.0.2 Product Build 20200624 for Intel(R) 64 architecture applications
  - Intel(R) MKL-DNN v2.2.3 (Git Hash 7336ca9f055cf1bfa13efb658fe15dc9b41f0740)
  - OpenMP 2019
  - LAPACK is enabled (usually provided by MKL)
  - CPU capability usage: AVX512
  - CUDA Runtime 11.3
  - NVCC architecture flags: -gencode;arch=compute_37,code=sm_37;-gencode;arch=compute_50,code=sm_50;-gencode;arch=compute_60,code=sm_60;-gencode;arch=compute_61,code=sm_61;-gencode;arch=compute_70,code=sm_70;-gencode;arch=compute_75,code=sm_75;-gencode;arch=compute_80,code=sm_80;-gencode;arch=compute_86,code=sm_86;-gencode;arch=compute_37,code=compute_37
  - CuDNN 8.2
  - Magma 2.5.4
  - Build settings: BLAS_INFO=mkl, BUILD_TYPE=Release, CUDA_VERSION=11.3, CUDNN_VERSION=8.2.0, CXX_COMPILER=C:/cb/pytorch_1000000000000/work/tmp_bin/sccache-cl.exe, CXX_FLAGS=/DWIN32 /D_WINDOWS /GR /EHsc /w /bigobj -DUSE_PTHREADPOOL -openmp:experimental -IC:/cb/pytorch_1000000000000/work/mkl/include -DNDEBUG -DUSE_KINETO -DLIBKINETO_NOCUPTI -DUSE_FBGEMM -DUSE_XNNPACK -DSYMBOLICATE_MOBILE_DEBUG_HANDLE -DEDGE_PROFILER_USE_KINETO, LAPACK_INFO=mkl, PERF_WITH_AVX=1, PERF_WITH_AVX2=1, PERF_WITH_AVX512=1, TORCH_VERSION=1.10.0, USE_CUDA=ON, USE_CUDNN=ON, USE_EXCEPTION_PTR=1, USE_GFLAGS=OFF, USE_GLOG=OFF, USE_MKL=ON, USE_MKLDNN=ON, USE_MPI=OFF, USE_NCCL=OFF, USE_NNPACK=OFF, USE_OPENMP=ON, 

    TorchVision: 0.11.0
    OpenCV: 4.9.0
    MMEngine: 0.10.3

Runtime environment:
    cudnn_benchmark: False
    mp_cfg: {'mp_start_method': 'fork', 'opencv_num_threads': 0}
    dist_cfg: {'backend': 'nccl'}
    seed: 862578030
    Distributed launcher: none
    Distributed training: False
    GPU number: 1
------------------------------------------------------------

2024/03/07 22:26:00 - mmengine - INFO - Config:
auto_scale_lr = dict(base_batch_size=48, enable=False)
backend_args = None
class_names = [
    'Car',
]
custom_imports = dict(
    allow_failed_imports=False,
    imports=[
        'models.detectors.adversarial_voxelnet',
        'models.adversarial.voxel_perturber',
    ])
data_root = 'data/kitti/'
dataset_type = 'KittiDataset'
db_sampler = dict(
    backend_args=None,
    classes=[
        'Car',
    ],
    data_root='data/kitti/',
    info_path='data/kitti/kitti_dbinfos_train.pkl',
    points_loader=dict(
        backend_args=None,
        coord_type='LIDAR',
        load_dim=4,
        type='LoadPointsFromFile',
        use_dim=4),
    prepare=dict(
        filter_by_difficulty=[
            -1,
        ], filter_by_min_points=dict(Car=5)),
    rate=1.0,
    sample_groups=dict(Car=15))
default_hooks = dict(
    checkpoint=dict(interval=-1, type='CheckpointHook'),
    logger=dict(interval=50, type='LoggerHook'),
    param_scheduler=dict(type='ParamSchedulerHook'),
    sampler_seed=dict(type='DistSamplerSeedHook'),
    timer=dict(type='IterTimerHook'),
    visualization=dict(type='Det3DVisualizationHook'))
default_scope = 'mmdet3d'
env_cfg = dict(
    cudnn_benchmark=False,
    dist_cfg=dict(backend='nccl'),
    mp_cfg=dict(mp_start_method='fork', opencv_num_threads=0))
eval_pipeline = [
    dict(
        backend_args=None,
        coord_type='LIDAR',
        load_dim=4,
        type='LoadPointsFromFile',
        use_dim=4),
    dict(keys=[
        'points',
    ], type='Pack3DDetInputs'),
]
input_modality = dict(use_camera=False, use_lidar=True)
launcher = 'none'
load_from = 'C:\\Users\\temex\\Desktop\\mmdet3dProj\\checkpoints\\second_hv_secfpn_8xb6-80e_kitti-3d-car-75d9305e.pth'
log_level = 'INFO'
log_processor = dict(by_epoch=True, type='LogProcessor', window_size=50)
lr = 0.0018
metainfo = dict(classes=[
    'Car',
])
model = dict(
    adversary=dict(type='VoxelPerturber'),
    backbone=dict(
        in_channels=256,
        layer_nums=[
            5,
            5,
        ],
        layer_strides=[
            1,
            2,
        ],
        out_channels=[
            128,
            256,
        ],
        type='SECOND'),
    bbox_head=dict(
        anchor_generator=dict(
            ranges=[
                [
                    0,
                    -40.0,
                    -1.78,
                    70.4,
                    40.0,
                    -1.78,
                ],
            ],
            reshape_out=True,
            rotations=[
                0,
                1.57,
            ],
            sizes=[
                [
                    3.9,
                    1.6,
                    1.56,
                ],
            ],
            type='Anchor3DRangeGenerator'),
        bbox_coder=dict(type='DeltaXYZWLHRBBoxCoder'),
        diff_rad_by_sin=True,
        feat_channels=512,
        in_channels=512,
        loss_bbox=dict(
            beta=0.1111111111111111,
            loss_weight=2.0,
            type='mmdet.SmoothL1Loss'),
        loss_cls=dict(
            alpha=0.25,
            gamma=2.0,
            loss_weight=1.0,
            type='mmdet.FocalLoss',
            use_sigmoid=True),
        loss_dir=dict(
            loss_weight=0.2, type='mmdet.CrossEntropyLoss', use_sigmoid=False),
        num_classes=1,
        type='Anchor3DHead',
        use_direction_classifier=True),
    data_preprocessor=dict(
        type='Det3DDataPreprocessor',
        voxel=True,
        voxel_layer=dict(
            max_num_points=5,
            max_voxels=(
                16000,
                40000,
            ),
            point_cloud_range=[
                0,
                -40,
                -3,
                70.4,
                40,
                1,
            ],
            voxel_size=[
                0.05,
                0.05,
                0.1,
            ])),
    middle_encoder=dict(
        in_channels=4,
        order=(
            'conv',
            'norm',
            'act',
        ),
        sparse_shape=[
            41,
            1600,
            1408,
        ],
        type='SparseEncoder'),
    neck=dict(
        in_channels=[
            128,
            256,
        ],
        out_channels=[
            256,
            256,
        ],
        type='SECONDFPN',
        upsample_strides=[
            1,
            2,
        ]),
    test_cfg=dict(
        max_num=50,
        min_bbox_size=0,
        nms_across_levels=False,
        nms_pre=100,
        nms_thr=0.01,
        score_thr=0.1,
        use_rotate_nms=True),
    train_cfg=dict(
        allowed_border=0,
        assigner=dict(
            ignore_iof_thr=-1,
            iou_calculator=dict(type='BboxOverlapsNearest3D'),
            min_pos_iou=0.45,
            neg_iou_thr=0.45,
            pos_iou_thr=0.6,
            type='Max3DIoUAssigner'),
        debug=False,
        pos_weight=-1),
    type='AdversarialVoxelNet',
    voxel_encoder=dict(type='HardSimpleVFE'))
optim_wrapper = dict(
    clip_grad=dict(max_norm=10, norm_type=2),
    optimizer=dict(
        betas=(
            0.95,
            0.99,
        ), lr=0.0018, type='AdamW', weight_decay=0.01),
    type='OptimWrapper')
param_scheduler = [
    dict(
        T_max=16,
        begin=0,
        by_epoch=True,
        convert_to_iter_based=True,
        end=16,
        eta_min=0.018,
        type='CosineAnnealingLR'),
    dict(
        T_max=24,
        begin=16,
        by_epoch=True,
        convert_to_iter_based=True,
        end=40,
        eta_min=1.8e-07,
        type='CosineAnnealingLR'),
    dict(
        T_max=16,
        begin=0,
        by_epoch=True,
        convert_to_iter_based=True,
        end=16,
        eta_min=0.8947368421052632,
        type='CosineAnnealingMomentum'),
    dict(
        T_max=24,
        begin=16,
        by_epoch=True,
        convert_to_iter_based=True,
        end=40,
        eta_min=1,
        type='CosineAnnealingMomentum'),
]
point_cloud_range = [
    0,
    -40,
    -3,
    70.4,
    40,
    1,
]
resume = False
test_cfg = dict()
test_dataloader = dict(
    batch_size=1,
    dataset=dict(
        ann_file='kitti_infos_val.pkl',
        backend_args=None,
        box_type_3d='LiDAR',
        data_prefix=dict(pts='training/velodyne_reduced'),
        data_root='data/kitti/',
        metainfo=dict(classes=[
            'Car',
        ]),
        modality=dict(use_camera=False, use_lidar=True),
        pipeline=[
            dict(
                backend_args=None,
                coord_type='LIDAR',
                load_dim=4,
                type='LoadPointsFromFile',
                use_dim=4),
            dict(
                flip=False,
                img_scale=(
                    1333,
                    800,
                ),
                pts_scale_ratio=1,
                transforms=[
                    dict(
                        rot_range=[
                            0,
                            0,
                        ],
                        scale_ratio_range=[
                            1.0,
                            1.0,
                        ],
                        translation_std=[
                            0,
                            0,
                            0,
                        ],
                        type='GlobalRotScaleTrans'),
                    dict(type='RandomFlip3D'),
                    dict(
                        point_cloud_range=[
                            0,
                            -40,
                            -3,
                            70.4,
                            40,
                            1,
                        ],
                        type='PointsRangeFilter'),
                ],
                type='MultiScaleFlipAug3D'),
            dict(keys=[
                'points',
            ], type='Pack3DDetInputs'),
        ],
        test_mode=True,
        type='KittiDataset'),
    drop_last=False,
    num_workers=1,
    persistent_workers=True,
    sampler=dict(shuffle=False, type='DefaultSampler'))
test_evaluator = dict(
    ann_file='data/kitti/kitti_infos_val.pkl',
    backend_args=None,
    metric='bbox',
    type='KittiMetric')
test_pipeline = [
    dict(
        backend_args=None,
        coord_type='LIDAR',
        load_dim=4,
        type='LoadPointsFromFile',
        use_dim=4),
    dict(
        flip=False,
        img_scale=(
            1333,
            800,
        ),
        pts_scale_ratio=1,
        transforms=[
            dict(
                rot_range=[
                    0,
                    0,
                ],
                scale_ratio_range=[
                    1.0,
                    1.0,
                ],
                translation_std=[
                    0,
                    0,
                    0,
                ],
                type='GlobalRotScaleTrans'),
            dict(type='RandomFlip3D'),
            dict(
                point_cloud_range=[
                    0,
                    -40,
                    -3,
                    70.4,
                    40,
                    1,
                ],
                type='PointsRangeFilter'),
        ],
        type='MultiScaleFlipAug3D'),
    dict(keys=[
        'points',
    ], type='Pack3DDetInputs'),
]
train_cfg = dict(by_epoch=True, max_epochs=40, val_interval=1)
train_dataloader = dict(
    batch_size=6,
    dataset=dict(
        dataset=dict(
            ann_file='kitti_infos_train.pkl',
            backend_args=None,
            box_type_3d='LiDAR',
            data_prefix=dict(pts='training/velodyne_reduced'),
            data_root='data/kitti/',
            metainfo=dict(classes=[
                'Car',
            ]),
            modality=dict(use_camera=False, use_lidar=True),
            pipeline=[
                dict(
                    backend_args=None,
                    coord_type='LIDAR',
                    load_dim=4,
                    type='LoadPointsFromFile',
                    use_dim=4),
                dict(
                    type='LoadAnnotations3D',
                    with_bbox_3d=True,
                    with_label_3d=True),
                dict(
                    db_sampler=dict(
                        backend_args=None,
                        classes=[
                            'Car',
                        ],
                        data_root='data/kitti/',
                        info_path='data/kitti/kitti_dbinfos_train.pkl',
                        points_loader=dict(
                            backend_args=None,
                            coord_type='LIDAR',
                            load_dim=4,
                            type='LoadPointsFromFile',
                            use_dim=4),
                        prepare=dict(
                            filter_by_difficulty=[
                                -1,
                            ],
                            filter_by_min_points=dict(Car=5)),
                        rate=1.0,
                        sample_groups=dict(Car=15)),
                    type='ObjectSample'),
                dict(
                    global_rot_range=[
                        0.0,
                        0.0,
                    ],
                    num_try=100,
                    rot_range=[
                        -0.78539816,
                        0.78539816,
                    ],
                    translation_std=[
                        1.0,
                        1.0,
                        0.5,
                    ],
                    type='ObjectNoise'),
                dict(flip_ratio_bev_horizontal=0.5, type='RandomFlip3D'),
                dict(
                    rot_range=[
                        -0.78539816,
                        0.78539816,
                    ],
                    scale_ratio_range=[
                        0.95,
                        1.05,
                    ],
                    type='GlobalRotScaleTrans'),
                dict(
                    point_cloud_range=[
                        0,
                        -40,
                        -3,
                        70.4,
                        40,
                        1,
                    ],
                    type='PointsRangeFilter'),
                dict(
                    point_cloud_range=[
                        0,
                        -40,
                        -3,
                        70.4,
                        40,
                        1,
                    ],
                    type='ObjectRangeFilter'),
                dict(type='PointShuffle'),
                dict(
                    keys=[
                        'points',
                        'gt_bboxes_3d',
                        'gt_labels_3d',
                    ],
                    type='Pack3DDetInputs'),
            ],
            test_mode=False,
            type='KittiDataset'),
        times=2,
        type='RepeatDataset'),
    num_workers=4,
    persistent_workers=True,
    sampler=dict(shuffle=True, type='DefaultSampler'))
train_pipeline = [
    dict(
        backend_args=None,
        coord_type='LIDAR',
        load_dim=4,
        type='LoadPointsFromFile',
        use_dim=4),
    dict(type='LoadAnnotations3D', with_bbox_3d=True, with_label_3d=True),
    dict(
        db_sampler=dict(
            backend_args=None,
            classes=[
                'Car',
            ],
            data_root='data/kitti/',
            info_path='data/kitti/kitti_dbinfos_train.pkl',
            points_loader=dict(
                backend_args=None,
                coord_type='LIDAR',
                load_dim=4,
                type='LoadPointsFromFile',
                use_dim=4),
            prepare=dict(
                filter_by_difficulty=[
                    -1,
                ], filter_by_min_points=dict(Car=5)),
            rate=1.0,
            sample_groups=dict(Car=15)),
        type='ObjectSample'),
    dict(
        global_rot_range=[
            0.0,
            0.0,
        ],
        num_try=100,
        rot_range=[
            -0.78539816,
            0.78539816,
        ],
        translation_std=[
            1.0,
            1.0,
            0.5,
        ],
        type='ObjectNoise'),
    dict(flip_ratio_bev_horizontal=0.5, type='RandomFlip3D'),
    dict(
        rot_range=[
            -0.78539816,
            0.78539816,
        ],
        scale_ratio_range=[
            0.95,
            1.05,
        ],
        type='GlobalRotScaleTrans'),
    dict(
        point_cloud_range=[
            0,
            -40,
            -3,
            70.4,
            40,
            1,
        ],
        type='PointsRangeFilter'),
    dict(
        point_cloud_range=[
            0,
            -40,
            -3,
            70.4,
            40,
            1,
        ],
        type='ObjectRangeFilter'),
    dict(type='PointShuffle'),
    dict(
        keys=[
            'points',
            'gt_bboxes_3d',
            'gt_labels_3d',
        ],
        type='Pack3DDetInputs'),
]
val_cfg = dict()
val_dataloader = dict(
    batch_size=1,
    dataset=dict(
        ann_file='kitti_infos_val.pkl',
        backend_args=None,
        box_type_3d='LiDAR',
        data_prefix=dict(pts='training/velodyne_reduced'),
        data_root='data/kitti/',
        metainfo=dict(classes=[
            'Car',
        ]),
        modality=dict(use_camera=False, use_lidar=True),
        pipeline=[
            dict(
                backend_args=None,
                coord_type='LIDAR',
                load_dim=4,
                type='LoadPointsFromFile',
                use_dim=4),
            dict(
                flip=False,
                img_scale=(
                    1333,
                    800,
                ),
                pts_scale_ratio=1,
                transforms=[
                    dict(
                        rot_range=[
                            0,
                            0,
                        ],
                        scale_ratio_range=[
                            1.0,
                            1.0,
                        ],
                        translation_std=[
                            0,
                            0,
                            0,
                        ],
                        type='GlobalRotScaleTrans'),
                    dict(type='RandomFlip3D'),
                    dict(
                        point_cloud_range=[
                            0,
                            -40,
                            -3,
                            70.4,
                            40,
                            1,
                        ],
                        type='PointsRangeFilter'),
                ],
                type='MultiScaleFlipAug3D'),
            dict(keys=[
                'points',
            ], type='Pack3DDetInputs'),
        ],
        test_mode=True,
        type='KittiDataset'),
    drop_last=False,
    num_workers=1,
    persistent_workers=True,
    sampler=dict(shuffle=False, type='DefaultSampler'))
val_evaluator = dict(
    ann_file='data/kitti/kitti_infos_val.pkl',
    backend_args=None,
    metric='bbox',
    type='KittiMetric')
vis_backends = [
    dict(type='LocalVisBackend'),
]
visualizer = dict(
    name='visualizer',
    type='Det3DLocalVisualizer',
    vis_backends=[
        dict(type='LocalVisBackend'),
    ])
voxel_size = [
    0.05,
    0.05,
    0.1,
]
work_dir = 'C:\\Users\\temex\\Desktop\\mmdet3dProj\\adversarialTrainingOutput'

2024/03/07 22:26:01 - mmengine - WARNING - Failed to search registry with scope "mmdet3d" in the "adversaries" registry tree. As a workaround, the current "adversaries" registry in "models" is used to build instance. This may cause unexpected failure when running the built modules. Please check whether "mmdet3d" is a correct scope, or whether the registry is initialized.
2024/03/07 22:26:01 - mmengine - INFO - Distributed training is not used, all SyncBatchNorm (SyncBN) layers in the model will be automatically reverted to BatchNormXd layers if they are used.
2024/03/07 22:26:01 - mmengine - INFO - Hooks will be executed in the following order:
before_run:
(VERY_HIGH   ) RuntimeInfoHook                    
(BELOW_NORMAL) LoggerHook                         
 -------------------- 
before_train:
(VERY_HIGH   ) RuntimeInfoHook                    
(NORMAL      ) IterTimerHook                      
(VERY_LOW    ) CheckpointHook                     
 -------------------- 
before_train_epoch:
(VERY_HIGH   ) RuntimeInfoHook                    
(NORMAL      ) IterTimerHook                      
(NORMAL      ) DistSamplerSeedHook                
 -------------------- 
before_train_iter:
(VERY_HIGH   ) RuntimeInfoHook                    
(NORMAL      ) IterTimerHook                      
 -------------------- 
after_train_iter:
(VERY_HIGH   ) RuntimeInfoHook                    
(NORMAL      ) IterTimerHook                      
(BELOW_NORMAL) LoggerHook                         
(LOW         ) ParamSchedulerHook                 
(VERY_LOW    ) CheckpointHook                     
 -------------------- 
after_train_epoch:
(NORMAL      ) IterTimerHook                      
(LOW         ) ParamSchedulerHook                 
(VERY_LOW    ) CheckpointHook                     
 -------------------- 
before_val:
(VERY_HIGH   ) RuntimeInfoHook                    
 -------------------- 
before_val_epoch:
(NORMAL      ) IterTimerHook                      
 -------------------- 
before_val_iter:
(NORMAL      ) IterTimerHook                      
 -------------------- 
after_val_iter:
(NORMAL      ) IterTimerHook                      
(NORMAL      ) Det3DVisualizationHook             
(BELOW_NORMAL) LoggerHook                         
 -------------------- 
after_val_epoch:
(VERY_HIGH   ) RuntimeInfoHook                    
(NORMAL      ) IterTimerHook                      
(BELOW_NORMAL) LoggerHook                         
(LOW         ) ParamSchedulerHook                 
(VERY_LOW    ) CheckpointHook                     
 -------------------- 
after_val:
(VERY_HIGH   ) RuntimeInfoHook                    
 -------------------- 
after_train:
(VERY_HIGH   ) RuntimeInfoHook                    
(VERY_LOW    ) CheckpointHook                     
 -------------------- 
before_test:
(VERY_HIGH   ) RuntimeInfoHook                    
 -------------------- 
before_test_epoch:
(NORMAL      ) IterTimerHook                      
 -------------------- 
before_test_iter:
(NORMAL      ) IterTimerHook                      
 -------------------- 
after_test_iter:
(NORMAL      ) IterTimerHook                      
(NORMAL      ) Det3DVisualizationHook             
(BELOW_NORMAL) LoggerHook                         
 -------------------- 
after_test_epoch:
(VERY_HIGH   ) RuntimeInfoHook                    
(NORMAL      ) IterTimerHook                      
(BELOW_NORMAL) LoggerHook                         
 -------------------- 
after_test:
(VERY_HIGH   ) RuntimeInfoHook                    
 -------------------- 
after_run:
(BELOW_NORMAL) LoggerHook                         
 -------------------- 
2024/03/07 22:26:01 - mmengine - INFO - load 2207 Pedestrian database infos in DataBaseSampler
2024/03/07 22:26:01 - mmengine - INFO - load 14357 Car database infos in DataBaseSampler
2024/03/07 22:26:01 - mmengine - INFO - load 734 Cyclist database infos in DataBaseSampler
2024/03/07 22:26:01 - mmengine - INFO - load 1297 Van database infos in DataBaseSampler
2024/03/07 22:26:01 - mmengine - INFO - load 488 Truck database infos in DataBaseSampler
2024/03/07 22:26:01 - mmengine - INFO - load 224 Tram database infos in DataBaseSampler
2024/03/07 22:26:01 - mmengine - INFO - load 337 Misc database infos in DataBaseSampler
2024/03/07 22:26:01 - mmengine - INFO - load 56 Person_sitting database infos in DataBaseSampler
2024/03/07 22:26:01 - mmengine - INFO - After filter database:
2024/03/07 22:26:01 - mmengine - INFO - load 2104 Pedestrian database infos in DataBaseSampler
2024/03/07 22:26:01 - mmengine - INFO - load 10520 Car database infos in DataBaseSampler
2024/03/07 22:26:01 - mmengine - INFO - load 594 Cyclist database infos in DataBaseSampler
2024/03/07 22:26:01 - mmengine - INFO - load 826 Van database infos in DataBaseSampler
2024/03/07 22:26:01 - mmengine - INFO - load 321 Truck database infos in DataBaseSampler
2024/03/07 22:26:01 - mmengine - INFO - load 199 Tram database infos in DataBaseSampler
2024/03/07 22:26:01 - mmengine - INFO - load 259 Misc database infos in DataBaseSampler
2024/03/07 22:26:01 - mmengine - INFO - load 53 Person_sitting database infos in DataBaseSampler
2024/03/07 22:26:05 - mmengine - INFO - ------------------------------
2024/03/07 22:26:05 - mmengine - INFO - The length of training dataset: 3712
2024/03/07 22:26:05 - mmengine - INFO - The number of instances per category in the dataset:
+----------+--------+
| category | number |
+----------+--------+
| Car      | 14357  |
+----------+--------+
2024/03/07 22:26:09 - mmengine - INFO - ------------------------------
2024/03/07 22:26:09 - mmengine - INFO - The length of test dataset: 3769
2024/03/07 22:26:09 - mmengine - INFO - The number of instances per category in the dataset:
+----------+--------+
| category | number |
+----------+--------+
| Car      | 14385  |
+----------+--------+
Name of parameter - Initialization information

backbone.blocks.0.0.weight - torch.Size([128, 256, 3, 3]): 
KaimingInit: a=0, mode=fan_out, nonlinearity=relu, distribution =normal, bias=0 

backbone.blocks.0.1.weight - torch.Size([128]): 
The value is the same before and after calling `init_weights` of AdversarialVoxelNet  

backbone.blocks.0.1.bias - torch.Size([128]): 
The value is the same before and after calling `init_weights` of AdversarialVoxelNet  

backbone.blocks.0.3.weight - torch.Size([128, 128, 3, 3]): 
KaimingInit: a=0, mode=fan_out, nonlinearity=relu, distribution =normal, bias=0 

backbone.blocks.0.4.weight - torch.Size([128]): 
The value is the same before and after calling `init_weights` of AdversarialVoxelNet  

backbone.blocks.0.4.bias - torch.Size([128]): 
The value is the same before and after calling `init_weights` of AdversarialVoxelNet  

backbone.blocks.0.6.weight - torch.Size([128, 128, 3, 3]): 
KaimingInit: a=0, mode=fan_out, nonlinearity=relu, distribution =normal, bias=0 

backbone.blocks.0.7.weight - torch.Size([128]): 
The value is the same before and after calling `init_weights` of AdversarialVoxelNet  

backbone.blocks.0.7.bias - torch.Size([128]): 
The value is the same before and after calling `init_weights` of AdversarialVoxelNet  

backbone.blocks.0.9.weight - torch.Size([128, 128, 3, 3]): 
KaimingInit: a=0, mode=fan_out, nonlinearity=relu, distribution =normal, bias=0 

backbone.blocks.0.10.weight - torch.Size([128]): 
The value is the same before and after calling `init_weights` of AdversarialVoxelNet  

backbone.blocks.0.10.bias - torch.Size([128]): 
The value is the same before and after calling `init_weights` of AdversarialVoxelNet  

backbone.blocks.0.12.weight - torch.Size([128, 128, 3, 3]): 
KaimingInit: a=0, mode=fan_out, nonlinearity=relu, distribution =normal, bias=0 

backbone.blocks.0.13.weight - torch.Size([128]): 
The value is the same before and after calling `init_weights` of AdversarialVoxelNet  

backbone.blocks.0.13.bias - torch.Size([128]): 
The value is the same before and after calling `init_weights` of AdversarialVoxelNet  

backbone.blocks.0.15.weight - torch.Size([128, 128, 3, 3]): 
KaimingInit: a=0, mode=fan_out, nonlinearity=relu, distribution =normal, bias=0 

backbone.blocks.0.16.weight - torch.Size([128]): 
The value is the same before and after calling `init_weights` of AdversarialVoxelNet  

backbone.blocks.0.16.bias - torch.Size([128]): 
The value is the same before and after calling `init_weights` of AdversarialVoxelNet  

backbone.blocks.1.0.weight - torch.Size([256, 128, 3, 3]): 
KaimingInit: a=0, mode=fan_out, nonlinearity=relu, distribution =normal, bias=0 

backbone.blocks.1.1.weight - torch.Size([256]): 
The value is the same before and after calling `init_weights` of AdversarialVoxelNet  

backbone.blocks.1.1.bias - torch.Size([256]): 
The value is the same before and after calling `init_weights` of AdversarialVoxelNet  

backbone.blocks.1.3.weight - torch.Size([256, 256, 3, 3]): 
KaimingInit: a=0, mode=fan_out, nonlinearity=relu, distribution =normal, bias=0 

backbone.blocks.1.4.weight - torch.Size([256]): 
The value is the same before and after calling `init_weights` of AdversarialVoxelNet  

backbone.blocks.1.4.bias - torch.Size([256]): 
The value is the same before and after calling `init_weights` of AdversarialVoxelNet  

backbone.blocks.1.6.weight - torch.Size([256, 256, 3, 3]): 
KaimingInit: a=0, mode=fan_out, nonlinearity=relu, distribution =normal, bias=0 

backbone.blocks.1.7.weight - torch.Size([256]): 
The value is the same before and after calling `init_weights` of AdversarialVoxelNet  

backbone.blocks.1.7.bias - torch.Size([256]): 
The value is the same before and after calling `init_weights` of AdversarialVoxelNet  

backbone.blocks.1.9.weight - torch.Size([256, 256, 3, 3]): 
KaimingInit: a=0, mode=fan_out, nonlinearity=relu, distribution =normal, bias=0 

backbone.blocks.1.10.weight - torch.Size([256]): 
The value is the same before and after calling `init_weights` of AdversarialVoxelNet  

backbone.blocks.1.10.bias - torch.Size([256]): 
The value is the same before and after calling `init_weights` of AdversarialVoxelNet  

backbone.blocks.1.12.weight - torch.Size([256, 256, 3, 3]): 
KaimingInit: a=0, mode=fan_out, nonlinearity=relu, distribution =normal, bias=0 

backbone.blocks.1.13.weight - torch.Size([256]): 
The value is the same before and after calling `init_weights` of AdversarialVoxelNet  

backbone.blocks.1.13.bias - torch.Size([256]): 
The value is the same before and after calling `init_weights` of AdversarialVoxelNet  

backbone.blocks.1.15.weight - torch.Size([256, 256, 3, 3]): 
KaimingInit: a=0, mode=fan_out, nonlinearity=relu, distribution =normal, bias=0 

backbone.blocks.1.16.weight - torch.Size([256]): 
The value is the same before and after calling `init_weights` of AdversarialVoxelNet  

backbone.blocks.1.16.bias - torch.Size([256]): 
The value is the same before and after calling `init_weights` of AdversarialVoxelNet  

neck.deblocks.0.0.weight - torch.Size([128, 256, 1, 1]): 
KaimingInit: a=0, mode=fan_out, nonlinearity=relu, distribution =normal, bias=0 

neck.deblocks.0.1.weight - torch.Size([256]): 
The value is the same before and after calling `init_weights` of AdversarialVoxelNet  

neck.deblocks.0.1.bias - torch.Size([256]): 
The value is the same before and after calling `init_weights` of AdversarialVoxelNet  

neck.deblocks.1.0.weight - torch.Size([256, 256, 2, 2]): 
KaimingInit: a=0, mode=fan_out, nonlinearity=relu, distribution =normal, bias=0 

neck.deblocks.1.1.weight - torch.Size([256]): 
The value is the same before and after calling `init_weights` of AdversarialVoxelNet  

neck.deblocks.1.1.bias - torch.Size([256]): 
The value is the same before and after calling `init_weights` of AdversarialVoxelNet  

bbox_head.conv_cls.weight - torch.Size([2, 512, 1, 1]): 
NormalInit: mean=0, std=0.01, bias=-4.59511985013459 

bbox_head.conv_cls.bias - torch.Size([2]): 
NormalInit: mean=0, std=0.01, bias=-4.59511985013459 

bbox_head.conv_reg.weight - torch.Size([14, 512, 1, 1]): 
NormalInit: mean=0, std=0.01, bias=0 

bbox_head.conv_reg.bias - torch.Size([14]): 
NormalInit: mean=0, std=0.01, bias=0 

bbox_head.conv_dir_cls.weight - torch.Size([4, 512, 1, 1]): 
NormalInit: mean=0, std=0.01, bias=0 

bbox_head.conv_dir_cls.bias - torch.Size([4]): 
NormalInit: mean=0, std=0.01, bias=0 

middle_encoder.conv_input.0.weight - torch.Size([16, 3, 3, 3, 4]): 
The value is the same before and after calling `init_weights` of AdversarialVoxelNet  

middle_encoder.conv_input.1.weight - torch.Size([16]): 
The value is the same before and after calling `init_weights` of AdversarialVoxelNet  

middle_encoder.conv_input.1.bias - torch.Size([16]): 
The value is the same before and after calling `init_weights` of AdversarialVoxelNet  

middle_encoder.encoder_layers.encoder_layer1.0.0.weight - torch.Size([16, 3, 3, 3, 16]): 
The value is the same before and after calling `init_weights` of AdversarialVoxelNet  

middle_encoder.encoder_layers.encoder_layer1.0.1.weight - torch.Size([16]): 
The value is the same before and after calling `init_weights` of AdversarialVoxelNet  

middle_encoder.encoder_layers.encoder_layer1.0.1.bias - torch.Size([16]): 
The value is the same before and after calling `init_weights` of AdversarialVoxelNet  

middle_encoder.encoder_layers.encoder_layer2.0.0.weight - torch.Size([32, 3, 3, 3, 16]): 
The value is the same before and after calling `init_weights` of AdversarialVoxelNet  

middle_encoder.encoder_layers.encoder_layer2.0.1.weight - torch.Size([32]): 
The value is the same before and after calling `init_weights` of AdversarialVoxelNet  

middle_encoder.encoder_layers.encoder_layer2.0.1.bias - torch.Size([32]): 
The value is the same before and after calling `init_weights` of AdversarialVoxelNet  

middle_encoder.encoder_layers.encoder_layer2.1.0.weight - torch.Size([32, 3, 3, 3, 32]): 
The value is the same before and after calling `init_weights` of AdversarialVoxelNet  

middle_encoder.encoder_layers.encoder_layer2.1.1.weight - torch.Size([32]): 
The value is the same before and after calling `init_weights` of AdversarialVoxelNet  

middle_encoder.encoder_layers.encoder_layer2.1.1.bias - torch.Size([32]): 
The value is the same before and after calling `init_weights` of AdversarialVoxelNet  

middle_encoder.encoder_layers.encoder_layer2.2.0.weight - torch.Size([32, 3, 3, 3, 32]): 
The value is the same before and after calling `init_weights` of AdversarialVoxelNet  

middle_encoder.encoder_layers.encoder_layer2.2.1.weight - torch.Size([32]): 
The value is the same before and after calling `init_weights` of AdversarialVoxelNet  

middle_encoder.encoder_layers.encoder_layer2.2.1.bias - torch.Size([32]): 
The value is the same before and after calling `init_weights` of AdversarialVoxelNet  

middle_encoder.encoder_layers.encoder_layer3.0.0.weight - torch.Size([64, 3, 3, 3, 32]): 
The value is the same before and after calling `init_weights` of AdversarialVoxelNet  

middle_encoder.encoder_layers.encoder_layer3.0.1.weight - torch.Size([64]): 
The value is the same before and after calling `init_weights` of AdversarialVoxelNet  

middle_encoder.encoder_layers.encoder_layer3.0.1.bias - torch.Size([64]): 
The value is the same before and after calling `init_weights` of AdversarialVoxelNet  

middle_encoder.encoder_layers.encoder_layer3.1.0.weight - torch.Size([64, 3, 3, 3, 64]): 
The value is the same before and after calling `init_weights` of AdversarialVoxelNet  

middle_encoder.encoder_layers.encoder_layer3.1.1.weight - torch.Size([64]): 
The value is the same before and after calling `init_weights` of AdversarialVoxelNet  

middle_encoder.encoder_layers.encoder_layer3.1.1.bias - torch.Size([64]): 
The value is the same before and after calling `init_weights` of AdversarialVoxelNet  

middle_encoder.encoder_layers.encoder_layer3.2.0.weight - torch.Size([64, 3, 3, 3, 64]): 
The value is the same before and after calling `init_weights` of AdversarialVoxelNet  

middle_encoder.encoder_layers.encoder_layer3.2.1.weight - torch.Size([64]): 
The value is the same before and after calling `init_weights` of AdversarialVoxelNet  

middle_encoder.encoder_layers.encoder_layer3.2.1.bias - torch.Size([64]): 
The value is the same before and after calling `init_weights` of AdversarialVoxelNet  

middle_encoder.encoder_layers.encoder_layer4.0.0.weight - torch.Size([64, 3, 3, 3, 64]): 
The value is the same before and after calling `init_weights` of AdversarialVoxelNet  

middle_encoder.encoder_layers.encoder_layer4.0.1.weight - torch.Size([64]): 
The value is the same before and after calling `init_weights` of AdversarialVoxelNet  

middle_encoder.encoder_layers.encoder_layer4.0.1.bias - torch.Size([64]): 
The value is the same before and after calling `init_weights` of AdversarialVoxelNet  

middle_encoder.encoder_layers.encoder_layer4.1.0.weight - torch.Size([64, 3, 3, 3, 64]): 
The value is the same before and after calling `init_weights` of AdversarialVoxelNet  

middle_encoder.encoder_layers.encoder_layer4.1.1.weight - torch.Size([64]): 
The value is the same before and after calling `init_weights` of AdversarialVoxelNet  

middle_encoder.encoder_layers.encoder_layer4.1.1.bias - torch.Size([64]): 
The value is the same before and after calling `init_weights` of AdversarialVoxelNet  

middle_encoder.encoder_layers.encoder_layer4.2.0.weight - torch.Size([64, 3, 3, 3, 64]): 
The value is the same before and after calling `init_weights` of AdversarialVoxelNet  

middle_encoder.encoder_layers.encoder_layer4.2.1.weight - torch.Size([64]): 
The value is the same before and after calling `init_weights` of AdversarialVoxelNet  

middle_encoder.encoder_layers.encoder_layer4.2.1.bias - torch.Size([64]): 
The value is the same before and after calling `init_weights` of AdversarialVoxelNet  

middle_encoder.conv_out.0.weight - torch.Size([128, 3, 1, 1, 64]): 
The value is the same before and after calling `init_weights` of AdversarialVoxelNet  

middle_encoder.conv_out.1.weight - torch.Size([128]): 
The value is the same before and after calling `init_weights` of AdversarialVoxelNet  

middle_encoder.conv_out.1.bias - torch.Size([128]): 
The value is the same before and after calling `init_weights` of AdversarialVoxelNet  

adversary.model.1.weight - torch.Size([4, 4, 1]): 
The value is the same before and after calling `init_weights` of AdversarialVoxelNet  

adversary.model.1.bias - torch.Size([4]): 
The value is the same before and after calling `init_weights` of AdversarialVoxelNet  

adversary.model.2.weight - torch.Size([4]): 
The value is the same before and after calling `init_weights` of AdversarialVoxelNet  

adversary.model.2.bias - torch.Size([4]): 
The value is the same before and after calling `init_weights` of AdversarialVoxelNet  

adversary.model.4.weight - torch.Size([8, 4, 1]): 
The value is the same before and after calling `init_weights` of AdversarialVoxelNet  

adversary.model.4.bias - torch.Size([8]): 
The value is the same before and after calling `init_weights` of AdversarialVoxelNet  

adversary.model.5.weight - torch.Size([8]): 
The value is the same before and after calling `init_weights` of AdversarialVoxelNet  

adversary.model.5.bias - torch.Size([8]): 
The value is the same before and after calling `init_weights` of AdversarialVoxelNet  

adversary.model.7.weight - torch.Size([16, 8, 1]): 
The value is the same before and after calling `init_weights` of AdversarialVoxelNet  

adversary.model.7.bias - torch.Size([16]): 
The value is the same before and after calling `init_weights` of AdversarialVoxelNet  

adversary.model.8.weight - torch.Size([16]): 
The value is the same before and after calling `init_weights` of AdversarialVoxelNet  

adversary.model.8.bias - torch.Size([16]): 
The value is the same before and after calling `init_weights` of AdversarialVoxelNet  

adversary.model.10.weight - torch.Size([32, 16, 1]): 
The value is the same before and after calling `init_weights` of AdversarialVoxelNet  

adversary.model.10.bias - torch.Size([32]): 
The value is the same before and after calling `init_weights` of AdversarialVoxelNet  

adversary.model.11.weight - torch.Size([32]): 
The value is the same before and after calling `init_weights` of AdversarialVoxelNet  

adversary.model.11.bias - torch.Size([32]): 
The value is the same before and after calling `init_weights` of AdversarialVoxelNet  

adversary.model.13.weight - torch.Size([16, 32, 1]): 
The value is the same before and after calling `init_weights` of AdversarialVoxelNet  

adversary.model.13.bias - torch.Size([16]): 
The value is the same before and after calling `init_weights` of AdversarialVoxelNet  

adversary.model.14.weight - torch.Size([16]): 
The value is the same before and after calling `init_weights` of AdversarialVoxelNet  

adversary.model.14.bias - torch.Size([16]): 
The value is the same before and after calling `init_weights` of AdversarialVoxelNet  

adversary.model.16.weight - torch.Size([8, 16, 1]): 
The value is the same before and after calling `init_weights` of AdversarialVoxelNet  

adversary.model.16.bias - torch.Size([8]): 
The value is the same before and after calling `init_weights` of AdversarialVoxelNet  

adversary.model.17.weight - torch.Size([8]): 
The value is the same before and after calling `init_weights` of AdversarialVoxelNet  

adversary.model.17.bias - torch.Size([8]): 
The value is the same before and after calling `init_weights` of AdversarialVoxelNet  

adversary.model.19.weight - torch.Size([4, 8, 1]): 
The value is the same before and after calling `init_weights` of AdversarialVoxelNet  

adversary.model.19.bias - torch.Size([4]): 
The value is the same before and after calling `init_weights` of AdversarialVoxelNet  

adversary.model.20.weight - torch.Size([4]): 
The value is the same before and after calling `init_weights` of AdversarialVoxelNet  

adversary.model.20.bias - torch.Size([4]): 
The value is the same before and after calling `init_weights` of AdversarialVoxelNet  

adversary.model.22.weight - torch.Size([4, 4, 1]): 
The value is the same before and after calling `init_weights` of AdversarialVoxelNet  

adversary.model.22.bias - torch.Size([4]): 
The value is the same before and after calling `init_weights` of AdversarialVoxelNet  

adversary.model.23.weight - torch.Size([4]): 
The value is the same before and after calling `init_weights` of AdversarialVoxelNet  

adversary.model.23.bias - torch.Size([4]): 
The value is the same before and after calling `init_weights` of AdversarialVoxelNet  

adversary.model.25.weight - torch.Size([4, 4, 1]): 
The value is the same before and after calling `init_weights` of AdversarialVoxelNet  

adversary.model.25.bias - torch.Size([4]): 
The value is the same before and after calling `init_weights` of AdversarialVoxelNet  
2024/03/07 22:26:11 - mmengine - INFO - Load checkpoint from C:\Users\temex\Desktop\mmdet3dProj\checkpoints\second_hv_secfpn_8xb6-80e_kitti-3d-car-75d9305e.pth
2024/03/07 22:26:11 - mmengine - WARNING - "FileClient" will be deprecated in future. Please use io functions in https://mmengine.readthedocs.io/en/latest/api/fileio.html#file-io
2024/03/07 22:26:11 - mmengine - WARNING - "HardDiskBackend" is the alias of "LocalBackend" and the former will be deprecated in future.
2024/03/07 22:26:11 - mmengine - INFO - Checkpoints will be saved to C:\Users\temex\Desktop\mmdet3dProj\adversarialTrainingOutput.
