2024/04/24 21:49:35 - mmengine - INFO - 
------------------------------------------------------------
System environment:
    sys.platform: win32
    Python: 3.8.18 (default, Sep 11 2023, 13:39:12) [MSC v.1916 64 bit (AMD64)]
    CUDA available: True
    MUSA available: False
    numpy_random_seed: 1492225971
    GPU 0,1: NVIDIA RTX A4500
    CUDA_HOME: C:\Program Files\NVIDIA GPU Computing Toolkit\CUDA\v11.3
    NVCC: Cuda compilation tools, release 11.3, V11.3.58
    MSVC: Microsoft (R) C/C++ Optimizing Compiler Version 19.29.30152 for x64
    GCC: n/a
    PyTorch: 1.10.0
    PyTorch compiling details: PyTorch built with:
  - C++ Version: 199711
  - MSVC 192829337
  - Intel(R) Math Kernel Library Version 2020.0.2 Product Build 20200624 for Intel(R) 64 architecture applications
  - Intel(R) MKL-DNN v2.2.3 (Git Hash 7336ca9f055cf1bfa13efb658fe15dc9b41f0740)
  - OpenMP 2019
  - LAPACK is enabled (usually provided by MKL)
  - CPU capability usage: AVX512
  - CUDA Runtime 11.3
  - NVCC architecture flags: -gencode;arch=compute_37,code=sm_37;-gencode;arch=compute_50,code=sm_50;-gencode;arch=compute_60,code=sm_60;-gencode;arch=compute_61,code=sm_61;-gencode;arch=compute_70,code=sm_70;-gencode;arch=compute_75,code=sm_75;-gencode;arch=compute_80,code=sm_80;-gencode;arch=compute_86,code=sm_86;-gencode;arch=compute_37,code=compute_37
  - CuDNN 8.2
  - Magma 2.5.4
  - Build settings: BLAS_INFO=mkl, BUILD_TYPE=Release, CUDA_VERSION=11.3, CUDNN_VERSION=8.2.0, CXX_COMPILER=C:/cb/pytorch_1000000000000/work/tmp_bin/sccache-cl.exe, CXX_FLAGS=/DWIN32 /D_WINDOWS /GR /EHsc /w /bigobj -DUSE_PTHREADPOOL -openmp:experimental -IC:/cb/pytorch_1000000000000/work/mkl/include -DNDEBUG -DUSE_KINETO -DLIBKINETO_NOCUPTI -DUSE_FBGEMM -DUSE_XNNPACK -DSYMBOLICATE_MOBILE_DEBUG_HANDLE -DEDGE_PROFILER_USE_KINETO, LAPACK_INFO=mkl, PERF_WITH_AVX=1, PERF_WITH_AVX2=1, PERF_WITH_AVX512=1, TORCH_VERSION=1.10.0, USE_CUDA=ON, USE_CUDNN=ON, USE_EXCEPTION_PTR=1, USE_GFLAGS=OFF, USE_GLOG=OFF, USE_MKL=ON, USE_MKLDNN=ON, USE_MPI=OFF, USE_NCCL=OFF, USE_NNPACK=OFF, USE_OPENMP=ON, 

    TorchVision: 0.11.0
    OpenCV: 4.9.0
    MMEngine: 0.10.3

Runtime environment:
    cudnn_benchmark: False
    mp_cfg: {'mp_start_method': 'fork', 'opencv_num_threads': 0}
    dist_cfg: {'backend': 'nccl'}
    seed: 1492225971
    Distributed launcher: none
    Distributed training: False
    GPU number: 1
------------------------------------------------------------

2024/04/24 21:49:35 - mmengine - INFO - Config:
auto_scale_lr = dict(base_batch_size=48, enable=False)
backend_args = None
class_names = [
    'Car',
]
custom_imports = dict(
    allow_failed_imports=False,
    imports=[
        'models.detectors.adversarial_voxelnet',
        'models.adversarial.voxel_perturber',
    ])
data_root = 'data/kitti/'
dataset_type = 'KittiDataset'
db_sampler = dict(
    backend_args=None,
    classes=[
        'Car',
    ],
    data_root='data/kitti/',
    info_path='data/kitti/kitti_dbinfos_train.pkl',
    points_loader=dict(
        backend_args=None,
        coord_type='LIDAR',
        load_dim=4,
        type='LoadPointsFromFile',
        use_dim=4),
    prepare=dict(
        filter_by_difficulty=[
            -1,
        ], filter_by_min_points=dict(Car=5)),
    rate=1.0,
    sample_groups=dict(Car=15))
default_hooks = dict(
    checkpoint=dict(interval=-1, type='CheckpointHook'),
    logger=dict(interval=50, type='LoggerHook'),
    param_scheduler=dict(type='ParamSchedulerHook'),
    sampler_seed=dict(type='DistSamplerSeedHook'),
    timer=dict(type='IterTimerHook'),
    visualization=dict(type='Det3DVisualizationHook'))
default_scope = 'mmdet3d'
env_cfg = dict(
    cudnn_benchmark=False,
    dist_cfg=dict(backend='nccl'),
    mp_cfg=dict(mp_start_method='fork', opencv_num_threads=0))
eval_pipeline = [
    dict(
        backend_args=None,
        coord_type='LIDAR',
        load_dim=4,
        type='LoadPointsFromFile',
        use_dim=4),
    dict(keys=[
        'points',
    ], type='Pack3DDetInputs'),
]
input_modality = dict(use_camera=False, use_lidar=True)
launcher = 'none'
load_from = 'C:\\Users\\temex\\Desktop\\mmdet3dProj\\checkpoints\\second_hv_secfpn_8xb6-80e_kitti-3d-car-75d9305e.pth'
log_level = 'INFO'
log_processor = dict(by_epoch=True, type='LogProcessor', window_size=50)
lr = 0.0018
metainfo = dict(classes=[
    'Car',
])
model = dict(
    adversary_cfg=dict(type='VoxelPerturber'),
    backbone=dict(
        in_channels=256,
        layer_nums=[
            5,
            5,
        ],
        layer_strides=[
            1,
            2,
        ],
        out_channels=[
            128,
            256,
        ],
        type='SECOND'),
    bbox_head=dict(
        anchor_generator=dict(
            ranges=[
                [
                    0,
                    -40.0,
                    -1.78,
                    70.4,
                    40.0,
                    -1.78,
                ],
            ],
            reshape_out=True,
            rotations=[
                0,
                1.57,
            ],
            sizes=[
                [
                    3.9,
                    1.6,
                    1.56,
                ],
            ],
            type='Anchor3DRangeGenerator'),
        bbox_coder=dict(type='DeltaXYZWLHRBBoxCoder'),
        diff_rad_by_sin=True,
        feat_channels=512,
        in_channels=512,
        loss_bbox=dict(
            beta=0.1111111111111111,
            loss_weight=2.0,
            type='mmdet.SmoothL1Loss'),
        loss_cls=dict(
            alpha=0.25,
            gamma=2.0,
            loss_weight=1.0,
            type='mmdet.FocalLoss',
            use_sigmoid=True),
        loss_dir=dict(
            loss_weight=0.2, type='mmdet.CrossEntropyLoss', use_sigmoid=False),
        num_classes=1,
        type='Anchor3DHead',
        use_direction_classifier=True),
    data_preprocessor=dict(
        type='Det3DDataPreprocessor',
        voxel=True,
        voxel_layer=dict(
            max_num_points=5,
            max_voxels=(
                16000,
                40000,
            ),
            point_cloud_range=[
                0,
                -40,
                -3,
                70.4,
                40,
                1,
            ],
            voxel_size=[
                0.05,
                0.05,
                0.1,
            ])),
    middle_encoder=dict(
        in_channels=4,
        order=(
            'conv',
            'norm',
            'act',
        ),
        sparse_shape=[
            41,
            1600,
            1408,
        ],
        type='SparseEncoder'),
    neck=dict(
        in_channels=[
            128,
            256,
        ],
        out_channels=[
            256,
            256,
        ],
        type='SECONDFPN',
        upsample_strides=[
            1,
            2,
        ]),
    test_cfg=dict(
        max_num=50,
        min_bbox_size=0,
        nms_across_levels=False,
        nms_pre=100,
        nms_thr=0.01,
        score_thr=0.1,
        use_rotate_nms=True),
    train_cfg=dict(
        allowed_border=0,
        assigner=dict(
            ignore_iof_thr=-1,
            iou_calculator=dict(type='BboxOverlapsNearest3D'),
            min_pos_iou=0.45,
            neg_iou_thr=0.45,
            pos_iou_thr=0.6,
            type='Max3DIoUAssigner'),
        debug=False,
        pos_weight=-1),
    type='AdversarialVoxelNet',
    voxel_encoder=dict(type='HardSimpleVFE'))
optim_wrapper = dict(
    clip_grad=dict(max_norm=10, norm_type=2),
    loss_scale='dynamic',
    optimizer=dict(
        betas=(
            0.95,
            0.99,
        ), lr=0.0018, type='AdamW', weight_decay=0.01),
    type='AmpOptimWrapper')
param_scheduler = [
    dict(
        T_max=16,
        begin=0,
        by_epoch=True,
        convert_to_iter_based=True,
        end=16,
        eta_min=0.018,
        type='CosineAnnealingLR'),
    dict(
        T_max=24,
        begin=16,
        by_epoch=True,
        convert_to_iter_based=True,
        end=40,
        eta_min=1.8e-07,
        type='CosineAnnealingLR'),
    dict(
        T_max=16,
        begin=0,
        by_epoch=True,
        convert_to_iter_based=True,
        end=16,
        eta_min=0.8947368421052632,
        type='CosineAnnealingMomentum'),
    dict(
        T_max=24,
        begin=16,
        by_epoch=True,
        convert_to_iter_based=True,
        end=40,
        eta_min=1,
        type='CosineAnnealingMomentum'),
]
point_cloud_range = [
    0,
    -40,
    -3,
    70.4,
    40,
    1,
]
resume = False
test_cfg = dict()
test_dataloader = dict(
    batch_size=1,
    dataset=dict(
        ann_file='kitti_infos_val.pkl',
        backend_args=None,
        box_type_3d='LiDAR',
        data_prefix=dict(pts='training/velodyne_reduced'),
        data_root='data/kitti/',
        metainfo=dict(classes=[
            'Car',
        ]),
        modality=dict(use_camera=False, use_lidar=True),
        pipeline=[
            dict(
                backend_args=None,
                coord_type='LIDAR',
                load_dim=4,
                type='LoadPointsFromFile',
                use_dim=4),
            dict(
                flip=False,
                img_scale=(
                    1333,
                    800,
                ),
                pts_scale_ratio=1,
                transforms=[
                    dict(
                        rot_range=[
                            0,
                            0,
                        ],
                        scale_ratio_range=[
                            1.0,
                            1.0,
                        ],
                        translation_std=[
                            0,
                            0,
                            0,
                        ],
                        type='GlobalRotScaleTrans'),
                    dict(type='RandomFlip3D'),
                    dict(
                        point_cloud_range=[
                            0,
                            -40,
                            -3,
                            70.4,
                            40,
                            1,
                        ],
                        type='PointsRangeFilter'),
                ],
                type='MultiScaleFlipAug3D'),
            dict(keys=[
                'points',
            ], type='Pack3DDetInputs'),
        ],
        test_mode=True,
        type='KittiDataset'),
    drop_last=False,
    num_workers=1,
    persistent_workers=True,
    sampler=dict(shuffle=False, type='DefaultSampler'))
test_evaluator = dict(
    ann_file='data/kitti/kitti_infos_val.pkl',
    backend_args=None,
    metric='bbox',
    type='KittiMetric')
test_pipeline = [
    dict(
        backend_args=None,
        coord_type='LIDAR',
        load_dim=4,
        type='LoadPointsFromFile',
        use_dim=4),
    dict(
        flip=False,
        img_scale=(
            1333,
            800,
        ),
        pts_scale_ratio=1,
        transforms=[
            dict(
                rot_range=[
                    0,
                    0,
                ],
                scale_ratio_range=[
                    1.0,
                    1.0,
                ],
                translation_std=[
                    0,
                    0,
                    0,
                ],
                type='GlobalRotScaleTrans'),
            dict(type='RandomFlip3D'),
            dict(
                point_cloud_range=[
                    0,
                    -40,
                    -3,
                    70.4,
                    40,
                    1,
                ],
                type='PointsRangeFilter'),
        ],
        type='MultiScaleFlipAug3D'),
    dict(keys=[
        'points',
    ], type='Pack3DDetInputs'),
]
train_cfg = dict(by_epoch=True, max_epochs=1, val_interval=1)
train_dataloader = dict(
    batch_size=6,
    dataset=dict(
        dataset=dict(
            ann_file='kitti_infos_train.pkl',
            backend_args=None,
            box_type_3d='LiDAR',
            data_prefix=dict(pts='training/velodyne_reduced'),
            data_root='data/kitti/',
            metainfo=dict(classes=[
                'Car',
            ]),
            modality=dict(use_camera=False, use_lidar=True),
            pipeline=[
                dict(
                    backend_args=None,
                    coord_type='LIDAR',
                    load_dim=4,
                    type='LoadPointsFromFile',
                    use_dim=4),
                dict(
                    type='LoadAnnotations3D',
                    with_bbox_3d=True,
                    with_label_3d=True),
                dict(
                    db_sampler=dict(
                        backend_args=None,
                        classes=[
                            'Car',
                        ],
                        data_root='data/kitti/',
                        info_path='data/kitti/kitti_dbinfos_train.pkl',
                        points_loader=dict(
                            backend_args=None,
                            coord_type='LIDAR',
                            load_dim=4,
                            type='LoadPointsFromFile',
                            use_dim=4),
                        prepare=dict(
                            filter_by_difficulty=[
                                -1,
                            ],
                            filter_by_min_points=dict(Car=5)),
                        rate=1.0,
                        sample_groups=dict(Car=15)),
                    type='ObjectSample'),
                dict(
                    global_rot_range=[
                        0.0,
                        0.0,
                    ],
                    num_try=100,
                    rot_range=[
                        -0.78539816,
                        0.78539816,
                    ],
                    translation_std=[
                        1.0,
                        1.0,
                        0.5,
                    ],
                    type='ObjectNoise'),
                dict(flip_ratio_bev_horizontal=0.5, type='RandomFlip3D'),
                dict(
                    rot_range=[
                        -0.78539816,
                        0.78539816,
                    ],
                    scale_ratio_range=[
                        0.95,
                        1.05,
                    ],
                    type='GlobalRotScaleTrans'),
                dict(
                    point_cloud_range=[
                        0,
                        -40,
                        -3,
                        70.4,
                        40,
                        1,
                    ],
                    type='PointsRangeFilter'),
                dict(
                    point_cloud_range=[
                        0,
                        -40,
                        -3,
                        70.4,
                        40,
                        1,
                    ],
                    type='ObjectRangeFilter'),
                dict(type='PointShuffle'),
                dict(
                    keys=[
                        'points',
                        'gt_bboxes_3d',
                        'gt_labels_3d',
                    ],
                    type='Pack3DDetInputs'),
            ],
            test_mode=False,
            type='KittiDataset'),
        times=2,
        type='RepeatDataset'),
    num_workers=4,
    persistent_workers=True,
    sampler=dict(shuffle=True, type='DefaultSampler'))
train_pipeline = [
    dict(
        backend_args=None,
        coord_type='LIDAR',
        load_dim=4,
        type='LoadPointsFromFile',
        use_dim=4),
    dict(type='LoadAnnotations3D', with_bbox_3d=True, with_label_3d=True),
    dict(
        db_sampler=dict(
            backend_args=None,
            classes=[
                'Car',
            ],
            data_root='data/kitti/',
            info_path='data/kitti/kitti_dbinfos_train.pkl',
            points_loader=dict(
                backend_args=None,
                coord_type='LIDAR',
                load_dim=4,
                type='LoadPointsFromFile',
                use_dim=4),
            prepare=dict(
                filter_by_difficulty=[
                    -1,
                ], filter_by_min_points=dict(Car=5)),
            rate=1.0,
            sample_groups=dict(Car=15)),
        type='ObjectSample'),
    dict(
        global_rot_range=[
            0.0,
            0.0,
        ],
        num_try=100,
        rot_range=[
            -0.78539816,
            0.78539816,
        ],
        translation_std=[
            1.0,
            1.0,
            0.5,
        ],
        type='ObjectNoise'),
    dict(flip_ratio_bev_horizontal=0.5, type='RandomFlip3D'),
    dict(
        rot_range=[
            -0.78539816,
            0.78539816,
        ],
        scale_ratio_range=[
            0.95,
            1.05,
        ],
        type='GlobalRotScaleTrans'),
    dict(
        point_cloud_range=[
            0,
            -40,
            -3,
            70.4,
            40,
            1,
        ],
        type='PointsRangeFilter'),
    dict(
        point_cloud_range=[
            0,
            -40,
            -3,
            70.4,
            40,
            1,
        ],
        type='ObjectRangeFilter'),
    dict(type='PointShuffle'),
    dict(
        keys=[
            'points',
            'gt_bboxes_3d',
            'gt_labels_3d',
        ],
        type='Pack3DDetInputs'),
]
val_cfg = dict()
val_dataloader = dict(
    batch_size=1,
    dataset=dict(
        ann_file='kitti_infos_val.pkl',
        backend_args=None,
        box_type_3d='LiDAR',
        data_prefix=dict(pts='training/velodyne_reduced'),
        data_root='data/kitti/',
        metainfo=dict(classes=[
            'Car',
        ]),
        modality=dict(use_camera=False, use_lidar=True),
        pipeline=[
            dict(
                backend_args=None,
                coord_type='LIDAR',
                load_dim=4,
                type='LoadPointsFromFile',
                use_dim=4),
            dict(
                flip=False,
                img_scale=(
                    1333,
                    800,
                ),
                pts_scale_ratio=1,
                transforms=[
                    dict(
                        rot_range=[
                            0,
                            0,
                        ],
                        scale_ratio_range=[
                            1.0,
                            1.0,
                        ],
                        translation_std=[
                            0,
                            0,
                            0,
                        ],
                        type='GlobalRotScaleTrans'),
                    dict(type='RandomFlip3D'),
                    dict(
                        point_cloud_range=[
                            0,
                            -40,
                            -3,
                            70.4,
                            40,
                            1,
                        ],
                        type='PointsRangeFilter'),
                ],
                type='MultiScaleFlipAug3D'),
            dict(keys=[
                'points',
            ], type='Pack3DDetInputs'),
        ],
        test_mode=True,
        type='KittiDataset'),
    drop_last=False,
    num_workers=1,
    persistent_workers=True,
    sampler=dict(shuffle=False, type='DefaultSampler'))
val_evaluator = dict(
    ann_file='data/kitti/kitti_infos_val.pkl',
    backend_args=None,
    metric='bbox',
    type='KittiMetric')
vis_backends = [
    dict(type='LocalVisBackend'),
]
visualizer = dict(
    name='visualizer',
    type='Det3DLocalVisualizer',
    vis_backends=[
        dict(type='LocalVisBackend'),
    ])
voxel_size = [
    0.05,
    0.05,
    0.1,
]
work_dir = 'C:\\Users\\temex\\Desktop\\mmdet3dProj\\NewAdvTrainingOutput'

2024/04/24 21:49:36 - mmengine - WARNING - Failed to search registry with scope "mmdet3d" in the "adversaries" registry tree. As a workaround, the current "adversaries" registry in "models" is used to build instance. This may cause unexpected failure when running the built modules. Please check whether "mmdet3d" is a correct scope, or whether the registry is initialized.
2024/04/24 21:49:36 - mmengine - INFO - Distributed training is not used, all SyncBatchNorm (SyncBN) layers in the model will be automatically reverted to BatchNormXd layers if they are used.
2024/04/24 21:49:36 - mmengine - INFO - Hooks will be executed in the following order:
before_run:
(VERY_HIGH   ) RuntimeInfoHook                    
(BELOW_NORMAL) LoggerHook                         
 -------------------- 
before_train:
(VERY_HIGH   ) RuntimeInfoHook                    
(NORMAL      ) IterTimerHook                      
(VERY_LOW    ) CheckpointHook                     
 -------------------- 
before_train_epoch:
(VERY_HIGH   ) RuntimeInfoHook                    
(NORMAL      ) IterTimerHook                      
(NORMAL      ) DistSamplerSeedHook                
 -------------------- 
before_train_iter:
(VERY_HIGH   ) RuntimeInfoHook                    
(NORMAL      ) IterTimerHook                      
 -------------------- 
after_train_iter:
(VERY_HIGH   ) RuntimeInfoHook                    
(NORMAL      ) IterTimerHook                      
(BELOW_NORMAL) LoggerHook                         
(LOW         ) ParamSchedulerHook                 
(VERY_LOW    ) CheckpointHook                     
 -------------------- 
after_train_epoch:
(NORMAL      ) IterTimerHook                      
(LOW         ) ParamSchedulerHook                 
(VERY_LOW    ) CheckpointHook                     
 -------------------- 
before_val:
(VERY_HIGH   ) RuntimeInfoHook                    
 -------------------- 
before_val_epoch:
(NORMAL      ) IterTimerHook                      
 -------------------- 
before_val_iter:
(NORMAL      ) IterTimerHook                      
 -------------------- 
after_val_iter:
(NORMAL      ) IterTimerHook                      
(NORMAL      ) Det3DVisualizationHook             
(BELOW_NORMAL) LoggerHook                         
 -------------------- 
after_val_epoch:
(VERY_HIGH   ) RuntimeInfoHook                    
(NORMAL      ) IterTimerHook                      
(BELOW_NORMAL) LoggerHook                         
(LOW         ) ParamSchedulerHook                 
(VERY_LOW    ) CheckpointHook                     
 -------------------- 
after_val:
(VERY_HIGH   ) RuntimeInfoHook                    
 -------------------- 
after_train:
(VERY_HIGH   ) RuntimeInfoHook                    
(VERY_LOW    ) CheckpointHook                     
 -------------------- 
before_test:
(VERY_HIGH   ) RuntimeInfoHook                    
 -------------------- 
before_test_epoch:
(NORMAL      ) IterTimerHook                      
 -------------------- 
before_test_iter:
(NORMAL      ) IterTimerHook                      
 -------------------- 
after_test_iter:
(NORMAL      ) IterTimerHook                      
(NORMAL      ) Det3DVisualizationHook             
(BELOW_NORMAL) LoggerHook                         
 -------------------- 
after_test_epoch:
(VERY_HIGH   ) RuntimeInfoHook                    
(NORMAL      ) IterTimerHook                      
(BELOW_NORMAL) LoggerHook                         
 -------------------- 
after_test:
(VERY_HIGH   ) RuntimeInfoHook                    
 -------------------- 
after_run:
(BELOW_NORMAL) LoggerHook                         
 -------------------- 
2024/04/24 21:49:37 - mmengine - INFO - load 2207 Pedestrian database infos in DataBaseSampler
2024/04/24 21:49:37 - mmengine - INFO - load 14357 Car database infos in DataBaseSampler
2024/04/24 21:49:37 - mmengine - INFO - load 734 Cyclist database infos in DataBaseSampler
2024/04/24 21:49:37 - mmengine - INFO - load 1297 Van database infos in DataBaseSampler
2024/04/24 21:49:37 - mmengine - INFO - load 488 Truck database infos in DataBaseSampler
2024/04/24 21:49:37 - mmengine - INFO - load 224 Tram database infos in DataBaseSampler
2024/04/24 21:49:37 - mmengine - INFO - load 337 Misc database infos in DataBaseSampler
2024/04/24 21:49:37 - mmengine - INFO - load 56 Person_sitting database infos in DataBaseSampler
2024/04/24 21:49:37 - mmengine - INFO - After filter database:
2024/04/24 21:49:37 - mmengine - INFO - load 2104 Pedestrian database infos in DataBaseSampler
2024/04/24 21:49:37 - mmengine - INFO - load 10520 Car database infos in DataBaseSampler
2024/04/24 21:49:37 - mmengine - INFO - load 594 Cyclist database infos in DataBaseSampler
2024/04/24 21:49:37 - mmengine - INFO - load 826 Van database infos in DataBaseSampler
2024/04/24 21:49:37 - mmengine - INFO - load 321 Truck database infos in DataBaseSampler
2024/04/24 21:49:37 - mmengine - INFO - load 199 Tram database infos in DataBaseSampler
2024/04/24 21:49:37 - mmengine - INFO - load 259 Misc database infos in DataBaseSampler
2024/04/24 21:49:37 - mmengine - INFO - load 53 Person_sitting database infos in DataBaseSampler
2024/04/24 21:49:41 - mmengine - INFO - ------------------------------
2024/04/24 21:49:41 - mmengine - INFO - The length of training dataset: 3712
2024/04/24 21:49:41 - mmengine - INFO - The number of instances per category in the dataset:
+----------+--------+
| category | number |
+----------+--------+
| Car      | 14357  |
+----------+--------+
2024/04/24 21:49:45 - mmengine - INFO - ------------------------------
2024/04/24 21:49:45 - mmengine - INFO - The length of test dataset: 3769
2024/04/24 21:49:45 - mmengine - INFO - The number of instances per category in the dataset:
+----------+--------+
| category | number |
+----------+--------+
| Car      | 14385  |
+----------+--------+
Name of parameter - Initialization information

backbone.blocks.0.0.weight - torch.Size([128, 256, 3, 3]): 
KaimingInit: a=0, mode=fan_out, nonlinearity=relu, distribution =normal, bias=0 

backbone.blocks.0.1.weight - torch.Size([128]): 
The value is the same before and after calling `init_weights` of AdversarialVoxelNet  

backbone.blocks.0.1.bias - torch.Size([128]): 
The value is the same before and after calling `init_weights` of AdversarialVoxelNet  

backbone.blocks.0.3.weight - torch.Size([128, 128, 3, 3]): 
KaimingInit: a=0, mode=fan_out, nonlinearity=relu, distribution =normal, bias=0 

backbone.blocks.0.4.weight - torch.Size([128]): 
The value is the same before and after calling `init_weights` of AdversarialVoxelNet  

backbone.blocks.0.4.bias - torch.Size([128]): 
The value is the same before and after calling `init_weights` of AdversarialVoxelNet  

backbone.blocks.0.6.weight - torch.Size([128, 128, 3, 3]): 
KaimingInit: a=0, mode=fan_out, nonlinearity=relu, distribution =normal, bias=0 

backbone.blocks.0.7.weight - torch.Size([128]): 
The value is the same before and after calling `init_weights` of AdversarialVoxelNet  

backbone.blocks.0.7.bias - torch.Size([128]): 
The value is the same before and after calling `init_weights` of AdversarialVoxelNet  

backbone.blocks.0.9.weight - torch.Size([128, 128, 3, 3]): 
KaimingInit: a=0, mode=fan_out, nonlinearity=relu, distribution =normal, bias=0 

backbone.blocks.0.10.weight - torch.Size([128]): 
The value is the same before and after calling `init_weights` of AdversarialVoxelNet  

backbone.blocks.0.10.bias - torch.Size([128]): 
The value is the same before and after calling `init_weights` of AdversarialVoxelNet  

backbone.blocks.0.12.weight - torch.Size([128, 128, 3, 3]): 
KaimingInit: a=0, mode=fan_out, nonlinearity=relu, distribution =normal, bias=0 

backbone.blocks.0.13.weight - torch.Size([128]): 
The value is the same before and after calling `init_weights` of AdversarialVoxelNet  

backbone.blocks.0.13.bias - torch.Size([128]): 
The value is the same before and after calling `init_weights` of AdversarialVoxelNet  

backbone.blocks.0.15.weight - torch.Size([128, 128, 3, 3]): 
KaimingInit: a=0, mode=fan_out, nonlinearity=relu, distribution =normal, bias=0 

backbone.blocks.0.16.weight - torch.Size([128]): 
The value is the same before and after calling `init_weights` of AdversarialVoxelNet  

backbone.blocks.0.16.bias - torch.Size([128]): 
The value is the same before and after calling `init_weights` of AdversarialVoxelNet  

backbone.blocks.1.0.weight - torch.Size([256, 128, 3, 3]): 
KaimingInit: a=0, mode=fan_out, nonlinearity=relu, distribution =normal, bias=0 

backbone.blocks.1.1.weight - torch.Size([256]): 
The value is the same before and after calling `init_weights` of AdversarialVoxelNet  

backbone.blocks.1.1.bias - torch.Size([256]): 
The value is the same before and after calling `init_weights` of AdversarialVoxelNet  

backbone.blocks.1.3.weight - torch.Size([256, 256, 3, 3]): 
KaimingInit: a=0, mode=fan_out, nonlinearity=relu, distribution =normal, bias=0 

backbone.blocks.1.4.weight - torch.Size([256]): 
The value is the same before and after calling `init_weights` of AdversarialVoxelNet  

backbone.blocks.1.4.bias - torch.Size([256]): 
The value is the same before and after calling `init_weights` of AdversarialVoxelNet  

backbone.blocks.1.6.weight - torch.Size([256, 256, 3, 3]): 
KaimingInit: a=0, mode=fan_out, nonlinearity=relu, distribution =normal, bias=0 

backbone.blocks.1.7.weight - torch.Size([256]): 
The value is the same before and after calling `init_weights` of AdversarialVoxelNet  

backbone.blocks.1.7.bias - torch.Size([256]): 
The value is the same before and after calling `init_weights` of AdversarialVoxelNet  

backbone.blocks.1.9.weight - torch.Size([256, 256, 3, 3]): 
KaimingInit: a=0, mode=fan_out, nonlinearity=relu, distribution =normal, bias=0 

backbone.blocks.1.10.weight - torch.Size([256]): 
The value is the same before and after calling `init_weights` of AdversarialVoxelNet  

backbone.blocks.1.10.bias - torch.Size([256]): 
The value is the same before and after calling `init_weights` of AdversarialVoxelNet  

backbone.blocks.1.12.weight - torch.Size([256, 256, 3, 3]): 
KaimingInit: a=0, mode=fan_out, nonlinearity=relu, distribution =normal, bias=0 

backbone.blocks.1.13.weight - torch.Size([256]): 
The value is the same before and after calling `init_weights` of AdversarialVoxelNet  

backbone.blocks.1.13.bias - torch.Size([256]): 
The value is the same before and after calling `init_weights` of AdversarialVoxelNet  

backbone.blocks.1.15.weight - torch.Size([256, 256, 3, 3]): 
KaimingInit: a=0, mode=fan_out, nonlinearity=relu, distribution =normal, bias=0 

backbone.blocks.1.16.weight - torch.Size([256]): 
The value is the same before and after calling `init_weights` of AdversarialVoxelNet  

backbone.blocks.1.16.bias - torch.Size([256]): 
The value is the same before and after calling `init_weights` of AdversarialVoxelNet  

neck.deblocks.0.0.weight - torch.Size([128, 256, 1, 1]): 
KaimingInit: a=0, mode=fan_out, nonlinearity=relu, distribution =normal, bias=0 

neck.deblocks.0.1.weight - torch.Size([256]): 
The value is the same before and after calling `init_weights` of AdversarialVoxelNet  

neck.deblocks.0.1.bias - torch.Size([256]): 
The value is the same before and after calling `init_weights` of AdversarialVoxelNet  

neck.deblocks.1.0.weight - torch.Size([256, 256, 2, 2]): 
KaimingInit: a=0, mode=fan_out, nonlinearity=relu, distribution =normal, bias=0 

neck.deblocks.1.1.weight - torch.Size([256]): 
The value is the same before and after calling `init_weights` of AdversarialVoxelNet  

neck.deblocks.1.1.bias - torch.Size([256]): 
The value is the same before and after calling `init_weights` of AdversarialVoxelNet  

bbox_head.conv_cls.weight - torch.Size([2, 512, 1, 1]): 
NormalInit: mean=0, std=0.01, bias=-4.59511985013459 

bbox_head.conv_cls.bias - torch.Size([2]): 
NormalInit: mean=0, std=0.01, bias=-4.59511985013459 

bbox_head.conv_reg.weight - torch.Size([14, 512, 1, 1]): 
NormalInit: mean=0, std=0.01, bias=0 

bbox_head.conv_reg.bias - torch.Size([14]): 
NormalInit: mean=0, std=0.01, bias=0 

bbox_head.conv_dir_cls.weight - torch.Size([4, 512, 1, 1]): 
NormalInit: mean=0, std=0.01, bias=0 

bbox_head.conv_dir_cls.bias - torch.Size([4]): 
NormalInit: mean=0, std=0.01, bias=0 

middle_encoder.conv_input.0.weight - torch.Size([16, 3, 3, 3, 4]): 
The value is the same before and after calling `init_weights` of AdversarialVoxelNet  

middle_encoder.conv_input.1.weight - torch.Size([16]): 
The value is the same before and after calling `init_weights` of AdversarialVoxelNet  

middle_encoder.conv_input.1.bias - torch.Size([16]): 
The value is the same before and after calling `init_weights` of AdversarialVoxelNet  

middle_encoder.encoder_layers.encoder_layer1.0.0.weight - torch.Size([16, 3, 3, 3, 16]): 
The value is the same before and after calling `init_weights` of AdversarialVoxelNet  

middle_encoder.encoder_layers.encoder_layer1.0.1.weight - torch.Size([16]): 
The value is the same before and after calling `init_weights` of AdversarialVoxelNet  

middle_encoder.encoder_layers.encoder_layer1.0.1.bias - torch.Size([16]): 
The value is the same before and after calling `init_weights` of AdversarialVoxelNet  

middle_encoder.encoder_layers.encoder_layer2.0.0.weight - torch.Size([32, 3, 3, 3, 16]): 
The value is the same before and after calling `init_weights` of AdversarialVoxelNet  

middle_encoder.encoder_layers.encoder_layer2.0.1.weight - torch.Size([32]): 
The value is the same before and after calling `init_weights` of AdversarialVoxelNet  

middle_encoder.encoder_layers.encoder_layer2.0.1.bias - torch.Size([32]): 
The value is the same before and after calling `init_weights` of AdversarialVoxelNet  

middle_encoder.encoder_layers.encoder_layer2.1.0.weight - torch.Size([32, 3, 3, 3, 32]): 
The value is the same before and after calling `init_weights` of AdversarialVoxelNet  

middle_encoder.encoder_layers.encoder_layer2.1.1.weight - torch.Size([32]): 
The value is the same before and after calling `init_weights` of AdversarialVoxelNet  

middle_encoder.encoder_layers.encoder_layer2.1.1.bias - torch.Size([32]): 
The value is the same before and after calling `init_weights` of AdversarialVoxelNet  

middle_encoder.encoder_layers.encoder_layer2.2.0.weight - torch.Size([32, 3, 3, 3, 32]): 
The value is the same before and after calling `init_weights` of AdversarialVoxelNet  

middle_encoder.encoder_layers.encoder_layer2.2.1.weight - torch.Size([32]): 
The value is the same before and after calling `init_weights` of AdversarialVoxelNet  

middle_encoder.encoder_layers.encoder_layer2.2.1.bias - torch.Size([32]): 
The value is the same before and after calling `init_weights` of AdversarialVoxelNet  

middle_encoder.encoder_layers.encoder_layer3.0.0.weight - torch.Size([64, 3, 3, 3, 32]): 
The value is the same before and after calling `init_weights` of AdversarialVoxelNet  

middle_encoder.encoder_layers.encoder_layer3.0.1.weight - torch.Size([64]): 
The value is the same before and after calling `init_weights` of AdversarialVoxelNet  

middle_encoder.encoder_layers.encoder_layer3.0.1.bias - torch.Size([64]): 
The value is the same before and after calling `init_weights` of AdversarialVoxelNet  

middle_encoder.encoder_layers.encoder_layer3.1.0.weight - torch.Size([64, 3, 3, 3, 64]): 
The value is the same before and after calling `init_weights` of AdversarialVoxelNet  

middle_encoder.encoder_layers.encoder_layer3.1.1.weight - torch.Size([64]): 
The value is the same before and after calling `init_weights` of AdversarialVoxelNet  

middle_encoder.encoder_layers.encoder_layer3.1.1.bias - torch.Size([64]): 
The value is the same before and after calling `init_weights` of AdversarialVoxelNet  

middle_encoder.encoder_layers.encoder_layer3.2.0.weight - torch.Size([64, 3, 3, 3, 64]): 
The value is the same before and after calling `init_weights` of AdversarialVoxelNet  

middle_encoder.encoder_layers.encoder_layer3.2.1.weight - torch.Size([64]): 
The value is the same before and after calling `init_weights` of AdversarialVoxelNet  

middle_encoder.encoder_layers.encoder_layer3.2.1.bias - torch.Size([64]): 
The value is the same before and after calling `init_weights` of AdversarialVoxelNet  

middle_encoder.encoder_layers.encoder_layer4.0.0.weight - torch.Size([64, 3, 3, 3, 64]): 
The value is the same before and after calling `init_weights` of AdversarialVoxelNet  

middle_encoder.encoder_layers.encoder_layer4.0.1.weight - torch.Size([64]): 
The value is the same before and after calling `init_weights` of AdversarialVoxelNet  

middle_encoder.encoder_layers.encoder_layer4.0.1.bias - torch.Size([64]): 
The value is the same before and after calling `init_weights` of AdversarialVoxelNet  

middle_encoder.encoder_layers.encoder_layer4.1.0.weight - torch.Size([64, 3, 3, 3, 64]): 
The value is the same before and after calling `init_weights` of AdversarialVoxelNet  

middle_encoder.encoder_layers.encoder_layer4.1.1.weight - torch.Size([64]): 
The value is the same before and after calling `init_weights` of AdversarialVoxelNet  

middle_encoder.encoder_layers.encoder_layer4.1.1.bias - torch.Size([64]): 
The value is the same before and after calling `init_weights` of AdversarialVoxelNet  

middle_encoder.encoder_layers.encoder_layer4.2.0.weight - torch.Size([64, 3, 3, 3, 64]): 
The value is the same before and after calling `init_weights` of AdversarialVoxelNet  

middle_encoder.encoder_layers.encoder_layer4.2.1.weight - torch.Size([64]): 
The value is the same before and after calling `init_weights` of AdversarialVoxelNet  

middle_encoder.encoder_layers.encoder_layer4.2.1.bias - torch.Size([64]): 
The value is the same before and after calling `init_weights` of AdversarialVoxelNet  

middle_encoder.conv_out.0.weight - torch.Size([128, 3, 1, 1, 64]): 
The value is the same before and after calling `init_weights` of AdversarialVoxelNet  

middle_encoder.conv_out.1.weight - torch.Size([128]): 
The value is the same before and after calling `init_weights` of AdversarialVoxelNet  

middle_encoder.conv_out.1.bias - torch.Size([128]): 
The value is the same before and after calling `init_weights` of AdversarialVoxelNet  

adversary.model.1.weight - torch.Size([4, 4, 1]): 
The value is the same before and after calling `init_weights` of AdversarialVoxelNet  

adversary.model.1.bias - torch.Size([4]): 
The value is the same before and after calling `init_weights` of AdversarialVoxelNet  

adversary.model.2.weight - torch.Size([4]): 
The value is the same before and after calling `init_weights` of AdversarialVoxelNet  

adversary.model.2.bias - torch.Size([4]): 
The value is the same before and after calling `init_weights` of AdversarialVoxelNet  

adversary.model.4.weight - torch.Size([8, 4, 1]): 
The value is the same before and after calling `init_weights` of AdversarialVoxelNet  

adversary.model.4.bias - torch.Size([8]): 
The value is the same before and after calling `init_weights` of AdversarialVoxelNet  

adversary.model.5.weight - torch.Size([8]): 
The value is the same before and after calling `init_weights` of AdversarialVoxelNet  

adversary.model.5.bias - torch.Size([8]): 
The value is the same before and after calling `init_weights` of AdversarialVoxelNet  

adversary.model.7.weight - torch.Size([16, 8, 1]): 
The value is the same before and after calling `init_weights` of AdversarialVoxelNet  

adversary.model.7.bias - torch.Size([16]): 
The value is the same before and after calling `init_weights` of AdversarialVoxelNet  

adversary.model.8.weight - torch.Size([16]): 
The value is the same before and after calling `init_weights` of AdversarialVoxelNet  

adversary.model.8.bias - torch.Size([16]): 
The value is the same before and after calling `init_weights` of AdversarialVoxelNet  

adversary.model.10.weight - torch.Size([32, 16, 1]): 
The value is the same before and after calling `init_weights` of AdversarialVoxelNet  

adversary.model.10.bias - torch.Size([32]): 
The value is the same before and after calling `init_weights` of AdversarialVoxelNet  

adversary.model.11.weight - torch.Size([32]): 
The value is the same before and after calling `init_weights` of AdversarialVoxelNet  

adversary.model.11.bias - torch.Size([32]): 
The value is the same before and after calling `init_weights` of AdversarialVoxelNet  

adversary.model.13.weight - torch.Size([16, 32, 1]): 
The value is the same before and after calling `init_weights` of AdversarialVoxelNet  

adversary.model.13.bias - torch.Size([16]): 
The value is the same before and after calling `init_weights` of AdversarialVoxelNet  

adversary.model.14.weight - torch.Size([16]): 
The value is the same before and after calling `init_weights` of AdversarialVoxelNet  

adversary.model.14.bias - torch.Size([16]): 
The value is the same before and after calling `init_weights` of AdversarialVoxelNet  

adversary.model.16.weight - torch.Size([8, 16, 1]): 
The value is the same before and after calling `init_weights` of AdversarialVoxelNet  

adversary.model.16.bias - torch.Size([8]): 
The value is the same before and after calling `init_weights` of AdversarialVoxelNet  

adversary.model.17.weight - torch.Size([8]): 
The value is the same before and after calling `init_weights` of AdversarialVoxelNet  

adversary.model.17.bias - torch.Size([8]): 
The value is the same before and after calling `init_weights` of AdversarialVoxelNet  

adversary.model.19.weight - torch.Size([4, 8, 1]): 
The value is the same before and after calling `init_weights` of AdversarialVoxelNet  

adversary.model.19.bias - torch.Size([4]): 
The value is the same before and after calling `init_weights` of AdversarialVoxelNet  

adversary.model.20.weight - torch.Size([4]): 
The value is the same before and after calling `init_weights` of AdversarialVoxelNet  

adversary.model.20.bias - torch.Size([4]): 
The value is the same before and after calling `init_weights` of AdversarialVoxelNet  

adversary.model.22.weight - torch.Size([4, 4, 1]): 
The value is the same before and after calling `init_weights` of AdversarialVoxelNet  

adversary.model.22.bias - torch.Size([4]): 
The value is the same before and after calling `init_weights` of AdversarialVoxelNet  

adversary.model.23.weight - torch.Size([4]): 
The value is the same before and after calling `init_weights` of AdversarialVoxelNet  

adversary.model.23.bias - torch.Size([4]): 
The value is the same before and after calling `init_weights` of AdversarialVoxelNet  
2024/04/24 21:49:47 - mmengine - INFO - Load checkpoint from C:\Users\temex\Desktop\mmdet3dProj\checkpoints\second_hv_secfpn_8xb6-80e_kitti-3d-car-75d9305e.pth
2024/04/24 21:49:47 - mmengine - WARNING - "FileClient" will be deprecated in future. Please use io functions in https://mmengine.readthedocs.io/en/latest/api/fileio.html#file-io
2024/04/24 21:49:47 - mmengine - WARNING - "HardDiskBackend" is the alias of "LocalBackend" and the former will be deprecated in future.
2024/04/24 21:49:47 - mmengine - INFO - Checkpoints will be saved to C:\Users\temex\Desktop\mmdet3dProj\NewAdvTrainingOutput.
2024/04/24 21:51:19 - mmengine - INFO - Epoch(train) [1][  50/1238]  lr: 1.8002e-03  eta: 0:36:31  time: 1.8445  data_time: 1.3478  memory: 3132  grad_norm: 0.7981  loss: 0.2732  loss_cls: 0.0827  loss_bbox: 0.1732  loss_dir: 0.0173
2024/04/24 21:51:32 - mmengine - INFO - Epoch(train) [1][ 100/1238]  lr: 1.8010e-03  eta: 0:20:00  time: 0.2661  data_time: 0.0036  memory: 3162  grad_norm: 0.6137  loss: 0.2875  loss_cls: 0.0890  loss_bbox: 0.1787  loss_dir: 0.0199
2024/04/24 21:51:46 - mmengine - INFO - Epoch(train) [1][ 150/1238]  lr: 1.8023e-03  eta: 0:14:22  time: 0.2677  data_time: 0.0025  memory: 3169  grad_norm: 0.6058  loss: 0.2644  loss_cls: 0.0843  loss_bbox: 0.1639  loss_dir: 0.0161
2024/04/24 21:51:59 - mmengine - INFO - Epoch(train) [1][ 200/1238]  lr: 1.8040e-03  eta: 0:11:26  time: 0.2673  data_time: 0.0028  memory: 3141  grad_norm: 0.6174  loss: 0.2707  loss_cls: 0.0820  loss_bbox: 0.1696  loss_dir: 0.0191
2024/04/24 21:52:13 - mmengine - INFO - Epoch(train) [1][ 250/1238]  lr: 1.8063e-03  eta: 0:09:35  time: 0.2686  data_time: 0.0030  memory: 3156  grad_norm: 0.5625  loss: 0.2675  loss_cls: 0.0794  loss_bbox: 0.1724  loss_dir: 0.0157
2024/04/24 21:52:26 - mmengine - INFO - Epoch(train) [1][ 300/1238]  lr: 1.8091e-03  eta: 0:08:18  time: 0.2719  data_time: 0.0029  memory: 3160  grad_norm: 0.6221  loss: 0.2679  loss_cls: 0.0809  loss_bbox: 0.1697  loss_dir: 0.0174
2024/04/24 21:52:40 - mmengine - INFO - Epoch(train) [1][ 350/1238]  lr: 1.8124e-03  eta: 0:07:18  time: 0.2700  data_time: 0.0025  memory: 3131  grad_norm: 0.5590  loss: 0.2728  loss_cls: 0.0810  loss_bbox: 0.1741  loss_dir: 0.0177
2024/04/24 21:52:53 - mmengine - INFO - Epoch(train) [1][ 400/1238]  lr: 1.8162e-03  eta: 0:06:30  time: 0.2710  data_time: 0.0033  memory: 3117  grad_norm: 0.6038  loss: 0.2636  loss_cls: 0.0809  loss_bbox: 0.1650  loss_dir: 0.0177
2024/04/24 21:53:07 - mmengine - INFO - Epoch(train) [1][ 450/1238]  lr: 1.8205e-03  eta: 0:05:50  time: 0.2742  data_time: 0.0032  memory: 3121  grad_norm: 0.6268  loss: 0.2637  loss_cls: 0.0807  loss_bbox: 0.1687  loss_dir: 0.0142
2024/04/24 21:53:21 - mmengine - INFO - Epoch(train) [1][ 500/1238]  lr: 1.8254e-03  eta: 0:05:15  time: 0.2728  data_time: 0.0035  memory: 3127  grad_norm: 0.6061  loss: 0.2377  loss_cls: 0.0724  loss_bbox: 0.1516  loss_dir: 0.0137
2024/04/24 21:53:34 - mmengine - INFO - Epoch(train) [1][ 550/1238]  lr: 1.8307e-03  eta: 0:04:44  time: 0.2734  data_time: 0.0030  memory: 3129  grad_norm: 0.6198  loss: 0.2688  loss_cls: 0.0783  loss_bbox: 0.1744  loss_dir: 0.0161
2024/04/24 21:53:48 - mmengine - INFO - Epoch(train) [1][ 600/1238]  lr: 1.8365e-03  eta: 0:04:16  time: 0.2731  data_time: 0.0027  memory: 3139  grad_norm: 0.5764  loss: 0.2689  loss_cls: 0.0822  loss_bbox: 0.1696  loss_dir: 0.0170
2024/04/24 21:54:01 - mmengine - INFO - Epoch(train) [1][ 650/1238]  lr: 1.8429e-03  eta: 0:03:50  time: 0.2711  data_time: 0.0024  memory: 3180  grad_norm: 0.5449  loss: 0.2450  loss_cls: 0.0759  loss_bbox: 0.1532  loss_dir: 0.0159
2024/04/24 21:54:15 - mmengine - INFO - Epoch(train) [1][ 700/1238]  lr: 1.8497e-03  eta: 0:03:25  time: 0.2685  data_time: 0.0029  memory: 3130  grad_norm: 0.5537  loss: 0.2593  loss_cls: 0.0793  loss_bbox: 0.1615  loss_dir: 0.0186
2024/04/24 21:54:28 - mmengine - INFO - Epoch(train) [1][ 750/1238]  lr: 1.8571e-03  eta: 0:03:03  time: 0.2724  data_time: 0.0020  memory: 3145  grad_norm: 0.6036  loss: 0.2689  loss_cls: 0.0813  loss_bbox: 0.1708  loss_dir: 0.0168
2024/04/24 21:54:42 - mmengine - INFO - Epoch(train) [1][ 800/1238]  lr: 1.8650e-03  eta: 0:02:41  time: 0.2696  data_time: 0.0028  memory: 3162  grad_norm: 0.5934  loss: 0.2599  loss_cls: 0.0766  loss_bbox: 0.1674  loss_dir: 0.0159
2024/04/24 21:54:56 - mmengine - INFO - Epoch(train) [1][ 850/1238]  lr: 1.8733e-03  eta: 0:02:20  time: 0.2708  data_time: 0.0031  memory: 3152  grad_norm: 0.5303  loss: 0.2540  loss_cls: 0.0734  loss_bbox: 0.1647  loss_dir: 0.0159
2024/04/24 21:55:09 - mmengine - INFO - Epoch(train) [1][ 900/1238]  lr: 1.8822e-03  eta: 0:02:01  time: 0.2718  data_time: 0.0028  memory: 3150  grad_norm: 0.6002  loss: 0.2774  loss_cls: 0.0864  loss_bbox: 0.1733  loss_dir: 0.0176
2024/04/24 21:55:23 - mmengine - INFO - Epoch(train) [1][ 950/1238]  lr: 1.8916e-03  eta: 0:01:41  time: 0.2738  data_time: 0.0025  memory: 3180  grad_norm: 0.5964  loss: 0.2578  loss_cls: 0.0787  loss_bbox: 0.1634  loss_dir: 0.0158
2024/04/24 21:55:36 - mmengine - INFO - Exp name: adversarial-second_hv_secfpn_8xb6-80e_kitti-3d-car_20240424_214930
2024/04/24 21:55:36 - mmengine - INFO - Epoch(train) [1][1000/1238]  lr: 1.9015e-03  eta: 0:01:23  time: 0.2725  data_time: 0.0028  memory: 3146  grad_norm: 0.5511  loss: 0.2668  loss_cls: 0.0809  loss_bbox: 0.1694  loss_dir: 0.0164
2024/04/24 21:55:50 - mmengine - INFO - Epoch(train) [1][1050/1238]  lr: 1.9118e-03  eta: 0:01:05  time: 0.2730  data_time: 0.0020  memory: 3157  grad_norm: 0.5632  loss: 0.2606  loss_cls: 0.0777  loss_bbox: 0.1668  loss_dir: 0.0160
2024/04/24 21:56:04 - mmengine - INFO - Epoch(train) [1][1100/1238]  lr: 1.9227e-03  eta: 0:00:47  time: 0.2728  data_time: 0.0023  memory: 3125  grad_norm: 0.6329  loss: 0.2703  loss_cls: 0.0810  loss_bbox: 0.1720  loss_dir: 0.0173
2024/04/24 21:56:17 - mmengine - INFO - Epoch(train) [1][1150/1238]  lr: 1.9341e-03  eta: 0:00:29  time: 0.2706  data_time: 0.0020  memory: 3150  grad_norm: 0.5937  loss: 0.2694  loss_cls: 0.0830  loss_bbox: 0.1696  loss_dir: 0.0167
2024/04/24 21:56:31 - mmengine - INFO - Epoch(train) [1][1200/1238]  lr: 1.9460e-03  eta: 0:00:12  time: 0.2724  data_time: 0.0028  memory: 3145  grad_norm: 0.5629  loss: 0.2606  loss_cls: 0.0797  loss_bbox: 0.1638  loss_dir: 0.0171
2024/04/24 21:56:41 - mmengine - INFO - Exp name: adversarial-second_hv_secfpn_8xb6-80e_kitti-3d-car_20240424_214930
2024/04/24 21:56:41 - mmengine - INFO - Saving checkpoint at 1 epochs
2024/04/24 21:56:56 - mmengine - INFO - Epoch(val) [1][  50/3769]    eta: 0:17:46  time: 0.2868  data_time: 0.2484  memory: 3134  
2024/04/24 21:56:58 - mmengine - INFO - Epoch(val) [1][ 100/3769]    eta: 0:09:46  time: 0.0327  data_time: 0.0004  memory: 250  
2024/04/24 21:56:59 - mmengine - INFO - Epoch(val) [1][ 150/3769]    eta: 0:07:05  time: 0.0331  data_time: 0.0006  memory: 250  
2024/04/24 21:57:01 - mmengine - INFO - Epoch(val) [1][ 200/3769]    eta: 0:05:45  time: 0.0341  data_time: 0.0023  memory: 250  
2024/04/24 21:57:03 - mmengine - INFO - Epoch(val) [1][ 250/3769]    eta: 0:04:55  time: 0.0327  data_time: 0.0003  memory: 250  
2024/04/24 21:57:04 - mmengine - INFO - Epoch(val) [1][ 300/3769]    eta: 0:04:21  time: 0.0323  data_time: 0.0008  memory: 250  
2024/04/24 21:57:06 - mmengine - INFO - Epoch(val) [1][ 350/3769]    eta: 0:03:56  time: 0.0323  data_time: 0.0005  memory: 249  
2024/04/24 21:57:08 - mmengine - INFO - Epoch(val) [1][ 400/3769]    eta: 0:03:37  time: 0.0322  data_time: 0.0013  memory: 250  
2024/04/24 21:57:09 - mmengine - INFO - Epoch(val) [1][ 450/3769]    eta: 0:03:22  time: 0.0325  data_time: 0.0004  memory: 250  
2024/04/24 21:57:11 - mmengine - INFO - Epoch(val) [1][ 500/3769]    eta: 0:03:09  time: 0.0320  data_time: 0.0003  memory: 250  
2024/04/24 21:57:12 - mmengine - INFO - Epoch(val) [1][ 550/3769]    eta: 0:02:59  time: 0.0325  data_time: 0.0007  memory: 250  
2024/04/24 21:57:14 - mmengine - INFO - Epoch(val) [1][ 600/3769]    eta: 0:02:50  time: 0.0337  data_time: 0.0005  memory: 250  
2024/04/24 21:57:16 - mmengine - INFO - Epoch(val) [1][ 650/3769]    eta: 0:02:43  time: 0.0327  data_time: 0.0003  memory: 250  
2024/04/24 21:57:17 - mmengine - INFO - Epoch(val) [1][ 700/3769]    eta: 0:02:36  time: 0.0323  data_time: 0.0009  memory: 250  
2024/04/24 21:57:19 - mmengine - INFO - Epoch(val) [1][ 750/3769]    eta: 0:02:29  time: 0.0326  data_time: 0.0007  memory: 250  
2024/04/24 21:57:21 - mmengine - INFO - Epoch(val) [1][ 800/3769]    eta: 0:02:24  time: 0.0329  data_time: 0.0008  memory: 250  
2024/04/24 21:57:22 - mmengine - INFO - Epoch(val) [1][ 850/3769]    eta: 0:02:19  time: 0.0329  data_time: 0.0007  memory: 250  
2024/04/24 21:57:24 - mmengine - INFO - Epoch(val) [1][ 900/3769]    eta: 0:02:14  time: 0.0335  data_time: 0.0010  memory: 250  
2024/04/24 21:57:26 - mmengine - INFO - Epoch(val) [1][ 950/3769]    eta: 0:02:10  time: 0.0329  data_time: 0.0006  memory: 250  
2024/04/24 21:57:27 - mmengine - INFO - Epoch(val) [1][1000/3769]    eta: 0:02:05  time: 0.0323  data_time: 0.0002  memory: 250  
2024/04/24 21:57:29 - mmengine - INFO - Epoch(val) [1][1050/3769]    eta: 0:02:01  time: 0.0322  data_time: 0.0007  memory: 250  
2024/04/24 21:57:31 - mmengine - INFO - Epoch(val) [1][1100/3769]    eta: 0:01:58  time: 0.0327  data_time: 0.0007  memory: 250  
2024/04/24 21:57:32 - mmengine - INFO - Epoch(val) [1][1150/3769]    eta: 0:01:54  time: 0.0329  data_time: 0.0010  memory: 250  
2024/04/24 21:57:34 - mmengine - INFO - Epoch(val) [1][1200/3769]    eta: 0:01:51  time: 0.0327  data_time: 0.0004  memory: 250  
2024/04/24 21:57:35 - mmengine - INFO - Epoch(val) [1][1250/3769]    eta: 0:01:48  time: 0.0334  data_time: 0.0002  memory: 250  
2024/04/24 21:57:37 - mmengine - INFO - Epoch(val) [1][1300/3769]    eta: 0:01:44  time: 0.0327  data_time: 0.0002  memory: 250  
2024/04/24 21:57:39 - mmengine - INFO - Epoch(val) [1][1350/3769]    eta: 0:01:41  time: 0.0326  data_time: 0.0004  memory: 250  
2024/04/24 21:57:40 - mmengine - INFO - Epoch(val) [1][1400/3769]    eta: 0:01:39  time: 0.0329  data_time: 0.0005  memory: 250  
2024/04/24 21:57:42 - mmengine - INFO - Epoch(val) [1][1450/3769]    eta: 0:01:36  time: 0.0331  data_time: 0.0005  memory: 250  
2024/04/24 21:57:44 - mmengine - INFO - Epoch(val) [1][1500/3769]    eta: 0:01:33  time: 0.0329  data_time: 0.0003  memory: 250  
2024/04/24 21:57:45 - mmengine - INFO - Epoch(val) [1][1550/3769]    eta: 0:01:30  time: 0.0331  data_time: 0.0005  memory: 250  
2024/04/24 21:57:47 - mmengine - INFO - Epoch(val) [1][1600/3769]    eta: 0:01:28  time: 0.0330  data_time: 0.0002  memory: 250  
2024/04/24 21:57:49 - mmengine - INFO - Epoch(val) [1][1650/3769]    eta: 0:01:25  time: 0.0326  data_time: 0.0004  memory: 250  
2024/04/24 21:57:50 - mmengine - INFO - Epoch(val) [1][1700/3769]    eta: 0:01:23  time: 0.0328  data_time: 0.0007  memory: 250  
2024/04/24 21:57:52 - mmengine - INFO - Epoch(val) [1][1750/3769]    eta: 0:01:20  time: 0.0323  data_time: 0.0004  memory: 250  
2024/04/24 21:57:54 - mmengine - INFO - Epoch(val) [1][1800/3769]    eta: 0:01:18  time: 0.0327  data_time: 0.0004  memory: 250  
2024/04/24 21:57:55 - mmengine - INFO - Epoch(val) [1][1850/3769]    eta: 0:01:16  time: 0.0325  data_time: 0.0001  memory: 250  
2024/04/24 21:57:57 - mmengine - INFO - Epoch(val) [1][1900/3769]    eta: 0:01:13  time: 0.0330  data_time: 0.0007  memory: 250  
2024/04/24 21:57:58 - mmengine - INFO - Epoch(val) [1][1950/3769]    eta: 0:01:11  time: 0.0334  data_time: 0.0005  memory: 250  
2024/04/24 21:58:00 - mmengine - INFO - Epoch(val) [1][2000/3769]    eta: 0:01:09  time: 0.0338  data_time: 0.0003  memory: 250  
2024/04/24 21:58:02 - mmengine - INFO - Epoch(val) [1][2050/3769]    eta: 0:01:07  time: 0.0329  data_time: 0.0003  memory: 250  
2024/04/24 21:58:03 - mmengine - INFO - Epoch(val) [1][2100/3769]    eta: 0:01:04  time: 0.0323  data_time: 0.0005  memory: 250  
2024/04/24 21:58:05 - mmengine - INFO - Epoch(val) [1][2150/3769]    eta: 0:01:02  time: 0.0325  data_time: 0.0006  memory: 250  
2024/04/24 21:58:07 - mmengine - INFO - Epoch(val) [1][2200/3769]    eta: 0:01:00  time: 0.0323  data_time: 0.0003  memory: 250  
2024/04/24 21:58:08 - mmengine - INFO - Epoch(val) [1][2250/3769]    eta: 0:00:58  time: 0.0326  data_time: 0.0002  memory: 250  
2024/04/24 21:58:10 - mmengine - INFO - Epoch(val) [1][2300/3769]    eta: 0:00:56  time: 0.0326  data_time: 0.0008  memory: 250  
2024/04/24 21:58:12 - mmengine - INFO - Epoch(val) [1][2350/3769]    eta: 0:00:54  time: 0.0325  data_time: 0.0001  memory: 250  
2024/04/24 21:58:13 - mmengine - INFO - Epoch(val) [1][2400/3769]    eta: 0:00:52  time: 0.0327  data_time: 0.0006  memory: 250  
2024/04/24 21:58:15 - mmengine - INFO - Epoch(val) [1][2450/3769]    eta: 0:00:50  time: 0.0326  data_time: 0.0005  memory: 250  
2024/04/24 21:58:17 - mmengine - INFO - Epoch(val) [1][2500/3769]    eta: 0:00:48  time: 0.0337  data_time: 0.0007  memory: 250  
2024/04/24 21:58:18 - mmengine - INFO - Epoch(val) [1][2550/3769]    eta: 0:00:46  time: 0.0322  data_time: 0.0003  memory: 250  
2024/04/24 21:58:20 - mmengine - INFO - Epoch(val) [1][2600/3769]    eta: 0:00:43  time: 0.0321  data_time: 0.0005  memory: 250  
2024/04/24 21:58:21 - mmengine - INFO - Epoch(val) [1][2650/3769]    eta: 0:00:42  time: 0.0327  data_time: 0.0005  memory: 250  
2024/04/24 21:58:23 - mmengine - INFO - Epoch(val) [1][2700/3769]    eta: 0:00:40  time: 0.0328  data_time: 0.0009  memory: 250  
2024/04/24 21:58:25 - mmengine - INFO - Epoch(val) [1][2750/3769]    eta: 0:00:38  time: 0.0328  data_time: 0.0004  memory: 250  
2024/04/24 21:58:26 - mmengine - INFO - Epoch(val) [1][2800/3769]    eta: 0:00:36  time: 0.0327  data_time: 0.0004  memory: 250  
2024/04/24 21:58:28 - mmengine - INFO - Epoch(val) [1][2850/3769]    eta: 0:00:34  time: 0.0323  data_time: 0.0003  memory: 250  
2024/04/24 21:58:30 - mmengine - INFO - Epoch(val) [1][2900/3769]    eta: 0:00:32  time: 0.0325  data_time: 0.0005  memory: 250  
2024/04/24 21:58:31 - mmengine - INFO - Epoch(val) [1][2950/3769]    eta: 0:00:30  time: 0.0323  data_time: 0.0004  memory: 250  
2024/04/24 21:58:33 - mmengine - INFO - Epoch(val) [1][3000/3769]    eta: 0:00:28  time: 0.0335  data_time: 0.0007  memory: 250  
2024/04/24 21:58:35 - mmengine - INFO - Epoch(val) [1][3050/3769]    eta: 0:00:26  time: 0.0329  data_time: 0.0001  memory: 250  
2024/04/24 21:58:36 - mmengine - INFO - Epoch(val) [1][3100/3769]    eta: 0:00:24  time: 0.0326  data_time: 0.0002  memory: 250  
2024/04/24 21:58:38 - mmengine - INFO - Epoch(val) [1][3150/3769]    eta: 0:00:22  time: 0.0324  data_time: 0.0003  memory: 250  
2024/04/24 21:58:39 - mmengine - INFO - Epoch(val) [1][3200/3769]    eta: 0:00:20  time: 0.0323  data_time: 0.0004  memory: 250  
2024/04/24 21:58:41 - mmengine - INFO - Epoch(val) [1][3250/3769]    eta: 0:00:19  time: 0.0323  data_time: 0.0003  memory: 250  
2024/04/24 21:58:43 - mmengine - INFO - Epoch(val) [1][3300/3769]    eta: 0:00:17  time: 0.0324  data_time: 0.0005  memory: 250  
2024/04/24 21:58:44 - mmengine - INFO - Epoch(val) [1][3350/3769]    eta: 0:00:15  time: 0.0332  data_time: 0.0005  memory: 250  
2024/04/24 21:58:46 - mmengine - INFO - Epoch(val) [1][3400/3769]    eta: 0:00:13  time: 0.0325  data_time: 0.0005  memory: 250  
2024/04/24 21:58:48 - mmengine - INFO - Epoch(val) [1][3450/3769]    eta: 0:00:11  time: 0.0327  data_time: 0.0001  memory: 250  
2024/04/24 21:58:49 - mmengine - INFO - Epoch(val) [1][3500/3769]    eta: 0:00:09  time: 0.0332  data_time: 0.0002  memory: 250  
2024/04/24 21:58:51 - mmengine - INFO - Epoch(val) [1][3550/3769]    eta: 0:00:07  time: 0.0332  data_time: 0.0003  memory: 250  
2024/04/24 21:58:53 - mmengine - INFO - Epoch(val) [1][3600/3769]    eta: 0:00:06  time: 0.0330  data_time: 0.0002  memory: 250  
2024/04/24 21:58:54 - mmengine - INFO - Epoch(val) [1][3650/3769]    eta: 0:00:04  time: 0.0334  data_time: 0.0002  memory: 250  
2024/04/24 21:58:56 - mmengine - INFO - Epoch(val) [1][3700/3769]    eta: 0:00:02  time: 0.0321  data_time: 0.0002  memory: 250  
2024/04/24 21:58:57 - mmengine - INFO - Epoch(val) [1][3750/3769]    eta: 0:00:00  time: 0.0323  data_time: 0.0005  memory: 250  
2024/04/24 21:59:51 - mmengine - INFO - Results of pred_instances_3d:

----------- AP11 Results ------------

Car AP11@0.70, 0.70, 0.70:
bbox AP11:95.1370, 89.4079, 87.7400
bev  AP11:90.1168, 86.6494, 84.3530
3d   AP11:87.9356, 77.5100, 74.3360
aos  AP11:94.91, 88.71, 86.74
Car AP11@0.70, 0.50, 0.50:
bbox AP11:95.1370, 89.4079, 87.7400
bev  AP11:95.2719, 89.9860, 88.7936
3d   AP11:95.2337, 89.8884, 88.5768
aos  AP11:94.91, 88.71, 86.74

----------- AP40 Results ------------

Car AP40@0.70, 0.70, 0.70:
bbox AP40:97.7162, 92.1368, 89.0645
bev  AP40:94.1636, 88.2006, 85.1239
3d   AP40:89.9330, 78.8982, 75.1304
aos  AP40:97.48, 91.37, 87.99
Car AP40@0.70, 0.50, 0.50:
bbox AP40:97.7162, 92.1368, 89.0645
bev  AP40:97.8714, 94.6959, 91.7879
3d   AP40:97.8410, 94.4554, 91.5163
aos  AP40:97.48, 91.37, 87.99

2024/04/24 21:59:51 - mmengine - INFO - Epoch(val) [1][3769/3769]    Kitti metric/pred_instances_3d/KITTI/Car_3D_AP11_easy_strict: 87.9356  Kitti metric/pred_instances_3d/KITTI/Car_BEV_AP11_easy_strict: 90.1168  Kitti metric/pred_instances_3d/KITTI/Car_2D_AP11_easy_strict: 95.1370  Kitti metric/pred_instances_3d/KITTI/Car_3D_AP11_moderate_strict: 77.5100  Kitti metric/pred_instances_3d/KITTI/Car_BEV_AP11_moderate_strict: 86.6494  Kitti metric/pred_instances_3d/KITTI/Car_2D_AP11_moderate_strict: 89.4079  Kitti metric/pred_instances_3d/KITTI/Car_3D_AP11_hard_strict: 74.3360  Kitti metric/pred_instances_3d/KITTI/Car_BEV_AP11_hard_strict: 84.3530  Kitti metric/pred_instances_3d/KITTI/Car_2D_AP11_hard_strict: 87.7400  Kitti metric/pred_instances_3d/KITTI/Car_3D_AP11_easy_loose: 95.2337  Kitti metric/pred_instances_3d/KITTI/Car_BEV_AP11_easy_loose: 95.2719  Kitti metric/pred_instances_3d/KITTI/Car_2D_AP11_easy_loose: 95.1370  Kitti metric/pred_instances_3d/KITTI/Car_3D_AP11_moderate_loose: 89.8884  Kitti metric/pred_instances_3d/KITTI/Car_BEV_AP11_moderate_loose: 89.9860  Kitti metric/pred_instances_3d/KITTI/Car_2D_AP11_moderate_loose: 89.4079  Kitti metric/pred_instances_3d/KITTI/Car_3D_AP11_hard_loose: 88.5768  Kitti metric/pred_instances_3d/KITTI/Car_BEV_AP11_hard_loose: 88.7936  Kitti metric/pred_instances_3d/KITTI/Car_2D_AP11_hard_loose: 87.7400  Kitti metric/pred_instances_3d/KITTI/Car_3D_AP40_easy_strict: 89.9330  Kitti metric/pred_instances_3d/KITTI/Car_BEV_AP40_easy_strict: 94.1636  Kitti metric/pred_instances_3d/KITTI/Car_2D_AP40_easy_strict: 97.7162  Kitti metric/pred_instances_3d/KITTI/Car_3D_AP40_moderate_strict: 78.8982  Kitti metric/pred_instances_3d/KITTI/Car_BEV_AP40_moderate_strict: 88.2006  Kitti metric/pred_instances_3d/KITTI/Car_2D_AP40_moderate_strict: 92.1368  Kitti metric/pred_instances_3d/KITTI/Car_3D_AP40_hard_strict: 75.1304  Kitti metric/pred_instances_3d/KITTI/Car_BEV_AP40_hard_strict: 85.1239  Kitti metric/pred_instances_3d/KITTI/Car_2D_AP40_hard_strict: 89.0645  Kitti metric/pred_instances_3d/KITTI/Car_3D_AP40_easy_loose: 97.8410  Kitti metric/pred_instances_3d/KITTI/Car_BEV_AP40_easy_loose: 97.8714  Kitti metric/pred_instances_3d/KITTI/Car_2D_AP40_easy_loose: 97.7162  Kitti metric/pred_instances_3d/KITTI/Car_3D_AP40_moderate_loose: 94.4554  Kitti metric/pred_instances_3d/KITTI/Car_BEV_AP40_moderate_loose: 94.6959  Kitti metric/pred_instances_3d/KITTI/Car_2D_AP40_moderate_loose: 92.1368  Kitti metric/pred_instances_3d/KITTI/Car_3D_AP40_hard_loose: 91.5163  Kitti metric/pred_instances_3d/KITTI/Car_BEV_AP40_hard_loose: 91.7879  Kitti metric/pred_instances_3d/KITTI/Car_2D_AP40_hard_loose: 89.0645  data_time: 0.0038  time: 0.0361
