2024/04/23 16:57:43 - mmengine - INFO - 
------------------------------------------------------------
System environment:
    sys.platform: win32
    Python: 3.8.18 (default, Sep 11 2023, 13:39:12) [MSC v.1916 64 bit (AMD64)]
    CUDA available: True
    MUSA available: False
    numpy_random_seed: 1774253813
    GPU 0,1: NVIDIA RTX A4500
    CUDA_HOME: C:\Program Files\NVIDIA GPU Computing Toolkit\CUDA\v11.3
    NVCC: Cuda compilation tools, release 11.3, V11.3.58
    MSVC: Microsoft (R) C/C++ Optimizing Compiler Version 19.29.30152 for x64
    GCC: n/a
    PyTorch: 1.10.0
    PyTorch compiling details: PyTorch built with:
  - C++ Version: 199711
  - MSVC 192829337
  - Intel(R) Math Kernel Library Version 2020.0.2 Product Build 20200624 for Intel(R) 64 architecture applications
  - Intel(R) MKL-DNN v2.2.3 (Git Hash 7336ca9f055cf1bfa13efb658fe15dc9b41f0740)
  - OpenMP 2019
  - LAPACK is enabled (usually provided by MKL)
  - CPU capability usage: AVX512
  - CUDA Runtime 11.3
  - NVCC architecture flags: -gencode;arch=compute_37,code=sm_37;-gencode;arch=compute_50,code=sm_50;-gencode;arch=compute_60,code=sm_60;-gencode;arch=compute_61,code=sm_61;-gencode;arch=compute_70,code=sm_70;-gencode;arch=compute_75,code=sm_75;-gencode;arch=compute_80,code=sm_80;-gencode;arch=compute_86,code=sm_86;-gencode;arch=compute_37,code=compute_37
  - CuDNN 8.2
  - Magma 2.5.4
  - Build settings: BLAS_INFO=mkl, BUILD_TYPE=Release, CUDA_VERSION=11.3, CUDNN_VERSION=8.2.0, CXX_COMPILER=C:/cb/pytorch_1000000000000/work/tmp_bin/sccache-cl.exe, CXX_FLAGS=/DWIN32 /D_WINDOWS /GR /EHsc /w /bigobj -DUSE_PTHREADPOOL -openmp:experimental -IC:/cb/pytorch_1000000000000/work/mkl/include -DNDEBUG -DUSE_KINETO -DLIBKINETO_NOCUPTI -DUSE_FBGEMM -DUSE_XNNPACK -DSYMBOLICATE_MOBILE_DEBUG_HANDLE -DEDGE_PROFILER_USE_KINETO, LAPACK_INFO=mkl, PERF_WITH_AVX=1, PERF_WITH_AVX2=1, PERF_WITH_AVX512=1, TORCH_VERSION=1.10.0, USE_CUDA=ON, USE_CUDNN=ON, USE_EXCEPTION_PTR=1, USE_GFLAGS=OFF, USE_GLOG=OFF, USE_MKL=ON, USE_MKLDNN=ON, USE_MPI=OFF, USE_NCCL=OFF, USE_NNPACK=OFF, USE_OPENMP=ON, 

    TorchVision: 0.11.0
    OpenCV: 4.9.0
    MMEngine: 0.10.3

Runtime environment:
    cudnn_benchmark: False
    mp_cfg: {'mp_start_method': 'fork', 'opencv_num_threads': 0}
    dist_cfg: {'backend': 'nccl'}
    seed: 1774253813
    Distributed launcher: none
    Distributed training: False
    GPU number: 1
------------------------------------------------------------

2024/04/23 16:57:43 - mmengine - INFO - Config:
auto_scale_lr = dict(base_batch_size=48, enable=True)
backend_args = None
class_names = [
    'Car',
]
custom_imports = dict(
    allow_failed_imports=False,
    imports=[
        'models.detectors.adversarial_voxelnet',
        'models.adversarial.voxel_perturber',
    ])
data_root = 'data/kitti/'
dataset_type = 'KittiDataset'
db_sampler = dict(
    backend_args=None,
    classes=[
        'Car',
    ],
    data_root='data/kitti/',
    info_path='data/kitti/kitti_dbinfos_train.pkl',
    points_loader=dict(
        backend_args=None,
        coord_type='LIDAR',
        load_dim=4,
        type='LoadPointsFromFile',
        use_dim=4),
    prepare=dict(
        filter_by_difficulty=[
            -1,
        ], filter_by_min_points=dict(Car=5)),
    rate=1.0,
    sample_groups=dict(Car=15))
default_hooks = dict(
    checkpoint=dict(interval=-1, type='CheckpointHook'),
    logger=dict(interval=50, type='LoggerHook'),
    param_scheduler=dict(type='ParamSchedulerHook'),
    sampler_seed=dict(type='DistSamplerSeedHook'),
    timer=dict(type='IterTimerHook'),
    visualization=dict(type='Det3DVisualizationHook'))
default_scope = 'mmdet3d'
env_cfg = dict(
    cudnn_benchmark=False,
    dist_cfg=dict(backend='nccl'),
    mp_cfg=dict(mp_start_method='fork', opencv_num_threads=0))
eval_pipeline = [
    dict(
        backend_args=None,
        coord_type='LIDAR',
        load_dim=4,
        type='LoadPointsFromFile',
        use_dim=4),
    dict(keys=[
        'points',
    ], type='Pack3DDetInputs'),
]
input_modality = dict(use_camera=False, use_lidar=True)
launcher = 'none'
load_from = 'C:\\Users\\temex\\Desktop\\mmdet3dProj\\checkpoints\\second_hv_secfpn_8xb6-80e_kitti-3d-car-75d9305e.pth'
log_level = 'INFO'
log_processor = dict(by_epoch=True, type='LogProcessor', window_size=50)
lr = 0.0018
metainfo = dict(classes=[
    'Car',
])
model = dict(
    adversary_cfg=dict(type='VoxelPerturber'),
    backbone=dict(
        in_channels=256,
        layer_nums=[
            5,
            5,
        ],
        layer_strides=[
            1,
            2,
        ],
        out_channels=[
            128,
            256,
        ],
        type='SECOND'),
    bbox_head=dict(
        anchor_generator=dict(
            ranges=[
                [
                    0,
                    -40.0,
                    -1.78,
                    70.4,
                    40.0,
                    -1.78,
                ],
            ],
            reshape_out=True,
            rotations=[
                0,
                1.57,
            ],
            sizes=[
                [
                    3.9,
                    1.6,
                    1.56,
                ],
            ],
            type='Anchor3DRangeGenerator'),
        bbox_coder=dict(type='DeltaXYZWLHRBBoxCoder'),
        diff_rad_by_sin=True,
        feat_channels=512,
        in_channels=512,
        loss_bbox=dict(
            beta=0.1111111111111111,
            loss_weight=2.0,
            type='mmdet.SmoothL1Loss'),
        loss_cls=dict(
            alpha=0.25,
            gamma=2.0,
            loss_weight=1.0,
            type='mmdet.FocalLoss',
            use_sigmoid=True),
        loss_dir=dict(
            loss_weight=0.2, type='mmdet.CrossEntropyLoss', use_sigmoid=False),
        num_classes=1,
        type='Anchor3DHead',
        use_direction_classifier=True),
    data_preprocessor=dict(
        type='Det3DDataPreprocessor',
        voxel=True,
        voxel_layer=dict(
            max_num_points=5,
            max_voxels=(
                16000,
                40000,
            ),
            point_cloud_range=[
                0,
                -40,
                -3,
                70.4,
                40,
                1,
            ],
            voxel_size=[
                0.05,
                0.05,
                0.1,
            ])),
    middle_encoder=dict(
        in_channels=4,
        order=(
            'conv',
            'norm',
            'act',
        ),
        sparse_shape=[
            41,
            1600,
            1408,
        ],
        type='SparseEncoder'),
    neck=dict(
        in_channels=[
            128,
            256,
        ],
        out_channels=[
            256,
            256,
        ],
        type='SECONDFPN',
        upsample_strides=[
            1,
            2,
        ]),
    test_cfg=dict(
        max_num=50,
        min_bbox_size=0,
        nms_across_levels=False,
        nms_pre=100,
        nms_thr=0.01,
        score_thr=0.1,
        use_rotate_nms=True),
    train_cfg=dict(
        allowed_border=0,
        assigner=dict(
            ignore_iof_thr=-1,
            iou_calculator=dict(type='BboxOverlapsNearest3D'),
            min_pos_iou=0.45,
            neg_iou_thr=0.45,
            pos_iou_thr=0.6,
            type='Max3DIoUAssigner'),
        debug=False,
        pos_weight=-1),
    type='AdversarialVoxelNet',
    voxel_encoder=dict(type='HardSimpleVFE'))
optim_wrapper = dict(
    clip_grad=dict(max_norm=10, norm_type=2),
    loss_scale='dynamic',
    optimizer=dict(
        betas=(
            0.95,
            0.99,
        ), lr=0.0018, type='AdamW', weight_decay=0.01),
    type='AmpOptimWrapper')
param_scheduler = [
    dict(
        T_max=16,
        begin=0,
        by_epoch=True,
        convert_to_iter_based=True,
        end=16,
        eta_min=0.018,
        type='CosineAnnealingLR'),
    dict(
        T_max=24,
        begin=16,
        by_epoch=True,
        convert_to_iter_based=True,
        end=40,
        eta_min=1.8e-07,
        type='CosineAnnealingLR'),
    dict(
        T_max=16,
        begin=0,
        by_epoch=True,
        convert_to_iter_based=True,
        end=16,
        eta_min=0.8947368421052632,
        type='CosineAnnealingMomentum'),
    dict(
        T_max=24,
        begin=16,
        by_epoch=True,
        convert_to_iter_based=True,
        end=40,
        eta_min=1,
        type='CosineAnnealingMomentum'),
]
point_cloud_range = [
    0,
    -40,
    -3,
    70.4,
    40,
    1,
]
resume = False
test_cfg = dict()
test_dataloader = dict(
    batch_size=1,
    dataset=dict(
        ann_file='kitti_infos_val.pkl',
        backend_args=None,
        box_type_3d='LiDAR',
        data_prefix=dict(pts='training/velodyne_reduced'),
        data_root='data/kitti/',
        metainfo=dict(classes=[
            'Car',
        ]),
        modality=dict(use_camera=False, use_lidar=True),
        pipeline=[
            dict(
                backend_args=None,
                coord_type='LIDAR',
                load_dim=4,
                type='LoadPointsFromFile',
                use_dim=4),
            dict(
                flip=False,
                img_scale=(
                    1333,
                    800,
                ),
                pts_scale_ratio=1,
                transforms=[
                    dict(
                        rot_range=[
                            0,
                            0,
                        ],
                        scale_ratio_range=[
                            1.0,
                            1.0,
                        ],
                        translation_std=[
                            0,
                            0,
                            0,
                        ],
                        type='GlobalRotScaleTrans'),
                    dict(type='RandomFlip3D'),
                    dict(
                        point_cloud_range=[
                            0,
                            -40,
                            -3,
                            70.4,
                            40,
                            1,
                        ],
                        type='PointsRangeFilter'),
                ],
                type='MultiScaleFlipAug3D'),
            dict(keys=[
                'points',
            ], type='Pack3DDetInputs'),
        ],
        test_mode=True,
        type='KittiDataset'),
    drop_last=False,
    num_workers=1,
    persistent_workers=True,
    sampler=dict(shuffle=False, type='DefaultSampler'))
test_evaluator = dict(
    ann_file='data/kitti/kitti_infos_val.pkl',
    backend_args=None,
    metric='bbox',
    type='KittiMetric')
test_pipeline = [
    dict(
        backend_args=None,
        coord_type='LIDAR',
        load_dim=4,
        type='LoadPointsFromFile',
        use_dim=4),
    dict(
        flip=False,
        img_scale=(
            1333,
            800,
        ),
        pts_scale_ratio=1,
        transforms=[
            dict(
                rot_range=[
                    0,
                    0,
                ],
                scale_ratio_range=[
                    1.0,
                    1.0,
                ],
                translation_std=[
                    0,
                    0,
                    0,
                ],
                type='GlobalRotScaleTrans'),
            dict(type='RandomFlip3D'),
            dict(
                point_cloud_range=[
                    0,
                    -40,
                    -3,
                    70.4,
                    40,
                    1,
                ],
                type='PointsRangeFilter'),
        ],
        type='MultiScaleFlipAug3D'),
    dict(keys=[
        'points',
    ], type='Pack3DDetInputs'),
]
train_cfg = dict(by_epoch=True, max_epochs=2, val_interval=1)
train_dataloader = dict(
    batch_size=6,
    dataset=dict(
        dataset=dict(
            ann_file='kitti_infos_train.pkl',
            backend_args=None,
            box_type_3d='LiDAR',
            data_prefix=dict(pts='training/velodyne_reduced'),
            data_root='data/kitti/',
            metainfo=dict(classes=[
                'Car',
            ]),
            modality=dict(use_camera=False, use_lidar=True),
            pipeline=[
                dict(
                    backend_args=None,
                    coord_type='LIDAR',
                    load_dim=4,
                    type='LoadPointsFromFile',
                    use_dim=4),
                dict(
                    type='LoadAnnotations3D',
                    with_bbox_3d=True,
                    with_label_3d=True),
                dict(
                    db_sampler=dict(
                        backend_args=None,
                        classes=[
                            'Car',
                        ],
                        data_root='data/kitti/',
                        info_path='data/kitti/kitti_dbinfos_train.pkl',
                        points_loader=dict(
                            backend_args=None,
                            coord_type='LIDAR',
                            load_dim=4,
                            type='LoadPointsFromFile',
                            use_dim=4),
                        prepare=dict(
                            filter_by_difficulty=[
                                -1,
                            ],
                            filter_by_min_points=dict(Car=5)),
                        rate=1.0,
                        sample_groups=dict(Car=15)),
                    type='ObjectSample'),
                dict(
                    global_rot_range=[
                        0.0,
                        0.0,
                    ],
                    num_try=100,
                    rot_range=[
                        -0.78539816,
                        0.78539816,
                    ],
                    translation_std=[
                        1.0,
                        1.0,
                        0.5,
                    ],
                    type='ObjectNoise'),
                dict(flip_ratio_bev_horizontal=0.5, type='RandomFlip3D'),
                dict(
                    rot_range=[
                        -0.78539816,
                        0.78539816,
                    ],
                    scale_ratio_range=[
                        0.95,
                        1.05,
                    ],
                    type='GlobalRotScaleTrans'),
                dict(
                    point_cloud_range=[
                        0,
                        -40,
                        -3,
                        70.4,
                        40,
                        1,
                    ],
                    type='PointsRangeFilter'),
                dict(
                    point_cloud_range=[
                        0,
                        -40,
                        -3,
                        70.4,
                        40,
                        1,
                    ],
                    type='ObjectRangeFilter'),
                dict(type='PointShuffle'),
                dict(
                    keys=[
                        'points',
                        'gt_bboxes_3d',
                        'gt_labels_3d',
                    ],
                    type='Pack3DDetInputs'),
            ],
            test_mode=False,
            type='KittiDataset'),
        times=2,
        type='RepeatDataset'),
    num_workers=4,
    persistent_workers=True,
    sampler=dict(shuffle=True, type='DefaultSampler'))
train_pipeline = [
    dict(
        backend_args=None,
        coord_type='LIDAR',
        load_dim=4,
        type='LoadPointsFromFile',
        use_dim=4),
    dict(type='LoadAnnotations3D', with_bbox_3d=True, with_label_3d=True),
    dict(
        db_sampler=dict(
            backend_args=None,
            classes=[
                'Car',
            ],
            data_root='data/kitti/',
            info_path='data/kitti/kitti_dbinfos_train.pkl',
            points_loader=dict(
                backend_args=None,
                coord_type='LIDAR',
                load_dim=4,
                type='LoadPointsFromFile',
                use_dim=4),
            prepare=dict(
                filter_by_difficulty=[
                    -1,
                ], filter_by_min_points=dict(Car=5)),
            rate=1.0,
            sample_groups=dict(Car=15)),
        type='ObjectSample'),
    dict(
        global_rot_range=[
            0.0,
            0.0,
        ],
        num_try=100,
        rot_range=[
            -0.78539816,
            0.78539816,
        ],
        translation_std=[
            1.0,
            1.0,
            0.5,
        ],
        type='ObjectNoise'),
    dict(flip_ratio_bev_horizontal=0.5, type='RandomFlip3D'),
    dict(
        rot_range=[
            -0.78539816,
            0.78539816,
        ],
        scale_ratio_range=[
            0.95,
            1.05,
        ],
        type='GlobalRotScaleTrans'),
    dict(
        point_cloud_range=[
            0,
            -40,
            -3,
            70.4,
            40,
            1,
        ],
        type='PointsRangeFilter'),
    dict(
        point_cloud_range=[
            0,
            -40,
            -3,
            70.4,
            40,
            1,
        ],
        type='ObjectRangeFilter'),
    dict(type='PointShuffle'),
    dict(
        keys=[
            'points',
            'gt_bboxes_3d',
            'gt_labels_3d',
        ],
        type='Pack3DDetInputs'),
]
val_cfg = dict()
val_dataloader = dict(
    batch_size=1,
    dataset=dict(
        ann_file='kitti_infos_val.pkl',
        backend_args=None,
        box_type_3d='LiDAR',
        data_prefix=dict(pts='training/velodyne_reduced'),
        data_root='data/kitti/',
        metainfo=dict(classes=[
            'Car',
        ]),
        modality=dict(use_camera=False, use_lidar=True),
        pipeline=[
            dict(
                backend_args=None,
                coord_type='LIDAR',
                load_dim=4,
                type='LoadPointsFromFile',
                use_dim=4),
            dict(
                flip=False,
                img_scale=(
                    1333,
                    800,
                ),
                pts_scale_ratio=1,
                transforms=[
                    dict(
                        rot_range=[
                            0,
                            0,
                        ],
                        scale_ratio_range=[
                            1.0,
                            1.0,
                        ],
                        translation_std=[
                            0,
                            0,
                            0,
                        ],
                        type='GlobalRotScaleTrans'),
                    dict(type='RandomFlip3D'),
                    dict(
                        point_cloud_range=[
                            0,
                            -40,
                            -3,
                            70.4,
                            40,
                            1,
                        ],
                        type='PointsRangeFilter'),
                ],
                type='MultiScaleFlipAug3D'),
            dict(keys=[
                'points',
            ], type='Pack3DDetInputs'),
        ],
        test_mode=True,
        type='KittiDataset'),
    drop_last=False,
    num_workers=1,
    persistent_workers=True,
    sampler=dict(shuffle=False, type='DefaultSampler'))
val_evaluator = dict(
    ann_file='data/kitti/kitti_infos_val.pkl',
    backend_args=None,
    metric='bbox',
    type='KittiMetric')
vis_backends = [
    dict(type='LocalVisBackend'),
]
visualizer = dict(
    name='visualizer',
    type='Det3DLocalVisualizer',
    vis_backends=[
        dict(type='LocalVisBackend'),
    ])
voxel_size = [
    0.05,
    0.05,
    0.1,
]
work_dir = 'C:\\Users\\temex\\Desktop\\mmdet3dProj\\NewAdvTrainingOutput'

2024/04/23 16:57:44 - mmengine - WARNING - Failed to search registry with scope "mmdet3d" in the "adversaries" registry tree. As a workaround, the current "adversaries" registry in "models" is used to build instance. This may cause unexpected failure when running the built modules. Please check whether "mmdet3d" is a correct scope, or whether the registry is initialized.
2024/04/23 16:57:44 - mmengine - INFO - Distributed training is not used, all SyncBatchNorm (SyncBN) layers in the model will be automatically reverted to BatchNormXd layers if they are used.
2024/04/23 16:57:44 - mmengine - INFO - Hooks will be executed in the following order:
before_run:
(VERY_HIGH   ) RuntimeInfoHook                    
(BELOW_NORMAL) LoggerHook                         
 -------------------- 
before_train:
(VERY_HIGH   ) RuntimeInfoHook                    
(NORMAL      ) IterTimerHook                      
(VERY_LOW    ) CheckpointHook                     
 -------------------- 
before_train_epoch:
(VERY_HIGH   ) RuntimeInfoHook                    
(NORMAL      ) IterTimerHook                      
(NORMAL      ) DistSamplerSeedHook                
 -------------------- 
before_train_iter:
(VERY_HIGH   ) RuntimeInfoHook                    
(NORMAL      ) IterTimerHook                      
 -------------------- 
after_train_iter:
(VERY_HIGH   ) RuntimeInfoHook                    
(NORMAL      ) IterTimerHook                      
(BELOW_NORMAL) LoggerHook                         
(LOW         ) ParamSchedulerHook                 
(VERY_LOW    ) CheckpointHook                     
 -------------------- 
after_train_epoch:
(NORMAL      ) IterTimerHook                      
(LOW         ) ParamSchedulerHook                 
(VERY_LOW    ) CheckpointHook                     
 -------------------- 
before_val:
(VERY_HIGH   ) RuntimeInfoHook                    
 -------------------- 
before_val_epoch:
(NORMAL      ) IterTimerHook                      
 -------------------- 
before_val_iter:
(NORMAL      ) IterTimerHook                      
 -------------------- 
after_val_iter:
(NORMAL      ) IterTimerHook                      
(NORMAL      ) Det3DVisualizationHook             
(BELOW_NORMAL) LoggerHook                         
 -------------------- 
after_val_epoch:
(VERY_HIGH   ) RuntimeInfoHook                    
(NORMAL      ) IterTimerHook                      
(BELOW_NORMAL) LoggerHook                         
(LOW         ) ParamSchedulerHook                 
(VERY_LOW    ) CheckpointHook                     
 -------------------- 
after_val:
(VERY_HIGH   ) RuntimeInfoHook                    
 -------------------- 
after_train:
(VERY_HIGH   ) RuntimeInfoHook                    
(VERY_LOW    ) CheckpointHook                     
 -------------------- 
before_test:
(VERY_HIGH   ) RuntimeInfoHook                    
 -------------------- 
before_test_epoch:
(NORMAL      ) IterTimerHook                      
 -------------------- 
before_test_iter:
(NORMAL      ) IterTimerHook                      
 -------------------- 
after_test_iter:
(NORMAL      ) IterTimerHook                      
(NORMAL      ) Det3DVisualizationHook             
(BELOW_NORMAL) LoggerHook                         
 -------------------- 
after_test_epoch:
(VERY_HIGH   ) RuntimeInfoHook                    
(NORMAL      ) IterTimerHook                      
(BELOW_NORMAL) LoggerHook                         
 -------------------- 
after_test:
(VERY_HIGH   ) RuntimeInfoHook                    
 -------------------- 
after_run:
(BELOW_NORMAL) LoggerHook                         
 -------------------- 
2024/04/23 16:57:44 - mmengine - INFO - Using CustomRunner for AdversarialVoxelNet
2024/04/23 16:57:45 - mmengine - INFO - load 2207 Pedestrian database infos in DataBaseSampler
2024/04/23 16:57:45 - mmengine - INFO - load 14357 Car database infos in DataBaseSampler
2024/04/23 16:57:45 - mmengine - INFO - load 734 Cyclist database infos in DataBaseSampler
2024/04/23 16:57:45 - mmengine - INFO - load 1297 Van database infos in DataBaseSampler
2024/04/23 16:57:45 - mmengine - INFO - load 488 Truck database infos in DataBaseSampler
2024/04/23 16:57:45 - mmengine - INFO - load 224 Tram database infos in DataBaseSampler
2024/04/23 16:57:45 - mmengine - INFO - load 337 Misc database infos in DataBaseSampler
2024/04/23 16:57:45 - mmengine - INFO - load 56 Person_sitting database infos in DataBaseSampler
2024/04/23 16:57:45 - mmengine - INFO - After filter database:
2024/04/23 16:57:45 - mmengine - INFO - load 2104 Pedestrian database infos in DataBaseSampler
2024/04/23 16:57:45 - mmengine - INFO - load 10520 Car database infos in DataBaseSampler
2024/04/23 16:57:45 - mmengine - INFO - load 594 Cyclist database infos in DataBaseSampler
2024/04/23 16:57:45 - mmengine - INFO - load 826 Van database infos in DataBaseSampler
2024/04/23 16:57:45 - mmengine - INFO - load 321 Truck database infos in DataBaseSampler
2024/04/23 16:57:45 - mmengine - INFO - load 199 Tram database infos in DataBaseSampler
2024/04/23 16:57:45 - mmengine - INFO - load 259 Misc database infos in DataBaseSampler
2024/04/23 16:57:45 - mmengine - INFO - load 53 Person_sitting database infos in DataBaseSampler
2024/04/23 16:57:49 - mmengine - INFO - ------------------------------
2024/04/23 16:57:49 - mmengine - INFO - The length of training dataset: 3712
2024/04/23 16:57:49 - mmengine - INFO - The number of instances per category in the dataset:
+----------+--------+
| category | number |
+----------+--------+
| Car      | 14357  |
+----------+--------+
2024/04/23 16:57:49 - mmengine - INFO - LR is set based on batch size of 48 and the current batch size is 6. Scaling the original LR by 0.125.
2024/04/23 16:57:53 - mmengine - INFO - ------------------------------
2024/04/23 16:57:53 - mmengine - INFO - The length of test dataset: 3769
2024/04/23 16:57:53 - mmengine - INFO - The number of instances per category in the dataset:
+----------+--------+
| category | number |
+----------+--------+
| Car      | 14385  |
+----------+--------+
Name of parameter - Initialization information

backbone.blocks.0.0.weight - torch.Size([128, 256, 3, 3]): 
KaimingInit: a=0, mode=fan_out, nonlinearity=relu, distribution =normal, bias=0 

backbone.blocks.0.1.weight - torch.Size([128]): 
The value is the same before and after calling `init_weights` of AdversarialVoxelNet  

backbone.blocks.0.1.bias - torch.Size([128]): 
The value is the same before and after calling `init_weights` of AdversarialVoxelNet  

backbone.blocks.0.3.weight - torch.Size([128, 128, 3, 3]): 
KaimingInit: a=0, mode=fan_out, nonlinearity=relu, distribution =normal, bias=0 

backbone.blocks.0.4.weight - torch.Size([128]): 
The value is the same before and after calling `init_weights` of AdversarialVoxelNet  

backbone.blocks.0.4.bias - torch.Size([128]): 
The value is the same before and after calling `init_weights` of AdversarialVoxelNet  

backbone.blocks.0.6.weight - torch.Size([128, 128, 3, 3]): 
KaimingInit: a=0, mode=fan_out, nonlinearity=relu, distribution =normal, bias=0 

backbone.blocks.0.7.weight - torch.Size([128]): 
The value is the same before and after calling `init_weights` of AdversarialVoxelNet  

backbone.blocks.0.7.bias - torch.Size([128]): 
The value is the same before and after calling `init_weights` of AdversarialVoxelNet  

backbone.blocks.0.9.weight - torch.Size([128, 128, 3, 3]): 
KaimingInit: a=0, mode=fan_out, nonlinearity=relu, distribution =normal, bias=0 

backbone.blocks.0.10.weight - torch.Size([128]): 
The value is the same before and after calling `init_weights` of AdversarialVoxelNet  

backbone.blocks.0.10.bias - torch.Size([128]): 
The value is the same before and after calling `init_weights` of AdversarialVoxelNet  

backbone.blocks.0.12.weight - torch.Size([128, 128, 3, 3]): 
KaimingInit: a=0, mode=fan_out, nonlinearity=relu, distribution =normal, bias=0 

backbone.blocks.0.13.weight - torch.Size([128]): 
The value is the same before and after calling `init_weights` of AdversarialVoxelNet  

backbone.blocks.0.13.bias - torch.Size([128]): 
The value is the same before and after calling `init_weights` of AdversarialVoxelNet  

backbone.blocks.0.15.weight - torch.Size([128, 128, 3, 3]): 
KaimingInit: a=0, mode=fan_out, nonlinearity=relu, distribution =normal, bias=0 

backbone.blocks.0.16.weight - torch.Size([128]): 
The value is the same before and after calling `init_weights` of AdversarialVoxelNet  

backbone.blocks.0.16.bias - torch.Size([128]): 
The value is the same before and after calling `init_weights` of AdversarialVoxelNet  

backbone.blocks.1.0.weight - torch.Size([256, 128, 3, 3]): 
KaimingInit: a=0, mode=fan_out, nonlinearity=relu, distribution =normal, bias=0 

backbone.blocks.1.1.weight - torch.Size([256]): 
The value is the same before and after calling `init_weights` of AdversarialVoxelNet  

backbone.blocks.1.1.bias - torch.Size([256]): 
The value is the same before and after calling `init_weights` of AdversarialVoxelNet  

backbone.blocks.1.3.weight - torch.Size([256, 256, 3, 3]): 
KaimingInit: a=0, mode=fan_out, nonlinearity=relu, distribution =normal, bias=0 

backbone.blocks.1.4.weight - torch.Size([256]): 
The value is the same before and after calling `init_weights` of AdversarialVoxelNet  

backbone.blocks.1.4.bias - torch.Size([256]): 
The value is the same before and after calling `init_weights` of AdversarialVoxelNet  

backbone.blocks.1.6.weight - torch.Size([256, 256, 3, 3]): 
KaimingInit: a=0, mode=fan_out, nonlinearity=relu, distribution =normal, bias=0 

backbone.blocks.1.7.weight - torch.Size([256]): 
The value is the same before and after calling `init_weights` of AdversarialVoxelNet  

backbone.blocks.1.7.bias - torch.Size([256]): 
The value is the same before and after calling `init_weights` of AdversarialVoxelNet  

backbone.blocks.1.9.weight - torch.Size([256, 256, 3, 3]): 
KaimingInit: a=0, mode=fan_out, nonlinearity=relu, distribution =normal, bias=0 

backbone.blocks.1.10.weight - torch.Size([256]): 
The value is the same before and after calling `init_weights` of AdversarialVoxelNet  

backbone.blocks.1.10.bias - torch.Size([256]): 
The value is the same before and after calling `init_weights` of AdversarialVoxelNet  

backbone.blocks.1.12.weight - torch.Size([256, 256, 3, 3]): 
KaimingInit: a=0, mode=fan_out, nonlinearity=relu, distribution =normal, bias=0 

backbone.blocks.1.13.weight - torch.Size([256]): 
The value is the same before and after calling `init_weights` of AdversarialVoxelNet  

backbone.blocks.1.13.bias - torch.Size([256]): 
The value is the same before and after calling `init_weights` of AdversarialVoxelNet  

backbone.blocks.1.15.weight - torch.Size([256, 256, 3, 3]): 
KaimingInit: a=0, mode=fan_out, nonlinearity=relu, distribution =normal, bias=0 

backbone.blocks.1.16.weight - torch.Size([256]): 
The value is the same before and after calling `init_weights` of AdversarialVoxelNet  

backbone.blocks.1.16.bias - torch.Size([256]): 
The value is the same before and after calling `init_weights` of AdversarialVoxelNet  

neck.deblocks.0.0.weight - torch.Size([128, 256, 1, 1]): 
KaimingInit: a=0, mode=fan_out, nonlinearity=relu, distribution =normal, bias=0 

neck.deblocks.0.1.weight - torch.Size([256]): 
The value is the same before and after calling `init_weights` of AdversarialVoxelNet  

neck.deblocks.0.1.bias - torch.Size([256]): 
The value is the same before and after calling `init_weights` of AdversarialVoxelNet  

neck.deblocks.1.0.weight - torch.Size([256, 256, 2, 2]): 
KaimingInit: a=0, mode=fan_out, nonlinearity=relu, distribution =normal, bias=0 

neck.deblocks.1.1.weight - torch.Size([256]): 
The value is the same before and after calling `init_weights` of AdversarialVoxelNet  

neck.deblocks.1.1.bias - torch.Size([256]): 
The value is the same before and after calling `init_weights` of AdversarialVoxelNet  

bbox_head.conv_cls.weight - torch.Size([2, 512, 1, 1]): 
NormalInit: mean=0, std=0.01, bias=-4.59511985013459 

bbox_head.conv_cls.bias - torch.Size([2]): 
NormalInit: mean=0, std=0.01, bias=-4.59511985013459 

bbox_head.conv_reg.weight - torch.Size([14, 512, 1, 1]): 
NormalInit: mean=0, std=0.01, bias=0 

bbox_head.conv_reg.bias - torch.Size([14]): 
NormalInit: mean=0, std=0.01, bias=0 

bbox_head.conv_dir_cls.weight - torch.Size([4, 512, 1, 1]): 
NormalInit: mean=0, std=0.01, bias=0 

bbox_head.conv_dir_cls.bias - torch.Size([4]): 
NormalInit: mean=0, std=0.01, bias=0 

middle_encoder.conv_input.0.weight - torch.Size([16, 3, 3, 3, 4]): 
The value is the same before and after calling `init_weights` of AdversarialVoxelNet  

middle_encoder.conv_input.1.weight - torch.Size([16]): 
The value is the same before and after calling `init_weights` of AdversarialVoxelNet  

middle_encoder.conv_input.1.bias - torch.Size([16]): 
The value is the same before and after calling `init_weights` of AdversarialVoxelNet  

middle_encoder.encoder_layers.encoder_layer1.0.0.weight - torch.Size([16, 3, 3, 3, 16]): 
The value is the same before and after calling `init_weights` of AdversarialVoxelNet  

middle_encoder.encoder_layers.encoder_layer1.0.1.weight - torch.Size([16]): 
The value is the same before and after calling `init_weights` of AdversarialVoxelNet  

middle_encoder.encoder_layers.encoder_layer1.0.1.bias - torch.Size([16]): 
The value is the same before and after calling `init_weights` of AdversarialVoxelNet  

middle_encoder.encoder_layers.encoder_layer2.0.0.weight - torch.Size([32, 3, 3, 3, 16]): 
The value is the same before and after calling `init_weights` of AdversarialVoxelNet  

middle_encoder.encoder_layers.encoder_layer2.0.1.weight - torch.Size([32]): 
The value is the same before and after calling `init_weights` of AdversarialVoxelNet  

middle_encoder.encoder_layers.encoder_layer2.0.1.bias - torch.Size([32]): 
The value is the same before and after calling `init_weights` of AdversarialVoxelNet  

middle_encoder.encoder_layers.encoder_layer2.1.0.weight - torch.Size([32, 3, 3, 3, 32]): 
The value is the same before and after calling `init_weights` of AdversarialVoxelNet  

middle_encoder.encoder_layers.encoder_layer2.1.1.weight - torch.Size([32]): 
The value is the same before and after calling `init_weights` of AdversarialVoxelNet  

middle_encoder.encoder_layers.encoder_layer2.1.1.bias - torch.Size([32]): 
The value is the same before and after calling `init_weights` of AdversarialVoxelNet  

middle_encoder.encoder_layers.encoder_layer2.2.0.weight - torch.Size([32, 3, 3, 3, 32]): 
The value is the same before and after calling `init_weights` of AdversarialVoxelNet  

middle_encoder.encoder_layers.encoder_layer2.2.1.weight - torch.Size([32]): 
The value is the same before and after calling `init_weights` of AdversarialVoxelNet  

middle_encoder.encoder_layers.encoder_layer2.2.1.bias - torch.Size([32]): 
The value is the same before and after calling `init_weights` of AdversarialVoxelNet  

middle_encoder.encoder_layers.encoder_layer3.0.0.weight - torch.Size([64, 3, 3, 3, 32]): 
The value is the same before and after calling `init_weights` of AdversarialVoxelNet  

middle_encoder.encoder_layers.encoder_layer3.0.1.weight - torch.Size([64]): 
The value is the same before and after calling `init_weights` of AdversarialVoxelNet  

middle_encoder.encoder_layers.encoder_layer3.0.1.bias - torch.Size([64]): 
The value is the same before and after calling `init_weights` of AdversarialVoxelNet  

middle_encoder.encoder_layers.encoder_layer3.1.0.weight - torch.Size([64, 3, 3, 3, 64]): 
The value is the same before and after calling `init_weights` of AdversarialVoxelNet  

middle_encoder.encoder_layers.encoder_layer3.1.1.weight - torch.Size([64]): 
The value is the same before and after calling `init_weights` of AdversarialVoxelNet  

middle_encoder.encoder_layers.encoder_layer3.1.1.bias - torch.Size([64]): 
The value is the same before and after calling `init_weights` of AdversarialVoxelNet  

middle_encoder.encoder_layers.encoder_layer3.2.0.weight - torch.Size([64, 3, 3, 3, 64]): 
The value is the same before and after calling `init_weights` of AdversarialVoxelNet  

middle_encoder.encoder_layers.encoder_layer3.2.1.weight - torch.Size([64]): 
The value is the same before and after calling `init_weights` of AdversarialVoxelNet  

middle_encoder.encoder_layers.encoder_layer3.2.1.bias - torch.Size([64]): 
The value is the same before and after calling `init_weights` of AdversarialVoxelNet  

middle_encoder.encoder_layers.encoder_layer4.0.0.weight - torch.Size([64, 3, 3, 3, 64]): 
The value is the same before and after calling `init_weights` of AdversarialVoxelNet  

middle_encoder.encoder_layers.encoder_layer4.0.1.weight - torch.Size([64]): 
The value is the same before and after calling `init_weights` of AdversarialVoxelNet  

middle_encoder.encoder_layers.encoder_layer4.0.1.bias - torch.Size([64]): 
The value is the same before and after calling `init_weights` of AdversarialVoxelNet  

middle_encoder.encoder_layers.encoder_layer4.1.0.weight - torch.Size([64, 3, 3, 3, 64]): 
The value is the same before and after calling `init_weights` of AdversarialVoxelNet  

middle_encoder.encoder_layers.encoder_layer4.1.1.weight - torch.Size([64]): 
The value is the same before and after calling `init_weights` of AdversarialVoxelNet  

middle_encoder.encoder_layers.encoder_layer4.1.1.bias - torch.Size([64]): 
The value is the same before and after calling `init_weights` of AdversarialVoxelNet  

middle_encoder.encoder_layers.encoder_layer4.2.0.weight - torch.Size([64, 3, 3, 3, 64]): 
The value is the same before and after calling `init_weights` of AdversarialVoxelNet  

middle_encoder.encoder_layers.encoder_layer4.2.1.weight - torch.Size([64]): 
The value is the same before and after calling `init_weights` of AdversarialVoxelNet  

middle_encoder.encoder_layers.encoder_layer4.2.1.bias - torch.Size([64]): 
The value is the same before and after calling `init_weights` of AdversarialVoxelNet  

middle_encoder.conv_out.0.weight - torch.Size([128, 3, 1, 1, 64]): 
The value is the same before and after calling `init_weights` of AdversarialVoxelNet  

middle_encoder.conv_out.1.weight - torch.Size([128]): 
The value is the same before and after calling `init_weights` of AdversarialVoxelNet  

middle_encoder.conv_out.1.bias - torch.Size([128]): 
The value is the same before and after calling `init_weights` of AdversarialVoxelNet  

adversary.model.1.weight - torch.Size([4, 4, 1]): 
The value is the same before and after calling `init_weights` of AdversarialVoxelNet  

adversary.model.1.bias - torch.Size([4]): 
The value is the same before and after calling `init_weights` of AdversarialVoxelNet  

adversary.model.2.weight - torch.Size([4]): 
The value is the same before and after calling `init_weights` of AdversarialVoxelNet  

adversary.model.2.bias - torch.Size([4]): 
The value is the same before and after calling `init_weights` of AdversarialVoxelNet  

adversary.model.4.weight - torch.Size([8, 4, 1]): 
The value is the same before and after calling `init_weights` of AdversarialVoxelNet  

adversary.model.4.bias - torch.Size([8]): 
The value is the same before and after calling `init_weights` of AdversarialVoxelNet  

adversary.model.5.weight - torch.Size([8]): 
The value is the same before and after calling `init_weights` of AdversarialVoxelNet  

adversary.model.5.bias - torch.Size([8]): 
The value is the same before and after calling `init_weights` of AdversarialVoxelNet  

adversary.model.7.weight - torch.Size([16, 8, 1]): 
The value is the same before and after calling `init_weights` of AdversarialVoxelNet  

adversary.model.7.bias - torch.Size([16]): 
The value is the same before and after calling `init_weights` of AdversarialVoxelNet  

adversary.model.8.weight - torch.Size([16]): 
The value is the same before and after calling `init_weights` of AdversarialVoxelNet  

adversary.model.8.bias - torch.Size([16]): 
The value is the same before and after calling `init_weights` of AdversarialVoxelNet  

adversary.model.10.weight - torch.Size([32, 16, 1]): 
The value is the same before and after calling `init_weights` of AdversarialVoxelNet  

adversary.model.10.bias - torch.Size([32]): 
The value is the same before and after calling `init_weights` of AdversarialVoxelNet  

adversary.model.11.weight - torch.Size([32]): 
The value is the same before and after calling `init_weights` of AdversarialVoxelNet  

adversary.model.11.bias - torch.Size([32]): 
The value is the same before and after calling `init_weights` of AdversarialVoxelNet  

adversary.model.13.weight - torch.Size([16, 32, 1]): 
The value is the same before and after calling `init_weights` of AdversarialVoxelNet  

adversary.model.13.bias - torch.Size([16]): 
The value is the same before and after calling `init_weights` of AdversarialVoxelNet  

adversary.model.14.weight - torch.Size([16]): 
The value is the same before and after calling `init_weights` of AdversarialVoxelNet  

adversary.model.14.bias - torch.Size([16]): 
The value is the same before and after calling `init_weights` of AdversarialVoxelNet  

adversary.model.16.weight - torch.Size([8, 16, 1]): 
The value is the same before and after calling `init_weights` of AdversarialVoxelNet  

adversary.model.16.bias - torch.Size([8]): 
The value is the same before and after calling `init_weights` of AdversarialVoxelNet  

adversary.model.17.weight - torch.Size([8]): 
The value is the same before and after calling `init_weights` of AdversarialVoxelNet  

adversary.model.17.bias - torch.Size([8]): 
The value is the same before and after calling `init_weights` of AdversarialVoxelNet  

adversary.model.19.weight - torch.Size([4, 8, 1]): 
The value is the same before and after calling `init_weights` of AdversarialVoxelNet  

adversary.model.19.bias - torch.Size([4]): 
The value is the same before and after calling `init_weights` of AdversarialVoxelNet  

adversary.model.20.weight - torch.Size([4]): 
The value is the same before and after calling `init_weights` of AdversarialVoxelNet  

adversary.model.20.bias - torch.Size([4]): 
The value is the same before and after calling `init_weights` of AdversarialVoxelNet  

adversary.model.22.weight - torch.Size([4, 4, 1]): 
The value is the same before and after calling `init_weights` of AdversarialVoxelNet  

adversary.model.22.bias - torch.Size([4]): 
The value is the same before and after calling `init_weights` of AdversarialVoxelNet  

adversary.model.23.weight - torch.Size([4]): 
The value is the same before and after calling `init_weights` of AdversarialVoxelNet  

adversary.model.23.bias - torch.Size([4]): 
The value is the same before and after calling `init_weights` of AdversarialVoxelNet  
2024/04/23 16:57:55 - mmengine - INFO - Load checkpoint from C:\Users\temex\Desktop\mmdet3dProj\checkpoints\second_hv_secfpn_8xb6-80e_kitti-3d-car-75d9305e.pth
2024/04/23 16:57:55 - mmengine - WARNING - "FileClient" will be deprecated in future. Please use io functions in https://mmengine.readthedocs.io/en/latest/api/fileio.html#file-io
2024/04/23 16:57:55 - mmengine - WARNING - "HardDiskBackend" is the alias of "LocalBackend" and the former will be deprecated in future.
2024/04/23 16:57:55 - mmengine - INFO - Checkpoints will be saved to C:\Users\temex\Desktop\mmdet3dProj\NewAdvTrainingOutput.
2024/04/23 16:59:27 - mmengine - INFO - Epoch(train) [1][  50/1238]  lr: 2.2527e-04  eta: 1:14:47  time: 1.8497  data_time: 1.3647  memory: 3180  grad_norm: inf  loss: 0.2819  loss_cls: 0.0905  loss_bbox: 0.1730  loss_dir: 0.0184
2024/04/23 16:59:40 - mmengine - INFO - Epoch(train) [1][ 100/1238]  lr: 2.2610e-04  eta: 0:41:51  time: 0.2643  data_time: 0.0035  memory: 3161  grad_norm: 0.8749  loss: 0.2629  loss_cls: 0.0834  loss_bbox: 0.1629  loss_dir: 0.0166
2024/04/23 16:59:54 - mmengine - INFO - Epoch(train) [1][ 150/1238]  lr: 2.2748e-04  eta: 0:30:46  time: 0.2678  data_time: 0.0039  memory: 3181  grad_norm: 0.7134  loss: 0.2589  loss_cls: 0.0846  loss_bbox: 0.1575  loss_dir: 0.0168
2024/04/23 17:00:07 - mmengine - INFO - Epoch(train) [1][ 200/1238]  lr: 2.2943e-04  eta: 0:25:06  time: 0.2663  data_time: 0.0026  memory: 3124  grad_norm: 0.6534  loss: 0.2547  loss_cls: 0.0813  loss_bbox: 0.1577  loss_dir: 0.0157
2024/04/23 17:00:21 - mmengine - INFO - Epoch(train) [1][ 250/1238]  lr: 2.3193e-04  eta: 0:21:39  time: 0.2710  data_time: 0.0031  memory: 3170  grad_norm: 0.6874  loss: 0.2422  loss_cls: 0.0741  loss_bbox: 0.1531  loss_dir: 0.0149
2024/04/23 17:00:34 - mmengine - INFO - Epoch(train) [1][ 300/1238]  lr: 2.3499e-04  eta: 0:19:16  time: 0.2685  data_time: 0.0033  memory: 3149  grad_norm: 0.6286  loss: 0.2480  loss_cls: 0.0783  loss_bbox: 0.1541  loss_dir: 0.0156
2024/04/23 17:00:48 - mmengine - INFO - Epoch(train) [1][ 350/1238]  lr: 2.3861e-04  eta: 0:17:29  time: 0.2694  data_time: 0.0027  memory: 3155  grad_norm: 0.5985  loss: 0.2426  loss_cls: 0.0742  loss_bbox: 0.1548  loss_dir: 0.0136
2024/04/23 17:01:01 - mmengine - INFO - Epoch(train) [1][ 400/1238]  lr: 2.4279e-04  eta: 0:16:07  time: 0.2717  data_time: 0.0031  memory: 3138  grad_norm: 0.5756  loss: 0.2390  loss_cls: 0.0741  loss_bbox: 0.1511  loss_dir: 0.0138
2024/04/23 17:01:15 - mmengine - INFO - Epoch(train) [1][ 450/1238]  lr: 2.4753e-04  eta: 0:15:00  time: 0.2702  data_time: 0.0030  memory: 3135  grad_norm: 0.5958  loss: 0.2476  loss_cls: 0.0757  loss_bbox: 0.1567  loss_dir: 0.0153
2024/04/23 17:01:28 - mmengine - INFO - Epoch(train) [1][ 500/1238]  lr: 2.5282e-04  eta: 0:14:03  time: 0.2689  data_time: 0.0029  memory: 3122  grad_norm: 0.6038  loss: 0.2598  loss_cls: 0.0799  loss_bbox: 0.1644  loss_dir: 0.0155
2024/04/23 17:01:42 - mmengine - INFO - Epoch(train) [1][ 550/1238]  lr: 2.5867e-04  eta: 0:13:14  time: 0.2717  data_time: 0.0022  memory: 3119  grad_norm: 0.5981  loss: 0.2699  loss_cls: 0.0833  loss_bbox: 0.1704  loss_dir: 0.0161
2024/04/23 17:01:55 - mmengine - INFO - Epoch(train) [1][ 600/1238]  lr: 2.6508e-04  eta: 0:12:31  time: 0.2699  data_time: 0.0026  memory: 3161  grad_norm: 0.6104  loss: 0.2464  loss_cls: 0.0755  loss_bbox: 0.1555  loss_dir: 0.0154
2024/04/23 17:02:09 - mmengine - INFO - Epoch(train) [1][ 650/1238]  lr: 2.7204e-04  eta: 0:11:54  time: 0.2740  data_time: 0.0029  memory: 3152  grad_norm: 0.5170  loss: 0.2502  loss_cls: 0.0773  loss_bbox: 0.1594  loss_dir: 0.0135
2024/04/23 17:02:23 - mmengine - INFO - Epoch(train) [1][ 700/1238]  lr: 2.7956e-04  eta: 0:11:19  time: 0.2725  data_time: 0.0033  memory: 3164  grad_norm: 0.5253  loss: 0.2460  loss_cls: 0.0751  loss_bbox: 0.1565  loss_dir: 0.0144
2024/04/23 17:02:36 - mmengine - INFO - Epoch(train) [1][ 750/1238]  lr: 2.8764e-04  eta: 0:10:47  time: 0.2731  data_time: 0.0037  memory: 3146  grad_norm: 0.5269  loss: 0.2437  loss_cls: 0.0743  loss_bbox: 0.1549  loss_dir: 0.0145
2024/04/23 17:02:50 - mmengine - INFO - Epoch(train) [1][ 800/1238]  lr: 2.9627e-04  eta: 0:10:18  time: 0.2726  data_time: 0.0032  memory: 3132  grad_norm: 0.5296  loss: 0.2455  loss_cls: 0.0756  loss_bbox: 0.1544  loss_dir: 0.0155
2024/04/23 17:03:03 - mmengine - INFO - Epoch(train) [1][ 850/1238]  lr: 3.0545e-04  eta: 0:09:50  time: 0.2719  data_time: 0.0024  memory: 3124  grad_norm: 0.5763  loss: 0.2671  loss_cls: 0.0803  loss_bbox: 0.1698  loss_dir: 0.0170
2024/04/23 17:03:17 - mmengine - INFO - Epoch(train) [1][ 900/1238]  lr: 3.1519e-04  eta: 0:09:24  time: 0.2716  data_time: 0.0032  memory: 3123  grad_norm: 0.5358  loss: 0.2345  loss_cls: 0.0709  loss_bbox: 0.1508  loss_dir: 0.0128
2024/04/23 17:03:31 - mmengine - INFO - Epoch(train) [1][ 950/1238]  lr: 3.2548e-04  eta: 0:08:59  time: 0.2749  data_time: 0.0060  memory: 3125  grad_norm: 0.5228  loss: 0.2320  loss_cls: 0.0681  loss_bbox: 0.1499  loss_dir: 0.0140
2024/04/23 17:03:44 - mmengine - INFO - Exp name: adversarial-second_hv_secfpn_8xb6-80e_kitti-3d-car_20240423_165737
2024/04/23 17:03:44 - mmengine - INFO - Epoch(train) [1][1000/1238]  lr: 3.3632e-04  eta: 0:08:36  time: 0.2717  data_time: 0.0025  memory: 3158  grad_norm: 0.5109  loss: 0.2443  loss_cls: 0.0740  loss_bbox: 0.1575  loss_dir: 0.0128
2024/04/23 17:03:58 - mmengine - INFO - Epoch(train) [1][1050/1238]  lr: 3.4772e-04  eta: 0:08:13  time: 0.2744  data_time: 0.0027  memory: 3177  grad_norm: 0.5160  loss: 0.2522  loss_cls: 0.0752  loss_bbox: 0.1610  loss_dir: 0.0161
2024/04/23 17:04:12 - mmengine - INFO - Epoch(train) [1][1100/1238]  lr: 3.5967e-04  eta: 0:07:51  time: 0.2732  data_time: 0.0034  memory: 3140  grad_norm: 0.5098  loss: 0.2408  loss_cls: 0.0727  loss_bbox: 0.1530  loss_dir: 0.0151
2024/04/23 17:04:25 - mmengine - INFO - Epoch(train) [1][1150/1238]  lr: 3.7217e-04  eta: 0:07:30  time: 0.2738  data_time: 0.0033  memory: 3146  grad_norm: 0.5123  loss: 0.2361  loss_cls: 0.0723  loss_bbox: 0.1493  loss_dir: 0.0145
2024/04/23 17:04:39 - mmengine - INFO - Epoch(train) [1][1200/1238]  lr: 3.8521e-04  eta: 0:07:09  time: 0.2737  data_time: 0.0027  memory: 3128  grad_norm: 0.4876  loss: 0.2435  loss_cls: 0.0741  loss_bbox: 0.1561  loss_dir: 0.0133
2024/04/23 17:04:49 - mmengine - INFO - Exp name: adversarial-second_hv_secfpn_8xb6-80e_kitti-3d-car_20240423_165737
2024/04/23 17:05:04 - mmengine - INFO - Epoch(val) [1][  50/3769]    eta: 0:17:44  time: 0.2863  data_time: 0.2503  memory: 3147  
2024/04/23 17:05:05 - mmengine - INFO - Epoch(val) [1][ 100/3769]    eta: 0:09:45  time: 0.0327  data_time: 0.0005  memory: 250  
2024/04/23 17:05:07 - mmengine - INFO - Epoch(val) [1][ 150/3769]    eta: 0:07:03  time: 0.0321  data_time: 0.0001  memory: 250  
2024/04/23 17:05:09 - mmengine - INFO - Epoch(val) [1][ 200/3769]    eta: 0:05:41  time: 0.0321  data_time: 0.0007  memory: 250  
2024/04/23 17:05:10 - mmengine - INFO - Epoch(val) [1][ 250/3769]    eta: 0:04:52  time: 0.0320  data_time: 0.0005  memory: 250  
2024/04/23 17:05:12 - mmengine - INFO - Epoch(val) [1][ 300/3769]    eta: 0:04:19  time: 0.0330  data_time: 0.0005  memory: 250  
2024/04/23 17:05:14 - mmengine - INFO - Epoch(val) [1][ 350/3769]    eta: 0:03:54  time: 0.0322  data_time: 0.0009  memory: 250  
2024/04/23 17:05:15 - mmengine - INFO - Epoch(val) [1][ 400/3769]    eta: 0:03:35  time: 0.0320  data_time: 0.0009  memory: 250  
2024/04/23 17:05:17 - mmengine - INFO - Epoch(val) [1][ 450/3769]    eta: 0:03:20  time: 0.0324  data_time: 0.0019  memory: 250  
2024/04/23 17:05:18 - mmengine - INFO - Epoch(val) [1][ 500/3769]    eta: 0:03:08  time: 0.0325  data_time: 0.0015  memory: 250  
2024/04/23 17:05:20 - mmengine - INFO - Epoch(val) [1][ 550/3769]    eta: 0:02:58  time: 0.0333  data_time: 0.0007  memory: 250  
2024/04/23 17:05:22 - mmengine - INFO - Epoch(val) [1][ 600/3769]    eta: 0:02:49  time: 0.0322  data_time: 0.0004  memory: 250  
2024/04/23 17:05:23 - mmengine - INFO - Epoch(val) [1][ 650/3769]    eta: 0:02:41  time: 0.0318  data_time: 0.0003  memory: 250  
2024/04/23 17:05:25 - mmengine - INFO - Epoch(val) [1][ 700/3769]    eta: 0:02:35  time: 0.0330  data_time: 0.0005  memory: 250  
2024/04/23 17:05:27 - mmengine - INFO - Epoch(val) [1][ 750/3769]    eta: 0:02:29  time: 0.0335  data_time: 0.0005  memory: 250  
2024/04/23 17:05:28 - mmengine - INFO - Epoch(val) [1][ 800/3769]    eta: 0:02:23  time: 0.0327  data_time: 0.0008  memory: 250  
2024/04/23 17:05:30 - mmengine - INFO - Epoch(val) [1][ 850/3769]    eta: 0:02:18  time: 0.0334  data_time: 0.0006  memory: 250  
2024/04/23 17:05:32 - mmengine - INFO - Epoch(val) [1][ 900/3769]    eta: 0:02:13  time: 0.0323  data_time: 0.0008  memory: 250  
2024/04/23 17:05:33 - mmengine - INFO - Epoch(val) [1][ 950/3769]    eta: 0:02:09  time: 0.0332  data_time: 0.0005  memory: 250  
2024/04/23 17:05:35 - mmengine - INFO - Epoch(val) [1][1000/3769]    eta: 0:02:05  time: 0.0320  data_time: 0.0008  memory: 250  
2024/04/23 17:05:36 - mmengine - INFO - Epoch(val) [1][1050/3769]    eta: 0:02:01  time: 0.0321  data_time: 0.0005  memory: 250  
2024/04/23 17:05:38 - mmengine - INFO - Epoch(val) [1][1100/3769]    eta: 0:01:57  time: 0.0318  data_time: 0.0004  memory: 250  
2024/04/23 17:05:40 - mmengine - INFO - Epoch(val) [1][1150/3769]    eta: 0:01:54  time: 0.0325  data_time: 0.0005  memory: 250  
2024/04/23 17:05:41 - mmengine - INFO - Epoch(val) [1][1200/3769]    eta: 0:01:50  time: 0.0327  data_time: 0.0001  memory: 250  
2024/04/23 17:05:43 - mmengine - INFO - Epoch(val) [1][1250/3769]    eta: 0:01:47  time: 0.0326  data_time: 0.0007  memory: 250  
2024/04/23 17:05:44 - mmengine - INFO - Epoch(val) [1][1300/3769]    eta: 0:01:44  time: 0.0328  data_time: 0.0005  memory: 250  
2024/04/23 17:05:46 - mmengine - INFO - Epoch(val) [1][1350/3769]    eta: 0:01:41  time: 0.0321  data_time: 0.0005  memory: 250  
2024/04/23 17:05:48 - mmengine - INFO - Epoch(val) [1][1400/3769]    eta: 0:01:38  time: 0.0333  data_time: 0.0008  memory: 250  
2024/04/23 17:05:49 - mmengine - INFO - Epoch(val) [1][1450/3769]    eta: 0:01:35  time: 0.0330  data_time: 0.0005  memory: 250  
2024/04/23 17:05:51 - mmengine - INFO - Epoch(val) [1][1500/3769]    eta: 0:01:33  time: 0.0325  data_time: 0.0003  memory: 250  
2024/04/23 17:05:53 - mmengine - INFO - Epoch(val) [1][1550/3769]    eta: 0:01:30  time: 0.0325  data_time: 0.0006  memory: 250  
2024/04/23 17:05:54 - mmengine - INFO - Epoch(val) [1][1600/3769]    eta: 0:01:27  time: 0.0323  data_time: 0.0007  memory: 250  
2024/04/23 17:05:56 - mmengine - INFO - Epoch(val) [1][1650/3769]    eta: 0:01:25  time: 0.0323  data_time: 0.0007  memory: 250  
2024/04/23 17:05:58 - mmengine - INFO - Epoch(val) [1][1700/3769]    eta: 0:01:22  time: 0.0325  data_time: 0.0006  memory: 250  
2024/04/23 17:05:59 - mmengine - INFO - Epoch(val) [1][1750/3769]    eta: 0:01:20  time: 0.0319  data_time: 0.0005  memory: 250  
2024/04/23 17:06:01 - mmengine - INFO - Epoch(val) [1][1800/3769]    eta: 0:01:17  time: 0.0330  data_time: 0.0004  memory: 250  
2024/04/23 17:06:02 - mmengine - INFO - Epoch(val) [1][1850/3769]    eta: 0:01:15  time: 0.0326  data_time: 0.0006  memory: 250  
2024/04/23 17:06:04 - mmengine - INFO - Epoch(val) [1][1900/3769]    eta: 0:01:13  time: 0.0322  data_time: 0.0004  memory: 250  
2024/04/23 17:06:06 - mmengine - INFO - Epoch(val) [1][1950/3769]    eta: 0:01:10  time: 0.0327  data_time: 0.0005  memory: 250  
2024/04/23 17:06:07 - mmengine - INFO - Epoch(val) [1][2000/3769]    eta: 0:01:08  time: 0.0334  data_time: 0.0012  memory: 250  
2024/04/23 17:06:09 - mmengine - INFO - Epoch(val) [1][2050/3769]    eta: 0:01:06  time: 0.0329  data_time: 0.0004  memory: 250  
2024/04/23 17:06:11 - mmengine - INFO - Epoch(val) [1][2100/3769]    eta: 0:01:04  time: 0.0320  data_time: 0.0003  memory: 250  
2024/04/23 17:06:12 - mmengine - INFO - Epoch(val) [1][2150/3769]    eta: 0:01:02  time: 0.0327  data_time: 0.0003  memory: 250  
2024/04/23 17:06:14 - mmengine - INFO - Epoch(val) [1][2200/3769]    eta: 0:01:00  time: 0.0324  data_time: 0.0007  memory: 250  
2024/04/23 17:06:15 - mmengine - INFO - Epoch(val) [1][2250/3769]    eta: 0:00:57  time: 0.0326  data_time: 0.0007  memory: 250  
2024/04/23 17:06:17 - mmengine - INFO - Epoch(val) [1][2300/3769]    eta: 0:00:55  time: 0.0320  data_time: 0.0007  memory: 250  
2024/04/23 17:06:19 - mmengine - INFO - Epoch(val) [1][2350/3769]    eta: 0:00:53  time: 0.0327  data_time: 0.0002  memory: 250  
2024/04/23 17:06:20 - mmengine - INFO - Epoch(val) [1][2400/3769]    eta: 0:00:51  time: 0.0320  data_time: 0.0007  memory: 250  
2024/04/23 17:06:22 - mmengine - INFO - Epoch(val) [1][2450/3769]    eta: 0:00:49  time: 0.0325  data_time: 0.0006  memory: 250  
2024/04/23 17:06:24 - mmengine - INFO - Epoch(val) [1][2500/3769]    eta: 0:00:47  time: 0.0327  data_time: 0.0011  memory: 250  
2024/04/23 17:06:25 - mmengine - INFO - Epoch(val) [1][2550/3769]    eta: 0:00:45  time: 0.0329  data_time: 0.0006  memory: 250  
2024/04/23 17:06:27 - mmengine - INFO - Epoch(val) [1][2600/3769]    eta: 0:00:43  time: 0.0337  data_time: 0.0009  memory: 250  
2024/04/23 17:06:29 - mmengine - INFO - Epoch(val) [1][2650/3769]    eta: 0:00:41  time: 0.0341  data_time: 0.0004  memory: 250  
2024/04/23 17:06:30 - mmengine - INFO - Epoch(val) [1][2700/3769]    eta: 0:00:39  time: 0.0327  data_time: 0.0002  memory: 250  
2024/04/23 17:06:32 - mmengine - INFO - Epoch(val) [1][2750/3769]    eta: 0:00:37  time: 0.0323  data_time: 0.0004  memory: 250  
2024/04/23 17:06:33 - mmengine - INFO - Epoch(val) [1][2800/3769]    eta: 0:00:35  time: 0.0327  data_time: 0.0006  memory: 250  
2024/04/23 17:06:35 - mmengine - INFO - Epoch(val) [1][2850/3769]    eta: 0:00:34  time: 0.0324  data_time: 0.0003  memory: 250  
2024/04/23 17:06:37 - mmengine - INFO - Epoch(val) [1][2900/3769]    eta: 0:00:32  time: 0.0331  data_time: 0.0001  memory: 250  
2024/04/23 17:06:38 - mmengine - INFO - Epoch(val) [1][2950/3769]    eta: 0:00:30  time: 0.0322  data_time: 0.0005  memory: 250  
2024/04/23 17:06:40 - mmengine - INFO - Epoch(val) [1][3000/3769]    eta: 0:00:28  time: 0.0326  data_time: 0.0005  memory: 250  
2024/04/23 17:06:42 - mmengine - INFO - Epoch(val) [1][3050/3769]    eta: 0:00:26  time: 0.0332  data_time: 0.0003  memory: 250  
2024/04/23 17:06:43 - mmengine - INFO - Epoch(val) [1][3100/3769]    eta: 0:00:24  time: 0.0324  data_time: 0.0010  memory: 250  
2024/04/23 17:06:45 - mmengine - INFO - Epoch(val) [1][3150/3769]    eta: 0:00:22  time: 0.0340  data_time: 0.0009  memory: 250  
2024/04/23 17:06:47 - mmengine - INFO - Epoch(val) [1][3200/3769]    eta: 0:00:20  time: 0.0332  data_time: 0.0008  memory: 250  
2024/04/23 17:06:48 - mmengine - INFO - Epoch(val) [1][3250/3769]    eta: 0:00:18  time: 0.0330  data_time: 0.0002  memory: 250  
2024/04/23 17:06:50 - mmengine - INFO - Epoch(val) [1][3300/3769]    eta: 0:00:17  time: 0.0320  data_time: 0.0008  memory: 250  
2024/04/23 17:06:51 - mmengine - INFO - Epoch(val) [1][3350/3769]    eta: 0:00:15  time: 0.0321  data_time: 0.0004  memory: 250  
2024/04/23 17:06:53 - mmengine - INFO - Epoch(val) [1][3400/3769]    eta: 0:00:13  time: 0.0327  data_time: 0.0004  memory: 250  
2024/04/23 17:06:55 - mmengine - INFO - Epoch(val) [1][3450/3769]    eta: 0:00:11  time: 0.0322  data_time: 0.0006  memory: 250  
2024/04/23 17:06:56 - mmengine - INFO - Epoch(val) [1][3500/3769]    eta: 0:00:09  time: 0.0328  data_time: 0.0007  memory: 250  
2024/04/23 17:06:58 - mmengine - INFO - Epoch(val) [1][3550/3769]    eta: 0:00:07  time: 0.0319  data_time: 0.0005  memory: 250  
2024/04/23 17:07:00 - mmengine - INFO - Epoch(val) [1][3600/3769]    eta: 0:00:06  time: 0.0323  data_time: 0.0004  memory: 250  
2024/04/23 17:07:01 - mmengine - INFO - Epoch(val) [1][3650/3769]    eta: 0:00:04  time: 0.0334  data_time: 0.0003  memory: 250  
2024/04/23 17:07:03 - mmengine - INFO - Epoch(val) [1][3700/3769]    eta: 0:00:02  time: 0.0327  data_time: 0.0004  memory: 250  
2024/04/23 17:07:05 - mmengine - INFO - Epoch(val) [1][3750/3769]    eta: 0:00:00  time: 0.0324  data_time: 0.0008  memory: 250  
2024/04/23 17:07:59 - mmengine - INFO - Results of pred_instances_3d:

----------- AP11 Results ------------

Car AP11@0.70, 0.70, 0.70:
bbox AP11:94.7398, 89.6546, 88.1341
bev  AP11:90.2263, 87.3644, 84.4622
3d   AP11:88.6378, 78.6428, 76.7157
aos  AP11:94.64, 89.37, 87.64
Car AP11@0.70, 0.50, 0.50:
bbox AP11:94.7398, 89.6546, 88.1341
bev  AP11:94.8239, 89.9724, 88.8096
3d   AP11:94.7849, 89.8882, 88.5908
aos  AP11:94.64, 89.37, 87.64

----------- AP40 Results ------------

Car AP40@0.70, 0.70, 0.70:
bbox AP40:97.2010, 92.3367, 89.2984
bev  AP40:93.8698, 88.5825, 85.5608
3d   AP40:90.6021, 81.7181, 76.7789
aos  AP40:97.10, 92.01, 88.79
Car AP40@0.70, 0.50, 0.50:
bbox AP40:97.2010, 92.3367, 89.2984
bev  AP40:97.2888, 94.5666, 91.7391
3d   AP40:97.2409, 94.3585, 91.5122
aos  AP40:97.10, 92.01, 88.79

2024/04/23 17:07:59 - mmengine - INFO - Epoch(val) [1][3769/3769]    Kitti metric/pred_instances_3d/KITTI/Car_3D_AP11_easy_strict: 88.6378  Kitti metric/pred_instances_3d/KITTI/Car_BEV_AP11_easy_strict: 90.2263  Kitti metric/pred_instances_3d/KITTI/Car_2D_AP11_easy_strict: 94.7398  Kitti metric/pred_instances_3d/KITTI/Car_3D_AP11_moderate_strict: 78.6428  Kitti metric/pred_instances_3d/KITTI/Car_BEV_AP11_moderate_strict: 87.3644  Kitti metric/pred_instances_3d/KITTI/Car_2D_AP11_moderate_strict: 89.6546  Kitti metric/pred_instances_3d/KITTI/Car_3D_AP11_hard_strict: 76.7157  Kitti metric/pred_instances_3d/KITTI/Car_BEV_AP11_hard_strict: 84.4622  Kitti metric/pred_instances_3d/KITTI/Car_2D_AP11_hard_strict: 88.1341  Kitti metric/pred_instances_3d/KITTI/Car_3D_AP11_easy_loose: 94.7849  Kitti metric/pred_instances_3d/KITTI/Car_BEV_AP11_easy_loose: 94.8239  Kitti metric/pred_instances_3d/KITTI/Car_2D_AP11_easy_loose: 94.7398  Kitti metric/pred_instances_3d/KITTI/Car_3D_AP11_moderate_loose: 89.8882  Kitti metric/pred_instances_3d/KITTI/Car_BEV_AP11_moderate_loose: 89.9724  Kitti metric/pred_instances_3d/KITTI/Car_2D_AP11_moderate_loose: 89.6546  Kitti metric/pred_instances_3d/KITTI/Car_3D_AP11_hard_loose: 88.5908  Kitti metric/pred_instances_3d/KITTI/Car_BEV_AP11_hard_loose: 88.8096  Kitti metric/pred_instances_3d/KITTI/Car_2D_AP11_hard_loose: 88.1341  Kitti metric/pred_instances_3d/KITTI/Car_3D_AP40_easy_strict: 90.6021  Kitti metric/pred_instances_3d/KITTI/Car_BEV_AP40_easy_strict: 93.8698  Kitti metric/pred_instances_3d/KITTI/Car_2D_AP40_easy_strict: 97.2010  Kitti metric/pred_instances_3d/KITTI/Car_3D_AP40_moderate_strict: 81.7181  Kitti metric/pred_instances_3d/KITTI/Car_BEV_AP40_moderate_strict: 88.5825  Kitti metric/pred_instances_3d/KITTI/Car_2D_AP40_moderate_strict: 92.3367  Kitti metric/pred_instances_3d/KITTI/Car_3D_AP40_hard_strict: 76.7789  Kitti metric/pred_instances_3d/KITTI/Car_BEV_AP40_hard_strict: 85.5608  Kitti metric/pred_instances_3d/KITTI/Car_2D_AP40_hard_strict: 89.2984  Kitti metric/pred_instances_3d/KITTI/Car_3D_AP40_easy_loose: 97.2409  Kitti metric/pred_instances_3d/KITTI/Car_BEV_AP40_easy_loose: 97.2888  Kitti metric/pred_instances_3d/KITTI/Car_2D_AP40_easy_loose: 97.2010  Kitti metric/pred_instances_3d/KITTI/Car_3D_AP40_moderate_loose: 94.3585  Kitti metric/pred_instances_3d/KITTI/Car_BEV_AP40_moderate_loose: 94.5666  Kitti metric/pred_instances_3d/KITTI/Car_2D_AP40_moderate_loose: 92.3367  Kitti metric/pred_instances_3d/KITTI/Car_3D_AP40_hard_loose: 91.5122  Kitti metric/pred_instances_3d/KITTI/Car_BEV_AP40_hard_loose: 91.7391  Kitti metric/pred_instances_3d/KITTI/Car_2D_AP40_hard_loose: 89.2984  data_time: 0.0039  time: 0.0360
2024/04/23 17:08:12 - mmengine - INFO - Epoch(train) [2][  50/1238]  lr: 4.0951e-04  eta: 0:06:35  time: 0.2721  data_time: 0.0049  memory: 3171  grad_norm: 0.4951  loss: 0.2322  loss_cls: 0.0721  loss_bbox: 0.1460  loss_dir: 0.0141
2024/04/23 17:08:26 - mmengine - INFO - Epoch(train) [2][ 100/1238]  lr: 4.2407e-04  eta: 0:06:15  time: 0.2680  data_time: 0.0035  memory: 3137  grad_norm: 0.5272  loss: 0.2473  loss_cls: 0.0741  loss_bbox: 0.1583  loss_dir: 0.0149
2024/04/23 17:08:39 - mmengine - INFO - Epoch(train) [2][ 150/1238]  lr: 4.3918e-04  eta: 0:05:56  time: 0.2694  data_time: 0.0027  memory: 3161  grad_norm: 0.5202  loss: 0.2384  loss_cls: 0.0731  loss_bbox: 0.1507  loss_dir: 0.0146
2024/04/23 17:08:53 - mmengine - INFO - Epoch(train) [2][ 200/1238]  lr: 4.5483e-04  eta: 0:05:38  time: 0.2730  data_time: 0.0025  memory: 3159  grad_norm: 0.5428  loss: 0.2515  loss_cls: 0.0784  loss_bbox: 0.1565  loss_dir: 0.0166
2024/04/23 17:09:07 - mmengine - INFO - Epoch(train) [2][ 250/1238]  lr: 4.7102e-04  eta: 0:05:20  time: 0.2718  data_time: 0.0029  memory: 3119  grad_norm: 0.5039  loss: 0.2516  loss_cls: 0.0746  loss_bbox: 0.1616  loss_dir: 0.0154
2024/04/23 17:09:20 - mmengine - INFO - Epoch(train) [2][ 300/1238]  lr: 4.8776e-04  eta: 0:05:02  time: 0.2709  data_time: 0.0036  memory: 3167  grad_norm: 0.5164  loss: 0.2471  loss_cls: 0.0773  loss_bbox: 0.1549  loss_dir: 0.0150
2024/04/23 17:09:34 - mmengine - INFO - Epoch(train) [2][ 350/1238]  lr: 5.0505e-04  eta: 0:04:44  time: 0.2728  data_time: 0.0030  memory: 3150  grad_norm: 0.5091  loss: 0.2486  loss_cls: 0.0747  loss_bbox: 0.1586  loss_dir: 0.0153
2024/04/23 17:09:47 - mmengine - INFO - Epoch(train) [2][ 400/1238]  lr: 5.2287e-04  eta: 0:04:27  time: 0.2691  data_time: 0.0030  memory: 3149  grad_norm: 0.5333  loss: 0.2535  loss_cls: 0.0770  loss_bbox: 0.1607  loss_dir: 0.0158
2024/04/23 17:10:01 - mmengine - INFO - Epoch(train) [2][ 450/1238]  lr: 5.4123e-04  eta: 0:04:10  time: 0.2729  data_time: 0.0017  memory: 3141  grad_norm: 0.5010  loss: 0.2505  loss_cls: 0.0768  loss_bbox: 0.1588  loss_dir: 0.0150
2024/04/23 17:10:14 - mmengine - INFO - Epoch(train) [2][ 500/1238]  lr: 5.6013e-04  eta: 0:03:53  time: 0.2718  data_time: 0.0030  memory: 3178  grad_norm: 0.5170  loss: 0.2441  loss_cls: 0.0719  loss_bbox: 0.1574  loss_dir: 0.0149
2024/04/23 17:10:28 - mmengine - INFO - Epoch(train) [2][ 550/1238]  lr: 5.7957e-04  eta: 0:03:36  time: 0.2721  data_time: 0.0024  memory: 3142  grad_norm: 0.5218  loss: 0.2506  loss_cls: 0.0753  loss_bbox: 0.1602  loss_dir: 0.0151
2024/04/23 17:10:42 - mmengine - INFO - Epoch(train) [2][ 600/1238]  lr: 5.9955e-04  eta: 0:03:20  time: 0.2724  data_time: 0.0038  memory: 3134  grad_norm: 0.4967  loss: 0.2473  loss_cls: 0.0752  loss_bbox: 0.1555  loss_dir: 0.0166
2024/04/23 17:10:55 - mmengine - INFO - Epoch(train) [2][ 650/1238]  lr: 6.2006e-04  eta: 0:03:04  time: 0.2719  data_time: 0.0028  memory: 3145  grad_norm: 0.5230  loss: 0.2503  loss_cls: 0.0751  loss_bbox: 0.1584  loss_dir: 0.0169
2024/04/23 17:11:09 - mmengine - INFO - Epoch(train) [2][ 700/1238]  lr: 6.4111e-04  eta: 0:02:47  time: 0.2735  data_time: 0.0036  memory: 3166  grad_norm: 0.4986  loss: 0.2513  loss_cls: 0.0783  loss_bbox: 0.1580  loss_dir: 0.0151
2024/04/23 17:11:23 - mmengine - INFO - Epoch(train) [2][ 750/1238]  lr: 6.6269e-04  eta: 0:02:31  time: 0.2725  data_time: 0.0021  memory: 3153  grad_norm: 0.5287  loss: 0.2415  loss_cls: 0.0728  loss_bbox: 0.1525  loss_dir: 0.0162
2024/04/23 17:11:26 - mmengine - INFO - Exp name: adversarial-second_hv_secfpn_8xb6-80e_kitti-3d-car_20240423_165737
2024/04/23 17:11:36 - mmengine - INFO - Epoch(train) [2][ 800/1238]  lr: 6.8480e-04  eta: 0:02:15  time: 0.2713  data_time: 0.0026  memory: 3122  grad_norm: 0.5202  loss: 0.2493  loss_cls: 0.0777  loss_bbox: 0.1558  loss_dir: 0.0157
2024/04/23 17:11:50 - mmengine - INFO - Epoch(train) [2][ 850/1238]  lr: 7.0744e-04  eta: 0:01:59  time: 0.2708  data_time: 0.0022  memory: 3197  grad_norm: 0.5354  loss: 0.2650  loss_cls: 0.0830  loss_bbox: 0.1666  loss_dir: 0.0154
2024/04/23 17:12:03 - mmengine - INFO - Epoch(train) [2][ 900/1238]  lr: 7.3061e-04  eta: 0:01:44  time: 0.2722  data_time: 0.0027  memory: 3143  grad_norm: 0.5188  loss: 0.2459  loss_cls: 0.0753  loss_bbox: 0.1559  loss_dir: 0.0147
2024/04/23 17:12:17 - mmengine - INFO - Epoch(train) [2][ 950/1238]  lr: 7.5431e-04  eta: 0:01:28  time: 0.2718  data_time: 0.0022  memory: 3134  grad_norm: 0.5204  loss: 0.2401  loss_cls: 0.0743  loss_bbox: 0.1528  loss_dir: 0.0130
2024/04/23 17:12:31 - mmengine - INFO - Epoch(train) [2][1000/1238]  lr: 7.7853e-04  eta: 0:01:12  time: 0.2741  data_time: 0.0029  memory: 3158  grad_norm: 0.5332  loss: 0.2593  loss_cls: 0.0801  loss_bbox: 0.1643  loss_dir: 0.0148
2024/04/23 17:12:44 - mmengine - INFO - Epoch(train) [2][1050/1238]  lr: 8.0327e-04  eta: 0:00:57  time: 0.2715  data_time: 0.0028  memory: 3149  grad_norm: 0.5286  loss: 0.2338  loss_cls: 0.0693  loss_bbox: 0.1502  loss_dir: 0.0143
2024/04/23 17:12:58 - mmengine - INFO - Epoch(train) [2][1100/1238]  lr: 8.2854e-04  eta: 0:00:42  time: 0.2729  data_time: 0.0026  memory: 3114  grad_norm: 0.5381  loss: 0.2561  loss_cls: 0.0791  loss_bbox: 0.1618  loss_dir: 0.0152
2024/04/23 17:13:11 - mmengine - INFO - Epoch(train) [2][1150/1238]  lr: 8.5433e-04  eta: 0:00:26  time: 0.2726  data_time: 0.0028  memory: 3154  grad_norm: 0.5526  loss: 0.2633  loss_cls: 0.0811  loss_bbox: 0.1660  loss_dir: 0.0162
2024/04/23 17:13:25 - mmengine - INFO - Epoch(train) [2][1200/1238]  lr: 8.8064e-04  eta: 0:00:11  time: 0.2709  data_time: 0.0027  memory: 3116  grad_norm: 0.5236  loss: 0.2403  loss_cls: 0.0725  loss_bbox: 0.1541  loss_dir: 0.0138
2024/04/23 17:13:35 - mmengine - INFO - Exp name: adversarial-second_hv_secfpn_8xb6-80e_kitti-3d-car_20240423_165737
2024/04/23 17:13:35 - mmengine - INFO - Saving checkpoint at 2 epochs
2024/04/23 17:13:38 - mmengine - INFO - Epoch(val) [2][  50/3769]    eta: 0:02:02  time: 0.0330  data_time: 0.0004  memory: 3134  
2024/04/23 17:13:39 - mmengine - INFO - Epoch(val) [2][ 100/3769]    eta: 0:02:00  time: 0.0329  data_time: 0.0006  memory: 250  
2024/04/23 17:13:41 - mmengine - INFO - Epoch(val) [2][ 150/3769]    eta: 0:01:59  time: 0.0329  data_time: 0.0005  memory: 250  
2024/04/23 17:13:43 - mmengine - INFO - Epoch(val) [2][ 200/3769]    eta: 0:01:56  time: 0.0321  data_time: 0.0009  memory: 250  
2024/04/23 17:13:44 - mmengine - INFO - Epoch(val) [2][ 250/3769]    eta: 0:01:54  time: 0.0323  data_time: 0.0005  memory: 250  
2024/04/23 17:13:46 - mmengine - INFO - Epoch(val) [2][ 300/3769]    eta: 0:01:53  time: 0.0325  data_time: 0.0003  memory: 250  
2024/04/23 17:13:47 - mmengine - INFO - Epoch(val) [2][ 350/3769]    eta: 0:01:51  time: 0.0329  data_time: 0.0008  memory: 250  
2024/04/23 17:13:49 - mmengine - INFO - Epoch(val) [2][ 400/3769]    eta: 0:01:49  time: 0.0325  data_time: 0.0002  memory: 250  
2024/04/23 17:13:51 - mmengine - INFO - Epoch(val) [2][ 450/3769]    eta: 0:01:48  time: 0.0322  data_time: 0.0003  memory: 250  
2024/04/23 17:13:52 - mmengine - INFO - Epoch(val) [2][ 500/3769]    eta: 0:01:46  time: 0.0330  data_time: 0.0008  memory: 250  
2024/04/23 17:13:54 - mmengine - INFO - Epoch(val) [2][ 550/3769]    eta: 0:01:44  time: 0.0321  data_time: 0.0004  memory: 250  
2024/04/23 17:13:56 - mmengine - INFO - Epoch(val) [2][ 600/3769]    eta: 0:01:43  time: 0.0328  data_time: 0.0007  memory: 250  
2024/04/23 17:13:57 - mmengine - INFO - Epoch(val) [2][ 650/3769]    eta: 0:01:41  time: 0.0320  data_time: 0.0005  memory: 250  
2024/04/23 17:13:59 - mmengine - INFO - Epoch(val) [2][ 700/3769]    eta: 0:01:40  time: 0.0329  data_time: 0.0001  memory: 250  
2024/04/23 17:14:00 - mmengine - INFO - Epoch(val) [2][ 750/3769]    eta: 0:01:38  time: 0.0323  data_time: 0.0003  memory: 250  
2024/04/23 17:14:02 - mmengine - INFO - Epoch(val) [2][ 800/3769]    eta: 0:01:36  time: 0.0324  data_time: 0.0005  memory: 250  
2024/04/23 17:14:04 - mmengine - INFO - Epoch(val) [2][ 850/3769]    eta: 0:01:34  time: 0.0323  data_time: 0.0008  memory: 250  
2024/04/23 17:14:05 - mmengine - INFO - Epoch(val) [2][ 900/3769]    eta: 0:01:33  time: 0.0319  data_time: 0.0004  memory: 250  
2024/04/23 17:14:07 - mmengine - INFO - Epoch(val) [2][ 950/3769]    eta: 0:01:31  time: 0.0322  data_time: 0.0004  memory: 250  
2024/04/23 17:14:08 - mmengine - INFO - Epoch(val) [2][1000/3769]    eta: 0:01:29  time: 0.0320  data_time: 0.0004  memory: 250  
2024/04/23 17:14:10 - mmengine - INFO - Epoch(val) [2][1050/3769]    eta: 0:01:28  time: 0.0321  data_time: 0.0008  memory: 250  
2024/04/23 17:14:12 - mmengine - INFO - Epoch(val) [2][1100/3769]    eta: 0:01:26  time: 0.0330  data_time: 0.0009  memory: 250  
2024/04/23 17:14:13 - mmengine - INFO - Epoch(val) [2][1150/3769]    eta: 0:01:25  time: 0.0333  data_time: 0.0002  memory: 250  
2024/04/23 17:14:15 - mmengine - INFO - Epoch(val) [2][1200/3769]    eta: 0:01:23  time: 0.0320  data_time: 0.0002  memory: 250  
2024/04/23 17:14:17 - mmengine - INFO - Epoch(val) [2][1250/3769]    eta: 0:01:21  time: 0.0321  data_time: 0.0007  memory: 250  
2024/04/23 17:14:18 - mmengine - INFO - Epoch(val) [2][1300/3769]    eta: 0:01:20  time: 0.0319  data_time: 0.0011  memory: 250  
2024/04/23 17:14:20 - mmengine - INFO - Epoch(val) [2][1350/3769]    eta: 0:01:18  time: 0.0325  data_time: 0.0010  memory: 250  
2024/04/23 17:14:21 - mmengine - INFO - Epoch(val) [2][1400/3769]    eta: 0:01:16  time: 0.0325  data_time: 0.0004  memory: 250  
2024/04/23 17:14:23 - mmengine - INFO - Epoch(val) [2][1450/3769]    eta: 0:01:15  time: 0.0329  data_time: 0.0008  memory: 250  
2024/04/23 17:14:25 - mmengine - INFO - Epoch(val) [2][1500/3769]    eta: 0:01:13  time: 0.0322  data_time: 0.0007  memory: 250  
2024/04/23 17:14:26 - mmengine - INFO - Epoch(val) [2][1550/3769]    eta: 0:01:11  time: 0.0320  data_time: 0.0001  memory: 250  
2024/04/23 17:14:28 - mmengine - INFO - Epoch(val) [2][1600/3769]    eta: 0:01:10  time: 0.0323  data_time: 0.0005  memory: 250  
2024/04/23 17:14:30 - mmengine - INFO - Epoch(val) [2][1650/3769]    eta: 0:01:08  time: 0.0321  data_time: 0.0009  memory: 250  
2024/04/23 17:14:31 - mmengine - INFO - Epoch(val) [2][1700/3769]    eta: 0:01:07  time: 0.0342  data_time: 0.0009  memory: 250  
2024/04/23 17:14:33 - mmengine - INFO - Epoch(val) [2][1750/3769]    eta: 0:01:05  time: 0.0336  data_time: 0.0003  memory: 250  
2024/04/23 17:14:35 - mmengine - INFO - Epoch(val) [2][1800/3769]    eta: 0:01:04  time: 0.0344  data_time: 0.0007  memory: 250  
2024/04/23 17:14:36 - mmengine - INFO - Epoch(val) [2][1850/3769]    eta: 0:01:02  time: 0.0329  data_time: 0.0010  memory: 250  
2024/04/23 17:14:38 - mmengine - INFO - Epoch(val) [2][1900/3769]    eta: 0:01:00  time: 0.0325  data_time: 0.0005  memory: 250  
2024/04/23 17:14:40 - mmengine - INFO - Epoch(val) [2][1950/3769]    eta: 0:00:59  time: 0.0323  data_time: 0.0008  memory: 250  
2024/04/23 17:14:41 - mmengine - INFO - Epoch(val) [2][2000/3769]    eta: 0:00:57  time: 0.0321  data_time: 0.0007  memory: 250  
2024/04/23 17:14:43 - mmengine - INFO - Epoch(val) [2][2050/3769]    eta: 0:00:55  time: 0.0327  data_time: 0.0003  memory: 250  
2024/04/23 17:14:44 - mmengine - INFO - Epoch(val) [2][2100/3769]    eta: 0:00:54  time: 0.0327  data_time: 0.0003  memory: 250  
2024/04/23 17:14:46 - mmengine - INFO - Epoch(val) [2][2150/3769]    eta: 0:00:52  time: 0.0318  data_time: 0.0004  memory: 250  
2024/04/23 17:14:48 - mmengine - INFO - Epoch(val) [2][2200/3769]    eta: 0:00:51  time: 0.0330  data_time: 0.0004  memory: 250  
2024/04/23 17:14:49 - mmengine - INFO - Epoch(val) [2][2250/3769]    eta: 0:00:49  time: 0.0321  data_time: 0.0001  memory: 250  
2024/04/23 17:14:51 - mmengine - INFO - Epoch(val) [2][2300/3769]    eta: 0:00:47  time: 0.0321  data_time: 0.0011  memory: 250  
2024/04/23 17:14:53 - mmengine - INFO - Epoch(val) [2][2350/3769]    eta: 0:00:46  time: 0.0329  data_time: 0.0004  memory: 250  
2024/04/23 17:14:54 - mmengine - INFO - Epoch(val) [2][2400/3769]    eta: 0:00:44  time: 0.0326  data_time: 0.0009  memory: 250  
2024/04/23 17:14:56 - mmengine - INFO - Epoch(val) [2][2450/3769]    eta: 0:00:42  time: 0.0340  data_time: 0.0009  memory: 250  
2024/04/23 17:14:58 - mmengine - INFO - Epoch(val) [2][2500/3769]    eta: 0:00:41  time: 0.0337  data_time: 0.0011  memory: 250  
2024/04/23 17:14:59 - mmengine - INFO - Epoch(val) [2][2550/3769]    eta: 0:00:39  time: 0.0335  data_time: 0.0010  memory: 250  
2024/04/23 17:15:01 - mmengine - INFO - Epoch(val) [2][2600/3769]    eta: 0:00:38  time: 0.0322  data_time: 0.0005  memory: 250  
2024/04/23 17:15:02 - mmengine - INFO - Epoch(val) [2][2650/3769]    eta: 0:00:36  time: 0.0326  data_time: 0.0005  memory: 250  
2024/04/23 17:15:04 - mmengine - INFO - Epoch(val) [2][2700/3769]    eta: 0:00:34  time: 0.0320  data_time: 0.0013  memory: 250  
2024/04/23 17:15:06 - mmengine - INFO - Epoch(val) [2][2750/3769]    eta: 0:00:33  time: 0.0323  data_time: 0.0008  memory: 250  
2024/04/23 17:15:07 - mmengine - INFO - Epoch(val) [2][2800/3769]    eta: 0:00:31  time: 0.0325  data_time: 0.0009  memory: 250  
2024/04/23 17:15:09 - mmengine - INFO - Epoch(val) [2][2850/3769]    eta: 0:00:29  time: 0.0324  data_time: 0.0006  memory: 250  
2024/04/23 17:15:11 - mmengine - INFO - Epoch(val) [2][2900/3769]    eta: 0:00:28  time: 0.0328  data_time: 0.0006  memory: 250  
2024/04/23 17:15:12 - mmengine - INFO - Epoch(val) [2][2950/3769]    eta: 0:00:26  time: 0.0321  data_time: 0.0007  memory: 250  
2024/04/23 17:15:14 - mmengine - INFO - Epoch(val) [2][3000/3769]    eta: 0:00:25  time: 0.0325  data_time: 0.0009  memory: 250  
2024/04/23 17:15:15 - mmengine - INFO - Epoch(val) [2][3050/3769]    eta: 0:00:23  time: 0.0330  data_time: 0.0002  memory: 250  
2024/04/23 17:15:17 - mmengine - INFO - Epoch(val) [2][3100/3769]    eta: 0:00:21  time: 0.0331  data_time: 0.0002  memory: 250  
2024/04/23 17:15:19 - mmengine - INFO - Epoch(val) [2][3150/3769]    eta: 0:00:20  time: 0.0336  data_time: 0.0001  memory: 250  
2024/04/23 17:15:20 - mmengine - INFO - Epoch(val) [2][3200/3769]    eta: 0:00:18  time: 0.0329  data_time: 0.0006  memory: 250  
2024/04/23 17:15:22 - mmengine - INFO - Epoch(val) [2][3250/3769]    eta: 0:00:16  time: 0.0331  data_time: 0.0007  memory: 250  
2024/04/23 17:15:24 - mmengine - INFO - Epoch(val) [2][3300/3769]    eta: 0:00:15  time: 0.0320  data_time: 0.0004  memory: 250  
2024/04/23 17:15:25 - mmengine - INFO - Epoch(val) [2][3350/3769]    eta: 0:00:13  time: 0.0324  data_time: 0.0003  memory: 250  
2024/04/23 17:15:27 - mmengine - INFO - Epoch(val) [2][3400/3769]    eta: 0:00:12  time: 0.0331  data_time: 0.0003  memory: 250  
2024/04/23 17:15:29 - mmengine - INFO - Epoch(val) [2][3450/3769]    eta: 0:00:10  time: 0.0328  data_time: 0.0004  memory: 250  
2024/04/23 17:15:30 - mmengine - INFO - Epoch(val) [2][3500/3769]    eta: 0:00:08  time: 0.0323  data_time: 0.0002  memory: 250  
2024/04/23 17:15:32 - mmengine - INFO - Epoch(val) [2][3550/3769]    eta: 0:00:07  time: 0.0320  data_time: 0.0006  memory: 250  
2024/04/23 17:15:34 - mmengine - INFO - Epoch(val) [2][3600/3769]    eta: 0:00:05  time: 0.0333  data_time: 0.0003  memory: 250  
2024/04/23 17:15:35 - mmengine - INFO - Epoch(val) [2][3650/3769]    eta: 0:00:03  time: 0.0324  data_time: 0.0002  memory: 250  
2024/04/23 17:15:37 - mmengine - INFO - Epoch(val) [2][3700/3769]    eta: 0:00:02  time: 0.0326  data_time: 0.0008  memory: 250  
2024/04/23 17:15:38 - mmengine - INFO - Epoch(val) [2][3750/3769]    eta: 0:00:00  time: 0.0317  data_time: 0.0007  memory: 250  
2024/04/23 17:15:56 - mmengine - INFO - Results of pred_instances_3d:

----------- AP11 Results ------------

Car AP11@0.70, 0.70, 0.70:
bbox AP11:95.2545, 89.5732, 87.8108
bev  AP11:90.0976, 86.9638, 83.9616
3d   AP11:88.1718, 77.8446, 75.2899
aos  AP11:95.06, 89.05, 87.06
Car AP11@0.70, 0.50, 0.50:
bbox AP11:95.2545, 89.5732, 87.8108
bev  AP11:95.3440, 89.8942, 88.6213
3d   AP11:95.2901, 89.7966, 88.3914
aos  AP11:95.06, 89.05, 87.06

----------- AP40 Results ------------

Car AP40@0.70, 0.70, 0.70:
bbox AP40:97.4716, 92.1996, 89.0079
bev  AP40:92.8043, 88.2103, 84.9887
3d   AP40:90.2512, 79.2474, 75.5831
aos  AP40:97.27, 91.61, 88.22
Car AP40@0.70, 0.50, 0.50:
bbox AP40:97.4716, 92.1996, 89.0079
bev  AP40:97.5941, 94.5895, 91.5366
3d   AP40:97.4464, 94.3264, 91.2592
aos  AP40:97.27, 91.61, 88.22

2024/04/23 17:15:56 - mmengine - INFO - Epoch(val) [2][3769/3769]    Kitti metric/pred_instances_3d/KITTI/Car_3D_AP11_easy_strict: 88.1718  Kitti metric/pred_instances_3d/KITTI/Car_BEV_AP11_easy_strict: 90.0976  Kitti metric/pred_instances_3d/KITTI/Car_2D_AP11_easy_strict: 95.2545  Kitti metric/pred_instances_3d/KITTI/Car_3D_AP11_moderate_strict: 77.8446  Kitti metric/pred_instances_3d/KITTI/Car_BEV_AP11_moderate_strict: 86.9638  Kitti metric/pred_instances_3d/KITTI/Car_2D_AP11_moderate_strict: 89.5732  Kitti metric/pred_instances_3d/KITTI/Car_3D_AP11_hard_strict: 75.2899  Kitti metric/pred_instances_3d/KITTI/Car_BEV_AP11_hard_strict: 83.9616  Kitti metric/pred_instances_3d/KITTI/Car_2D_AP11_hard_strict: 87.8108  Kitti metric/pred_instances_3d/KITTI/Car_3D_AP11_easy_loose: 95.2901  Kitti metric/pred_instances_3d/KITTI/Car_BEV_AP11_easy_loose: 95.3440  Kitti metric/pred_instances_3d/KITTI/Car_2D_AP11_easy_loose: 95.2545  Kitti metric/pred_instances_3d/KITTI/Car_3D_AP11_moderate_loose: 89.7966  Kitti metric/pred_instances_3d/KITTI/Car_BEV_AP11_moderate_loose: 89.8942  Kitti metric/pred_instances_3d/KITTI/Car_2D_AP11_moderate_loose: 89.5732  Kitti metric/pred_instances_3d/KITTI/Car_3D_AP11_hard_loose: 88.3914  Kitti metric/pred_instances_3d/KITTI/Car_BEV_AP11_hard_loose: 88.6213  Kitti metric/pred_instances_3d/KITTI/Car_2D_AP11_hard_loose: 87.8108  Kitti metric/pred_instances_3d/KITTI/Car_3D_AP40_easy_strict: 90.2512  Kitti metric/pred_instances_3d/KITTI/Car_BEV_AP40_easy_strict: 92.8043  Kitti metric/pred_instances_3d/KITTI/Car_2D_AP40_easy_strict: 97.4716  Kitti metric/pred_instances_3d/KITTI/Car_3D_AP40_moderate_strict: 79.2474  Kitti metric/pred_instances_3d/KITTI/Car_BEV_AP40_moderate_strict: 88.2103  Kitti metric/pred_instances_3d/KITTI/Car_2D_AP40_moderate_strict: 92.1996  Kitti metric/pred_instances_3d/KITTI/Car_3D_AP40_hard_strict: 75.5831  Kitti metric/pred_instances_3d/KITTI/Car_BEV_AP40_hard_strict: 84.9887  Kitti metric/pred_instances_3d/KITTI/Car_2D_AP40_hard_strict: 89.0079  Kitti metric/pred_instances_3d/KITTI/Car_3D_AP40_easy_loose: 97.4464  Kitti metric/pred_instances_3d/KITTI/Car_BEV_AP40_easy_loose: 97.5941  Kitti metric/pred_instances_3d/KITTI/Car_2D_AP40_easy_loose: 97.4716  Kitti metric/pred_instances_3d/KITTI/Car_3D_AP40_moderate_loose: 94.3264  Kitti metric/pred_instances_3d/KITTI/Car_BEV_AP40_moderate_loose: 94.5895  Kitti metric/pred_instances_3d/KITTI/Car_2D_AP40_moderate_loose: 92.1996  Kitti metric/pred_instances_3d/KITTI/Car_3D_AP40_hard_loose: 91.2592  Kitti metric/pred_instances_3d/KITTI/Car_BEV_AP40_hard_loose: 91.5366  Kitti metric/pred_instances_3d/KITTI/Car_2D_AP40_hard_loose: 89.0079  data_time: 0.0006  time: 0.0326
