2024/04/28 19:20:49 - mmengine - INFO - 
------------------------------------------------------------
System environment:
    sys.platform: win32
    Python: 3.8.18 (default, Sep 11 2023, 13:39:12) [MSC v.1916 64 bit (AMD64)]
    CUDA available: True
    MUSA available: False
    numpy_random_seed: 946021689
    GPU 0,1: NVIDIA RTX A4500
    CUDA_HOME: C:\Program Files\NVIDIA GPU Computing Toolkit\CUDA\v11.3
    NVCC: Cuda compilation tools, release 11.3, V11.3.58
    MSVC: Microsoft (R) C/C++ Optimizing Compiler Version 19.29.30152 for x64
    GCC: n/a
    PyTorch: 1.10.0
    PyTorch compiling details: PyTorch built with:
  - C++ Version: 199711
  - MSVC 192829337
  - Intel(R) Math Kernel Library Version 2020.0.2 Product Build 20200624 for Intel(R) 64 architecture applications
  - Intel(R) MKL-DNN v2.2.3 (Git Hash 7336ca9f055cf1bfa13efb658fe15dc9b41f0740)
  - OpenMP 2019
  - LAPACK is enabled (usually provided by MKL)
  - CPU capability usage: AVX512
  - CUDA Runtime 11.3
  - NVCC architecture flags: -gencode;arch=compute_37,code=sm_37;-gencode;arch=compute_50,code=sm_50;-gencode;arch=compute_60,code=sm_60;-gencode;arch=compute_61,code=sm_61;-gencode;arch=compute_70,code=sm_70;-gencode;arch=compute_75,code=sm_75;-gencode;arch=compute_80,code=sm_80;-gencode;arch=compute_86,code=sm_86;-gencode;arch=compute_37,code=compute_37
  - CuDNN 8.2
  - Magma 2.5.4
  - Build settings: BLAS_INFO=mkl, BUILD_TYPE=Release, CUDA_VERSION=11.3, CUDNN_VERSION=8.2.0, CXX_COMPILER=C:/cb/pytorch_1000000000000/work/tmp_bin/sccache-cl.exe, CXX_FLAGS=/DWIN32 /D_WINDOWS /GR /EHsc /w /bigobj -DUSE_PTHREADPOOL -openmp:experimental -IC:/cb/pytorch_1000000000000/work/mkl/include -DNDEBUG -DUSE_KINETO -DLIBKINETO_NOCUPTI -DUSE_FBGEMM -DUSE_XNNPACK -DSYMBOLICATE_MOBILE_DEBUG_HANDLE -DEDGE_PROFILER_USE_KINETO, LAPACK_INFO=mkl, PERF_WITH_AVX=1, PERF_WITH_AVX2=1, PERF_WITH_AVX512=1, TORCH_VERSION=1.10.0, USE_CUDA=ON, USE_CUDNN=ON, USE_EXCEPTION_PTR=1, USE_GFLAGS=OFF, USE_GLOG=OFF, USE_MKL=ON, USE_MKLDNN=ON, USE_MPI=OFF, USE_NCCL=OFF, USE_NNPACK=OFF, USE_OPENMP=ON, 

    TorchVision: 0.11.0
    OpenCV: 4.9.0
    MMEngine: 0.10.3

Runtime environment:
    cudnn_benchmark: False
    mp_cfg: {'mp_start_method': 'fork', 'opencv_num_threads': 0}
    dist_cfg: {'backend': 'nccl'}
    seed: 946021689
    Distributed launcher: none
    Distributed training: False
    GPU number: 1
------------------------------------------------------------

2024/04/28 19:20:49 - mmengine - INFO - Config:
auto_scale_lr = dict(base_batch_size=48, enable=False)
backend_args = None
class_names = [
    'Car',
]
custom_imports = dict(
    allow_failed_imports=False,
    imports=[
        'models.detectors.adversarial_voxelnet',
        'models.adversarial.voxel_perturber',
    ])
data_root = 'data/kitti/'
dataset_type = 'KittiDataset'
db_sampler = dict(
    backend_args=None,
    classes=[
        'Car',
    ],
    data_root='data/kitti/',
    info_path='data/kitti/kitti_dbinfos_train.pkl',
    points_loader=dict(
        backend_args=None,
        coord_type='LIDAR',
        load_dim=4,
        type='LoadPointsFromFile',
        use_dim=4),
    prepare=dict(
        filter_by_difficulty=[
            -1,
        ], filter_by_min_points=dict(Car=5)),
    rate=1.0,
    sample_groups=dict(Car=15))
default_hooks = dict(
    checkpoint=dict(interval=-1, type='CheckpointHook'),
    logger=dict(interval=50, type='LoggerHook'),
    param_scheduler=dict(type='ParamSchedulerHook'),
    sampler_seed=dict(type='DistSamplerSeedHook'),
    timer=dict(type='IterTimerHook'),
    visualization=dict(type='Det3DVisualizationHook'))
default_scope = 'mmdet3d'
env_cfg = dict(
    cudnn_benchmark=False,
    dist_cfg=dict(backend='nccl'),
    mp_cfg=dict(mp_start_method='fork', opencv_num_threads=0))
eval_pipeline = [
    dict(
        backend_args=None,
        coord_type='LIDAR',
        load_dim=4,
        type='LoadPointsFromFile',
        use_dim=4),
    dict(keys=[
        'points',
    ], type='Pack3DDetInputs'),
]
input_modality = dict(use_camera=False, use_lidar=True)
launcher = 'none'
load_from = 'C:\\Users\\temex\\Desktop\\mmdet3dProj\\checkpoints\\second_hv_secfpn_8xb6-80e_kitti-3d-car-75d9305e.pth'
log_level = 'INFO'
log_processor = dict(by_epoch=True, type='LogProcessor', window_size=50)
lr = 0.0018
metainfo = dict(classes=[
    'Car',
])
model = dict(
    adversary_cfg=dict(type='VoxelPerturber'),
    backbone=dict(
        in_channels=256,
        layer_nums=[
            5,
            5,
        ],
        layer_strides=[
            1,
            2,
        ],
        out_channels=[
            128,
            256,
        ],
        type='SECOND'),
    bbox_head=dict(
        anchor_generator=dict(
            ranges=[
                [
                    0,
                    -40.0,
                    -1.78,
                    70.4,
                    40.0,
                    -1.78,
                ],
            ],
            reshape_out=True,
            rotations=[
                0,
                1.57,
            ],
            sizes=[
                [
                    3.9,
                    1.6,
                    1.56,
                ],
            ],
            type='Anchor3DRangeGenerator'),
        bbox_coder=dict(type='DeltaXYZWLHRBBoxCoder'),
        diff_rad_by_sin=True,
        feat_channels=512,
        in_channels=512,
        loss_bbox=dict(
            beta=0.1111111111111111,
            loss_weight=2.0,
            type='mmdet.SmoothL1Loss'),
        loss_cls=dict(
            alpha=0.25,
            gamma=2.0,
            loss_weight=1.0,
            type='mmdet.FocalLoss',
            use_sigmoid=True),
        loss_dir=dict(
            loss_weight=0.2, type='mmdet.CrossEntropyLoss', use_sigmoid=False),
        num_classes=1,
        type='Anchor3DHead',
        use_direction_classifier=True),
    data_preprocessor=dict(
        type='Det3DDataPreprocessor',
        voxel=True,
        voxel_layer=dict(
            max_num_points=5,
            max_voxels=(
                16000,
                40000,
            ),
            point_cloud_range=[
                0,
                -40,
                -3,
                70.4,
                40,
                1,
            ],
            voxel_size=[
                0.05,
                0.05,
                0.1,
            ])),
    middle_encoder=dict(
        in_channels=4,
        order=(
            'conv',
            'norm',
            'act',
        ),
        sparse_shape=[
            41,
            1600,
            1408,
        ],
        type='SparseEncoder'),
    neck=dict(
        in_channels=[
            128,
            256,
        ],
        out_channels=[
            256,
            256,
        ],
        type='SECONDFPN',
        upsample_strides=[
            1,
            2,
        ]),
    test_cfg=dict(
        max_num=50,
        min_bbox_size=0,
        nms_across_levels=False,
        nms_pre=100,
        nms_thr=0.01,
        score_thr=0.1,
        use_rotate_nms=True),
    train_cfg=dict(
        allowed_border=0,
        assigner=dict(
            ignore_iof_thr=-1,
            iou_calculator=dict(type='BboxOverlapsNearest3D'),
            min_pos_iou=0.45,
            neg_iou_thr=0.45,
            pos_iou_thr=0.6,
            type='Max3DIoUAssigner'),
        debug=False,
        pos_weight=-1),
    type='AdversarialVoxelNet',
    voxel_encoder=dict(type='HardSimpleVFE'))
optim_wrapper = dict(
    clip_grad=dict(max_norm=10, norm_type=2),
    loss_scale='dynamic',
    optimizer=dict(
        betas=(
            0.95,
            0.99,
        ), lr=0.0018, type='AdamW', weight_decay=0.01),
    type='AmpOptimWrapper')
param_scheduler = [
    dict(
        T_max=16,
        begin=0,
        by_epoch=True,
        convert_to_iter_based=True,
        end=16,
        eta_min=0.018,
        type='CosineAnnealingLR'),
    dict(
        T_max=24,
        begin=16,
        by_epoch=True,
        convert_to_iter_based=True,
        end=40,
        eta_min=1.8e-07,
        type='CosineAnnealingLR'),
    dict(
        T_max=16,
        begin=0,
        by_epoch=True,
        convert_to_iter_based=True,
        end=16,
        eta_min=0.8947368421052632,
        type='CosineAnnealingMomentum'),
    dict(
        T_max=24,
        begin=16,
        by_epoch=True,
        convert_to_iter_based=True,
        end=40,
        eta_min=1,
        type='CosineAnnealingMomentum'),
]
point_cloud_range = [
    0,
    -40,
    -3,
    70.4,
    40,
    1,
]
resume = False
test_cfg = dict()
test_dataloader = dict(
    batch_size=1,
    dataset=dict(
        ann_file='kitti_infos_val.pkl',
        backend_args=None,
        box_type_3d='LiDAR',
        data_prefix=dict(pts='training/velodyne_reduced'),
        data_root='data/kitti/',
        metainfo=dict(classes=[
            'Car',
        ]),
        modality=dict(use_camera=False, use_lidar=True),
        pipeline=[
            dict(
                backend_args=None,
                coord_type='LIDAR',
                load_dim=4,
                type='LoadPointsFromFile',
                use_dim=4),
            dict(
                flip=False,
                img_scale=(
                    1333,
                    800,
                ),
                pts_scale_ratio=1,
                transforms=[
                    dict(
                        rot_range=[
                            0,
                            0,
                        ],
                        scale_ratio_range=[
                            1.0,
                            1.0,
                        ],
                        translation_std=[
                            0,
                            0,
                            0,
                        ],
                        type='GlobalRotScaleTrans'),
                    dict(type='RandomFlip3D'),
                    dict(
                        point_cloud_range=[
                            0,
                            -40,
                            -3,
                            70.4,
                            40,
                            1,
                        ],
                        type='PointsRangeFilter'),
                ],
                type='MultiScaleFlipAug3D'),
            dict(keys=[
                'points',
            ], type='Pack3DDetInputs'),
        ],
        test_mode=True,
        type='KittiDataset'),
    drop_last=False,
    num_workers=1,
    persistent_workers=True,
    sampler=dict(shuffle=False, type='DefaultSampler'))
test_evaluator = dict(
    ann_file='data/kitti/kitti_infos_val.pkl',
    backend_args=None,
    metric='bbox',
    type='KittiMetric')
test_pipeline = [
    dict(
        backend_args=None,
        coord_type='LIDAR',
        load_dim=4,
        type='LoadPointsFromFile',
        use_dim=4),
    dict(
        flip=False,
        img_scale=(
            1333,
            800,
        ),
        pts_scale_ratio=1,
        transforms=[
            dict(
                rot_range=[
                    0,
                    0,
                ],
                scale_ratio_range=[
                    1.0,
                    1.0,
                ],
                translation_std=[
                    0,
                    0,
                    0,
                ],
                type='GlobalRotScaleTrans'),
            dict(type='RandomFlip3D'),
            dict(
                point_cloud_range=[
                    0,
                    -40,
                    -3,
                    70.4,
                    40,
                    1,
                ],
                type='PointsRangeFilter'),
        ],
        type='MultiScaleFlipAug3D'),
    dict(keys=[
        'points',
    ], type='Pack3DDetInputs'),
]
train_cfg = dict(by_epoch=True, max_epochs=2, val_interval=1)
train_dataloader = dict(
    batch_size=6,
    dataset=dict(
        dataset=dict(
            ann_file='kitti_infos_train.pkl',
            backend_args=None,
            box_type_3d='LiDAR',
            data_prefix=dict(pts='training/velodyne_reduced'),
            data_root='data/kitti/',
            metainfo=dict(classes=[
                'Car',
            ]),
            modality=dict(use_camera=False, use_lidar=True),
            pipeline=[
                dict(
                    backend_args=None,
                    coord_type='LIDAR',
                    load_dim=4,
                    type='LoadPointsFromFile',
                    use_dim=4),
                dict(
                    type='LoadAnnotations3D',
                    with_bbox_3d=True,
                    with_label_3d=True),
                dict(
                    db_sampler=dict(
                        backend_args=None,
                        classes=[
                            'Car',
                        ],
                        data_root='data/kitti/',
                        info_path='data/kitti/kitti_dbinfos_train.pkl',
                        points_loader=dict(
                            backend_args=None,
                            coord_type='LIDAR',
                            load_dim=4,
                            type='LoadPointsFromFile',
                            use_dim=4),
                        prepare=dict(
                            filter_by_difficulty=[
                                -1,
                            ],
                            filter_by_min_points=dict(Car=5)),
                        rate=1.0,
                        sample_groups=dict(Car=15)),
                    type='ObjectSample'),
                dict(
                    global_rot_range=[
                        0.0,
                        0.0,
                    ],
                    num_try=100,
                    rot_range=[
                        -0.78539816,
                        0.78539816,
                    ],
                    translation_std=[
                        1.0,
                        1.0,
                        0.5,
                    ],
                    type='ObjectNoise'),
                dict(flip_ratio_bev_horizontal=0.5, type='RandomFlip3D'),
                dict(
                    rot_range=[
                        -0.78539816,
                        0.78539816,
                    ],
                    scale_ratio_range=[
                        0.95,
                        1.05,
                    ],
                    type='GlobalRotScaleTrans'),
                dict(
                    point_cloud_range=[
                        0,
                        -40,
                        -3,
                        70.4,
                        40,
                        1,
                    ],
                    type='PointsRangeFilter'),
                dict(
                    point_cloud_range=[
                        0,
                        -40,
                        -3,
                        70.4,
                        40,
                        1,
                    ],
                    type='ObjectRangeFilter'),
                dict(type='PointShuffle'),
                dict(
                    keys=[
                        'points',
                        'gt_bboxes_3d',
                        'gt_labels_3d',
                    ],
                    type='Pack3DDetInputs'),
            ],
            test_mode=False,
            type='KittiDataset'),
        times=2,
        type='RepeatDataset'),
    num_workers=4,
    persistent_workers=True,
    sampler=dict(shuffle=True, type='DefaultSampler'))
train_pipeline = [
    dict(
        backend_args=None,
        coord_type='LIDAR',
        load_dim=4,
        type='LoadPointsFromFile',
        use_dim=4),
    dict(type='LoadAnnotations3D', with_bbox_3d=True, with_label_3d=True),
    dict(
        db_sampler=dict(
            backend_args=None,
            classes=[
                'Car',
            ],
            data_root='data/kitti/',
            info_path='data/kitti/kitti_dbinfos_train.pkl',
            points_loader=dict(
                backend_args=None,
                coord_type='LIDAR',
                load_dim=4,
                type='LoadPointsFromFile',
                use_dim=4),
            prepare=dict(
                filter_by_difficulty=[
                    -1,
                ], filter_by_min_points=dict(Car=5)),
            rate=1.0,
            sample_groups=dict(Car=15)),
        type='ObjectSample'),
    dict(
        global_rot_range=[
            0.0,
            0.0,
        ],
        num_try=100,
        rot_range=[
            -0.78539816,
            0.78539816,
        ],
        translation_std=[
            1.0,
            1.0,
            0.5,
        ],
        type='ObjectNoise'),
    dict(flip_ratio_bev_horizontal=0.5, type='RandomFlip3D'),
    dict(
        rot_range=[
            -0.78539816,
            0.78539816,
        ],
        scale_ratio_range=[
            0.95,
            1.05,
        ],
        type='GlobalRotScaleTrans'),
    dict(
        point_cloud_range=[
            0,
            -40,
            -3,
            70.4,
            40,
            1,
        ],
        type='PointsRangeFilter'),
    dict(
        point_cloud_range=[
            0,
            -40,
            -3,
            70.4,
            40,
            1,
        ],
        type='ObjectRangeFilter'),
    dict(type='PointShuffle'),
    dict(
        keys=[
            'points',
            'gt_bboxes_3d',
            'gt_labels_3d',
        ],
        type='Pack3DDetInputs'),
]
val_cfg = dict()
val_dataloader = dict(
    batch_size=1,
    dataset=dict(
        ann_file='kitti_infos_val.pkl',
        backend_args=None,
        box_type_3d='LiDAR',
        data_prefix=dict(pts='training/velodyne_reduced'),
        data_root='data/kitti/',
        metainfo=dict(classes=[
            'Car',
        ]),
        modality=dict(use_camera=False, use_lidar=True),
        pipeline=[
            dict(
                backend_args=None,
                coord_type='LIDAR',
                load_dim=4,
                type='LoadPointsFromFile',
                use_dim=4),
            dict(
                flip=False,
                img_scale=(
                    1333,
                    800,
                ),
                pts_scale_ratio=1,
                transforms=[
                    dict(
                        rot_range=[
                            0,
                            0,
                        ],
                        scale_ratio_range=[
                            1.0,
                            1.0,
                        ],
                        translation_std=[
                            0,
                            0,
                            0,
                        ],
                        type='GlobalRotScaleTrans'),
                    dict(type='RandomFlip3D'),
                    dict(
                        point_cloud_range=[
                            0,
                            -40,
                            -3,
                            70.4,
                            40,
                            1,
                        ],
                        type='PointsRangeFilter'),
                ],
                type='MultiScaleFlipAug3D'),
            dict(keys=[
                'points',
            ], type='Pack3DDetInputs'),
        ],
        test_mode=True,
        type='KittiDataset'),
    drop_last=False,
    num_workers=1,
    persistent_workers=True,
    sampler=dict(shuffle=False, type='DefaultSampler'))
val_evaluator = dict(
    ann_file='data/kitti/kitti_infos_val.pkl',
    backend_args=None,
    metric='bbox',
    type='KittiMetric')
vis_backends = [
    dict(type='LocalVisBackend'),
]
visualizer = dict(
    name='visualizer',
    type='Det3DLocalVisualizer',
    vis_backends=[
        dict(type='LocalVisBackend'),
    ])
voxel_size = [
    0.05,
    0.05,
    0.1,
]
work_dir = 'C:\\Users\\temex\\Desktop\\mmdet3dProj\\NewAdvTrainingOutput'

2024/04/28 19:20:50 - mmengine - WARNING - Failed to search registry with scope "mmdet3d" in the "adversaries" registry tree. As a workaround, the current "adversaries" registry in "models" is used to build instance. This may cause unexpected failure when running the built modules. Please check whether "mmdet3d" is a correct scope, or whether the registry is initialized.
2024/04/28 19:20:50 - mmengine - INFO - Distributed training is not used, all SyncBatchNorm (SyncBN) layers in the model will be automatically reverted to BatchNormXd layers if they are used.
2024/04/28 19:20:50 - mmengine - INFO - Hooks will be executed in the following order:
before_run:
(VERY_HIGH   ) RuntimeInfoHook                    
(BELOW_NORMAL) LoggerHook                         
 -------------------- 
before_train:
(VERY_HIGH   ) RuntimeInfoHook                    
(NORMAL      ) IterTimerHook                      
(VERY_LOW    ) CheckpointHook                     
 -------------------- 
before_train_epoch:
(VERY_HIGH   ) RuntimeInfoHook                    
(NORMAL      ) IterTimerHook                      
(NORMAL      ) DistSamplerSeedHook                
 -------------------- 
before_train_iter:
(VERY_HIGH   ) RuntimeInfoHook                    
(NORMAL      ) IterTimerHook                      
 -------------------- 
after_train_iter:
(VERY_HIGH   ) RuntimeInfoHook                    
(NORMAL      ) IterTimerHook                      
(BELOW_NORMAL) LoggerHook                         
(LOW         ) ParamSchedulerHook                 
(VERY_LOW    ) CheckpointHook                     
 -------------------- 
after_train_epoch:
(NORMAL      ) IterTimerHook                      
(LOW         ) ParamSchedulerHook                 
(VERY_LOW    ) CheckpointHook                     
 -------------------- 
before_val:
(VERY_HIGH   ) RuntimeInfoHook                    
 -------------------- 
before_val_epoch:
(NORMAL      ) IterTimerHook                      
 -------------------- 
before_val_iter:
(NORMAL      ) IterTimerHook                      
 -------------------- 
after_val_iter:
(NORMAL      ) IterTimerHook                      
(NORMAL      ) Det3DVisualizationHook             
(BELOW_NORMAL) LoggerHook                         
 -------------------- 
after_val_epoch:
(VERY_HIGH   ) RuntimeInfoHook                    
(NORMAL      ) IterTimerHook                      
(BELOW_NORMAL) LoggerHook                         
(LOW         ) ParamSchedulerHook                 
(VERY_LOW    ) CheckpointHook                     
 -------------------- 
after_val:
(VERY_HIGH   ) RuntimeInfoHook                    
 -------------------- 
after_train:
(VERY_HIGH   ) RuntimeInfoHook                    
(VERY_LOW    ) CheckpointHook                     
 -------------------- 
before_test:
(VERY_HIGH   ) RuntimeInfoHook                    
 -------------------- 
before_test_epoch:
(NORMAL      ) IterTimerHook                      
 -------------------- 
before_test_iter:
(NORMAL      ) IterTimerHook                      
 -------------------- 
after_test_iter:
(NORMAL      ) IterTimerHook                      
(NORMAL      ) Det3DVisualizationHook             
(BELOW_NORMAL) LoggerHook                         
 -------------------- 
after_test_epoch:
(VERY_HIGH   ) RuntimeInfoHook                    
(NORMAL      ) IterTimerHook                      
(BELOW_NORMAL) LoggerHook                         
 -------------------- 
after_test:
(VERY_HIGH   ) RuntimeInfoHook                    
 -------------------- 
after_run:
(BELOW_NORMAL) LoggerHook                         
 -------------------- 
2024/04/28 19:20:50 - mmengine - INFO - load 2207 Pedestrian database infos in DataBaseSampler
2024/04/28 19:20:50 - mmengine - INFO - load 14357 Car database infos in DataBaseSampler
2024/04/28 19:20:50 - mmengine - INFO - load 734 Cyclist database infos in DataBaseSampler
2024/04/28 19:20:50 - mmengine - INFO - load 1297 Van database infos in DataBaseSampler
2024/04/28 19:20:50 - mmengine - INFO - load 488 Truck database infos in DataBaseSampler
2024/04/28 19:20:50 - mmengine - INFO - load 224 Tram database infos in DataBaseSampler
2024/04/28 19:20:50 - mmengine - INFO - load 337 Misc database infos in DataBaseSampler
2024/04/28 19:20:50 - mmengine - INFO - load 56 Person_sitting database infos in DataBaseSampler
2024/04/28 19:20:50 - mmengine - INFO - After filter database:
2024/04/28 19:20:50 - mmengine - INFO - load 2104 Pedestrian database infos in DataBaseSampler
2024/04/28 19:20:50 - mmengine - INFO - load 10520 Car database infos in DataBaseSampler
2024/04/28 19:20:50 - mmengine - INFO - load 594 Cyclist database infos in DataBaseSampler
2024/04/28 19:20:50 - mmengine - INFO - load 826 Van database infos in DataBaseSampler
2024/04/28 19:20:50 - mmengine - INFO - load 321 Truck database infos in DataBaseSampler
2024/04/28 19:20:50 - mmengine - INFO - load 199 Tram database infos in DataBaseSampler
2024/04/28 19:20:50 - mmengine - INFO - load 259 Misc database infos in DataBaseSampler
2024/04/28 19:20:50 - mmengine - INFO - load 53 Person_sitting database infos in DataBaseSampler
2024/04/28 19:20:54 - mmengine - INFO - ------------------------------
2024/04/28 19:20:54 - mmengine - INFO - The length of training dataset: 3712
2024/04/28 19:20:54 - mmengine - INFO - The number of instances per category in the dataset:
+----------+--------+
| category | number |
+----------+--------+
| Car      | 14357  |
+----------+--------+
2024/04/28 19:20:58 - mmengine - INFO - ------------------------------
2024/04/28 19:20:58 - mmengine - INFO - The length of test dataset: 3769
2024/04/28 19:20:58 - mmengine - INFO - The number of instances per category in the dataset:
+----------+--------+
| category | number |
+----------+--------+
| Car      | 14385  |
+----------+--------+
Name of parameter - Initialization information

backbone.blocks.0.0.weight - torch.Size([128, 256, 3, 3]): 
KaimingInit: a=0, mode=fan_out, nonlinearity=relu, distribution =normal, bias=0 

backbone.blocks.0.1.weight - torch.Size([128]): 
The value is the same before and after calling `init_weights` of AdversarialVoxelNet  

backbone.blocks.0.1.bias - torch.Size([128]): 
The value is the same before and after calling `init_weights` of AdversarialVoxelNet  

backbone.blocks.0.3.weight - torch.Size([128, 128, 3, 3]): 
KaimingInit: a=0, mode=fan_out, nonlinearity=relu, distribution =normal, bias=0 

backbone.blocks.0.4.weight - torch.Size([128]): 
The value is the same before and after calling `init_weights` of AdversarialVoxelNet  

backbone.blocks.0.4.bias - torch.Size([128]): 
The value is the same before and after calling `init_weights` of AdversarialVoxelNet  

backbone.blocks.0.6.weight - torch.Size([128, 128, 3, 3]): 
KaimingInit: a=0, mode=fan_out, nonlinearity=relu, distribution =normal, bias=0 

backbone.blocks.0.7.weight - torch.Size([128]): 
The value is the same before and after calling `init_weights` of AdversarialVoxelNet  

backbone.blocks.0.7.bias - torch.Size([128]): 
The value is the same before and after calling `init_weights` of AdversarialVoxelNet  

backbone.blocks.0.9.weight - torch.Size([128, 128, 3, 3]): 
KaimingInit: a=0, mode=fan_out, nonlinearity=relu, distribution =normal, bias=0 

backbone.blocks.0.10.weight - torch.Size([128]): 
The value is the same before and after calling `init_weights` of AdversarialVoxelNet  

backbone.blocks.0.10.bias - torch.Size([128]): 
The value is the same before and after calling `init_weights` of AdversarialVoxelNet  

backbone.blocks.0.12.weight - torch.Size([128, 128, 3, 3]): 
KaimingInit: a=0, mode=fan_out, nonlinearity=relu, distribution =normal, bias=0 

backbone.blocks.0.13.weight - torch.Size([128]): 
The value is the same before and after calling `init_weights` of AdversarialVoxelNet  

backbone.blocks.0.13.bias - torch.Size([128]): 
The value is the same before and after calling `init_weights` of AdversarialVoxelNet  

backbone.blocks.0.15.weight - torch.Size([128, 128, 3, 3]): 
KaimingInit: a=0, mode=fan_out, nonlinearity=relu, distribution =normal, bias=0 

backbone.blocks.0.16.weight - torch.Size([128]): 
The value is the same before and after calling `init_weights` of AdversarialVoxelNet  

backbone.blocks.0.16.bias - torch.Size([128]): 
The value is the same before and after calling `init_weights` of AdversarialVoxelNet  

backbone.blocks.1.0.weight - torch.Size([256, 128, 3, 3]): 
KaimingInit: a=0, mode=fan_out, nonlinearity=relu, distribution =normal, bias=0 

backbone.blocks.1.1.weight - torch.Size([256]): 
The value is the same before and after calling `init_weights` of AdversarialVoxelNet  

backbone.blocks.1.1.bias - torch.Size([256]): 
The value is the same before and after calling `init_weights` of AdversarialVoxelNet  

backbone.blocks.1.3.weight - torch.Size([256, 256, 3, 3]): 
KaimingInit: a=0, mode=fan_out, nonlinearity=relu, distribution =normal, bias=0 

backbone.blocks.1.4.weight - torch.Size([256]): 
The value is the same before and after calling `init_weights` of AdversarialVoxelNet  

backbone.blocks.1.4.bias - torch.Size([256]): 
The value is the same before and after calling `init_weights` of AdversarialVoxelNet  

backbone.blocks.1.6.weight - torch.Size([256, 256, 3, 3]): 
KaimingInit: a=0, mode=fan_out, nonlinearity=relu, distribution =normal, bias=0 

backbone.blocks.1.7.weight - torch.Size([256]): 
The value is the same before and after calling `init_weights` of AdversarialVoxelNet  

backbone.blocks.1.7.bias - torch.Size([256]): 
The value is the same before and after calling `init_weights` of AdversarialVoxelNet  

backbone.blocks.1.9.weight - torch.Size([256, 256, 3, 3]): 
KaimingInit: a=0, mode=fan_out, nonlinearity=relu, distribution =normal, bias=0 

backbone.blocks.1.10.weight - torch.Size([256]): 
The value is the same before and after calling `init_weights` of AdversarialVoxelNet  

backbone.blocks.1.10.bias - torch.Size([256]): 
The value is the same before and after calling `init_weights` of AdversarialVoxelNet  

backbone.blocks.1.12.weight - torch.Size([256, 256, 3, 3]): 
KaimingInit: a=0, mode=fan_out, nonlinearity=relu, distribution =normal, bias=0 

backbone.blocks.1.13.weight - torch.Size([256]): 
The value is the same before and after calling `init_weights` of AdversarialVoxelNet  

backbone.blocks.1.13.bias - torch.Size([256]): 
The value is the same before and after calling `init_weights` of AdversarialVoxelNet  

backbone.blocks.1.15.weight - torch.Size([256, 256, 3, 3]): 
KaimingInit: a=0, mode=fan_out, nonlinearity=relu, distribution =normal, bias=0 

backbone.blocks.1.16.weight - torch.Size([256]): 
The value is the same before and after calling `init_weights` of AdversarialVoxelNet  

backbone.blocks.1.16.bias - torch.Size([256]): 
The value is the same before and after calling `init_weights` of AdversarialVoxelNet  

neck.deblocks.0.0.weight - torch.Size([128, 256, 1, 1]): 
KaimingInit: a=0, mode=fan_out, nonlinearity=relu, distribution =normal, bias=0 

neck.deblocks.0.1.weight - torch.Size([256]): 
The value is the same before and after calling `init_weights` of AdversarialVoxelNet  

neck.deblocks.0.1.bias - torch.Size([256]): 
The value is the same before and after calling `init_weights` of AdversarialVoxelNet  

neck.deblocks.1.0.weight - torch.Size([256, 256, 2, 2]): 
KaimingInit: a=0, mode=fan_out, nonlinearity=relu, distribution =normal, bias=0 

neck.deblocks.1.1.weight - torch.Size([256]): 
The value is the same before and after calling `init_weights` of AdversarialVoxelNet  

neck.deblocks.1.1.bias - torch.Size([256]): 
The value is the same before and after calling `init_weights` of AdversarialVoxelNet  

bbox_head.conv_cls.weight - torch.Size([2, 512, 1, 1]): 
NormalInit: mean=0, std=0.01, bias=-4.59511985013459 

bbox_head.conv_cls.bias - torch.Size([2]): 
NormalInit: mean=0, std=0.01, bias=-4.59511985013459 

bbox_head.conv_reg.weight - torch.Size([14, 512, 1, 1]): 
NormalInit: mean=0, std=0.01, bias=0 

bbox_head.conv_reg.bias - torch.Size([14]): 
NormalInit: mean=0, std=0.01, bias=0 

bbox_head.conv_dir_cls.weight - torch.Size([4, 512, 1, 1]): 
NormalInit: mean=0, std=0.01, bias=0 

bbox_head.conv_dir_cls.bias - torch.Size([4]): 
NormalInit: mean=0, std=0.01, bias=0 

middle_encoder.conv_input.0.weight - torch.Size([16, 3, 3, 3, 4]): 
The value is the same before and after calling `init_weights` of AdversarialVoxelNet  

middle_encoder.conv_input.1.weight - torch.Size([16]): 
The value is the same before and after calling `init_weights` of AdversarialVoxelNet  

middle_encoder.conv_input.1.bias - torch.Size([16]): 
The value is the same before and after calling `init_weights` of AdversarialVoxelNet  

middle_encoder.encoder_layers.encoder_layer1.0.0.weight - torch.Size([16, 3, 3, 3, 16]): 
The value is the same before and after calling `init_weights` of AdversarialVoxelNet  

middle_encoder.encoder_layers.encoder_layer1.0.1.weight - torch.Size([16]): 
The value is the same before and after calling `init_weights` of AdversarialVoxelNet  

middle_encoder.encoder_layers.encoder_layer1.0.1.bias - torch.Size([16]): 
The value is the same before and after calling `init_weights` of AdversarialVoxelNet  

middle_encoder.encoder_layers.encoder_layer2.0.0.weight - torch.Size([32, 3, 3, 3, 16]): 
The value is the same before and after calling `init_weights` of AdversarialVoxelNet  

middle_encoder.encoder_layers.encoder_layer2.0.1.weight - torch.Size([32]): 
The value is the same before and after calling `init_weights` of AdversarialVoxelNet  

middle_encoder.encoder_layers.encoder_layer2.0.1.bias - torch.Size([32]): 
The value is the same before and after calling `init_weights` of AdversarialVoxelNet  

middle_encoder.encoder_layers.encoder_layer2.1.0.weight - torch.Size([32, 3, 3, 3, 32]): 
The value is the same before and after calling `init_weights` of AdversarialVoxelNet  

middle_encoder.encoder_layers.encoder_layer2.1.1.weight - torch.Size([32]): 
The value is the same before and after calling `init_weights` of AdversarialVoxelNet  

middle_encoder.encoder_layers.encoder_layer2.1.1.bias - torch.Size([32]): 
The value is the same before and after calling `init_weights` of AdversarialVoxelNet  

middle_encoder.encoder_layers.encoder_layer2.2.0.weight - torch.Size([32, 3, 3, 3, 32]): 
The value is the same before and after calling `init_weights` of AdversarialVoxelNet  

middle_encoder.encoder_layers.encoder_layer2.2.1.weight - torch.Size([32]): 
The value is the same before and after calling `init_weights` of AdversarialVoxelNet  

middle_encoder.encoder_layers.encoder_layer2.2.1.bias - torch.Size([32]): 
The value is the same before and after calling `init_weights` of AdversarialVoxelNet  

middle_encoder.encoder_layers.encoder_layer3.0.0.weight - torch.Size([64, 3, 3, 3, 32]): 
The value is the same before and after calling `init_weights` of AdversarialVoxelNet  

middle_encoder.encoder_layers.encoder_layer3.0.1.weight - torch.Size([64]): 
The value is the same before and after calling `init_weights` of AdversarialVoxelNet  

middle_encoder.encoder_layers.encoder_layer3.0.1.bias - torch.Size([64]): 
The value is the same before and after calling `init_weights` of AdversarialVoxelNet  

middle_encoder.encoder_layers.encoder_layer3.1.0.weight - torch.Size([64, 3, 3, 3, 64]): 
The value is the same before and after calling `init_weights` of AdversarialVoxelNet  

middle_encoder.encoder_layers.encoder_layer3.1.1.weight - torch.Size([64]): 
The value is the same before and after calling `init_weights` of AdversarialVoxelNet  

middle_encoder.encoder_layers.encoder_layer3.1.1.bias - torch.Size([64]): 
The value is the same before and after calling `init_weights` of AdversarialVoxelNet  

middle_encoder.encoder_layers.encoder_layer3.2.0.weight - torch.Size([64, 3, 3, 3, 64]): 
The value is the same before and after calling `init_weights` of AdversarialVoxelNet  

middle_encoder.encoder_layers.encoder_layer3.2.1.weight - torch.Size([64]): 
The value is the same before and after calling `init_weights` of AdversarialVoxelNet  

middle_encoder.encoder_layers.encoder_layer3.2.1.bias - torch.Size([64]): 
The value is the same before and after calling `init_weights` of AdversarialVoxelNet  

middle_encoder.encoder_layers.encoder_layer4.0.0.weight - torch.Size([64, 3, 3, 3, 64]): 
The value is the same before and after calling `init_weights` of AdversarialVoxelNet  

middle_encoder.encoder_layers.encoder_layer4.0.1.weight - torch.Size([64]): 
The value is the same before and after calling `init_weights` of AdversarialVoxelNet  

middle_encoder.encoder_layers.encoder_layer4.0.1.bias - torch.Size([64]): 
The value is the same before and after calling `init_weights` of AdversarialVoxelNet  

middle_encoder.encoder_layers.encoder_layer4.1.0.weight - torch.Size([64, 3, 3, 3, 64]): 
The value is the same before and after calling `init_weights` of AdversarialVoxelNet  

middle_encoder.encoder_layers.encoder_layer4.1.1.weight - torch.Size([64]): 
The value is the same before and after calling `init_weights` of AdversarialVoxelNet  

middle_encoder.encoder_layers.encoder_layer4.1.1.bias - torch.Size([64]): 
The value is the same before and after calling `init_weights` of AdversarialVoxelNet  

middle_encoder.encoder_layers.encoder_layer4.2.0.weight - torch.Size([64, 3, 3, 3, 64]): 
The value is the same before and after calling `init_weights` of AdversarialVoxelNet  

middle_encoder.encoder_layers.encoder_layer4.2.1.weight - torch.Size([64]): 
The value is the same before and after calling `init_weights` of AdversarialVoxelNet  

middle_encoder.encoder_layers.encoder_layer4.2.1.bias - torch.Size([64]): 
The value is the same before and after calling `init_weights` of AdversarialVoxelNet  

middle_encoder.conv_out.0.weight - torch.Size([128, 3, 1, 1, 64]): 
The value is the same before and after calling `init_weights` of AdversarialVoxelNet  

middle_encoder.conv_out.1.weight - torch.Size([128]): 
The value is the same before and after calling `init_weights` of AdversarialVoxelNet  

middle_encoder.conv_out.1.bias - torch.Size([128]): 
The value is the same before and after calling `init_weights` of AdversarialVoxelNet  

adversary.model.1.weight - torch.Size([4, 4, 1]): 
The value is the same before and after calling `init_weights` of AdversarialVoxelNet  

adversary.model.1.bias - torch.Size([4]): 
The value is the same before and after calling `init_weights` of AdversarialVoxelNet  

adversary.model.2.weight - torch.Size([4]): 
The value is the same before and after calling `init_weights` of AdversarialVoxelNet  

adversary.model.2.bias - torch.Size([4]): 
The value is the same before and after calling `init_weights` of AdversarialVoxelNet  

adversary.model.4.weight - torch.Size([8, 4, 1]): 
The value is the same before and after calling `init_weights` of AdversarialVoxelNet  

adversary.model.4.bias - torch.Size([8]): 
The value is the same before and after calling `init_weights` of AdversarialVoxelNet  

adversary.model.5.weight - torch.Size([8]): 
The value is the same before and after calling `init_weights` of AdversarialVoxelNet  

adversary.model.5.bias - torch.Size([8]): 
The value is the same before and after calling `init_weights` of AdversarialVoxelNet  

adversary.model.7.weight - torch.Size([16, 8, 1]): 
The value is the same before and after calling `init_weights` of AdversarialVoxelNet  

adversary.model.7.bias - torch.Size([16]): 
The value is the same before and after calling `init_weights` of AdversarialVoxelNet  

adversary.model.8.weight - torch.Size([16]): 
The value is the same before and after calling `init_weights` of AdversarialVoxelNet  

adversary.model.8.bias - torch.Size([16]): 
The value is the same before and after calling `init_weights` of AdversarialVoxelNet  

adversary.model.10.weight - torch.Size([32, 16, 1]): 
The value is the same before and after calling `init_weights` of AdversarialVoxelNet  

adversary.model.10.bias - torch.Size([32]): 
The value is the same before and after calling `init_weights` of AdversarialVoxelNet  

adversary.model.11.weight - torch.Size([32]): 
The value is the same before and after calling `init_weights` of AdversarialVoxelNet  

adversary.model.11.bias - torch.Size([32]): 
The value is the same before and after calling `init_weights` of AdversarialVoxelNet  

adversary.model.13.weight - torch.Size([16, 32, 1]): 
The value is the same before and after calling `init_weights` of AdversarialVoxelNet  

adversary.model.13.bias - torch.Size([16]): 
The value is the same before and after calling `init_weights` of AdversarialVoxelNet  

adversary.model.14.weight - torch.Size([16]): 
The value is the same before and after calling `init_weights` of AdversarialVoxelNet  

adversary.model.14.bias - torch.Size([16]): 
The value is the same before and after calling `init_weights` of AdversarialVoxelNet  

adversary.model.16.weight - torch.Size([8, 16, 1]): 
The value is the same before and after calling `init_weights` of AdversarialVoxelNet  

adversary.model.16.bias - torch.Size([8]): 
The value is the same before and after calling `init_weights` of AdversarialVoxelNet  

adversary.model.17.weight - torch.Size([8]): 
The value is the same before and after calling `init_weights` of AdversarialVoxelNet  

adversary.model.17.bias - torch.Size([8]): 
The value is the same before and after calling `init_weights` of AdversarialVoxelNet  

adversary.model.19.weight - torch.Size([4, 8, 1]): 
The value is the same before and after calling `init_weights` of AdversarialVoxelNet  

adversary.model.19.bias - torch.Size([4]): 
The value is the same before and after calling `init_weights` of AdversarialVoxelNet  

adversary.model.20.weight - torch.Size([4]): 
The value is the same before and after calling `init_weights` of AdversarialVoxelNet  

adversary.model.20.bias - torch.Size([4]): 
The value is the same before and after calling `init_weights` of AdversarialVoxelNet  

adversary.model.22.weight - torch.Size([4, 4, 1]): 
The value is the same before and after calling `init_weights` of AdversarialVoxelNet  

adversary.model.22.bias - torch.Size([4]): 
The value is the same before and after calling `init_weights` of AdversarialVoxelNet  

adversary.model.23.weight - torch.Size([4]): 
The value is the same before and after calling `init_weights` of AdversarialVoxelNet  

adversary.model.23.bias - torch.Size([4]): 
The value is the same before and after calling `init_weights` of AdversarialVoxelNet  
2024/04/28 19:21:00 - mmengine - INFO - Load checkpoint from C:\Users\temex\Desktop\mmdet3dProj\checkpoints\second_hv_secfpn_8xb6-80e_kitti-3d-car-75d9305e.pth
2024/04/28 19:21:00 - mmengine - WARNING - "FileClient" will be deprecated in future. Please use io functions in https://mmengine.readthedocs.io/en/latest/api/fileio.html#file-io
2024/04/28 19:21:00 - mmengine - WARNING - "HardDiskBackend" is the alias of "LocalBackend" and the former will be deprecated in future.
2024/04/28 19:21:00 - mmengine - INFO - Checkpoints will be saved to C:\Users\temex\Desktop\mmdet3dProj\NewAdvTrainingOutput.
2024/04/28 19:22:33 - mmengine - INFO - Epoch(train) [1][  50/1238]  lr: 1.8002e-03  eta: 1:14:40  time: 1.8467  data_time: 1.3566  memory: 3149  grad_norm: inf  loss: 0.2868  loss_cls: 0.0897  loss_bbox: 0.1787  loss_dir: 0.0184
2024/04/28 19:22:46 - mmengine - INFO - Epoch(train) [1][ 100/1238]  lr: 1.8010e-03  eta: 0:41:49  time: 0.2660  data_time: 0.0038  memory: 3135  grad_norm: 0.6313  loss: 0.2642  loss_cls: 0.0806  loss_bbox: 0.1668  loss_dir: 0.0168
2024/04/28 19:22:59 - mmengine - INFO - Epoch(train) [1][ 150/1238]  lr: 1.8023e-03  eta: 0:30:45  time: 0.2671  data_time: 0.0041  memory: 3122  grad_norm: 0.5945  loss: 0.2583  loss_cls: 0.0786  loss_bbox: 0.1637  loss_dir: 0.0160
2024/04/28 19:23:13 - mmengine - INFO - Epoch(train) [1][ 200/1238]  lr: 1.8040e-03  eta: 0:25:05  time: 0.2669  data_time: 0.0028  memory: 3156  grad_norm: 0.6275  loss: 0.2692  loss_cls: 0.0813  loss_bbox: 0.1713  loss_dir: 0.0165
2024/04/28 19:23:26 - mmengine - INFO - Epoch(train) [1][ 250/1238]  lr: 1.8063e-03  eta: 0:21:37  time: 0.2688  data_time: 0.0042  memory: 3175  grad_norm: 0.6711  loss: 0.2687  loss_cls: 0.0820  loss_bbox: 0.1689  loss_dir: 0.0178
2024/04/28 19:23:40 - mmengine - INFO - Epoch(train) [1][ 300/1238]  lr: 1.8091e-03  eta: 0:19:16  time: 0.2725  data_time: 0.0061  memory: 3157  grad_norm: 0.5452  loss: 0.2544  loss_cls: 0.0773  loss_bbox: 0.1598  loss_dir: 0.0173
2024/04/28 19:23:53 - mmengine - INFO - Epoch(train) [1][ 350/1238]  lr: 1.8124e-03  eta: 0:17:30  time: 0.2692  data_time: 0.0029  memory: 3158  grad_norm: 0.6013  loss: 0.2574  loss_cls: 0.0784  loss_bbox: 0.1604  loss_dir: 0.0186
2024/04/28 19:24:07 - mmengine - INFO - Epoch(train) [1][ 400/1238]  lr: 1.8162e-03  eta: 0:16:08  time: 0.2731  data_time: 0.0033  memory: 3174  grad_norm: 0.6251  loss: 0.2645  loss_cls: 0.0814  loss_bbox: 0.1671  loss_dir: 0.0161
2024/04/28 19:24:20 - mmengine - INFO - Epoch(train) [1][ 450/1238]  lr: 1.8205e-03  eta: 0:15:01  time: 0.2731  data_time: 0.0042  memory: 3175  grad_norm: 0.5708  loss: 0.2576  loss_cls: 0.0778  loss_bbox: 0.1641  loss_dir: 0.0157
2024/04/28 19:24:34 - mmengine - INFO - Epoch(train) [1][ 500/1238]  lr: 1.8254e-03  eta: 0:14:04  time: 0.2708  data_time: 0.0031  memory: 3167  grad_norm: 0.5805  loss: 0.2746  loss_cls: 0.0851  loss_bbox: 0.1719  loss_dir: 0.0175
2024/04/28 19:24:48 - mmengine - INFO - Epoch(train) [1][ 550/1238]  lr: 1.8307e-03  eta: 0:13:16  time: 0.2724  data_time: 0.0040  memory: 3134  grad_norm: 0.6015  loss: 0.2660  loss_cls: 0.0816  loss_bbox: 0.1672  loss_dir: 0.0171
2024/04/28 19:25:01 - mmengine - INFO - Epoch(train) [1][ 600/1238]  lr: 1.8365e-03  eta: 0:12:33  time: 0.2712  data_time: 0.0029  memory: 3134  grad_norm: 0.5665  loss: 0.2573  loss_cls: 0.0796  loss_bbox: 0.1626  loss_dir: 0.0152
2024/04/28 19:25:15 - mmengine - INFO - Epoch(train) [1][ 650/1238]  lr: 1.8429e-03  eta: 0:11:55  time: 0.2738  data_time: 0.0025  memory: 3144  grad_norm: 0.6171  loss: 0.2746  loss_cls: 0.0858  loss_bbox: 0.1706  loss_dir: 0.0183
2024/04/28 19:25:29 - mmengine - INFO - Epoch(train) [1][ 700/1238]  lr: 1.8497e-03  eta: 0:11:20  time: 0.2730  data_time: 0.0034  memory: 3167  grad_norm: 0.5944  loss: 0.2630  loss_cls: 0.0801  loss_bbox: 0.1656  loss_dir: 0.0173
2024/04/28 19:25:42 - mmengine - INFO - Epoch(train) [1][ 750/1238]  lr: 1.8571e-03  eta: 0:10:48  time: 0.2750  data_time: 0.0025  memory: 3137  grad_norm: 0.6270  loss: 0.2599  loss_cls: 0.0766  loss_bbox: 0.1678  loss_dir: 0.0155
2024/04/28 19:25:56 - mmengine - INFO - Epoch(train) [1][ 800/1238]  lr: 1.8650e-03  eta: 0:10:19  time: 0.2731  data_time: 0.0030  memory: 3161  grad_norm: 0.5664  loss: 0.2680  loss_cls: 0.0832  loss_bbox: 0.1684  loss_dir: 0.0164
2024/04/28 19:26:10 - mmengine - INFO - Epoch(train) [1][ 850/1238]  lr: 1.8733e-03  eta: 0:09:51  time: 0.2759  data_time: 0.0027  memory: 3148  grad_norm: 0.5769  loss: 0.2735  loss_cls: 0.0831  loss_bbox: 0.1723  loss_dir: 0.0181
2024/04/28 19:26:23 - mmengine - INFO - Epoch(train) [1][ 900/1238]  lr: 1.8822e-03  eta: 0:09:25  time: 0.2721  data_time: 0.0033  memory: 3134  grad_norm: 0.5846  loss: 0.2686  loss_cls: 0.0827  loss_bbox: 0.1686  loss_dir: 0.0173
2024/04/28 19:26:37 - mmengine - INFO - Epoch(train) [1][ 950/1238]  lr: 1.8916e-03  eta: 0:09:01  time: 0.2760  data_time: 0.0033  memory: 3146  grad_norm: 0.5831  loss: 0.2499  loss_cls: 0.0769  loss_bbox: 0.1580  loss_dir: 0.0150
2024/04/28 19:26:51 - mmengine - INFO - Exp name: adversarial-second_hv_secfpn_8xb6-80e_kitti-3d-car_20240428_192045
2024/04/28 19:26:51 - mmengine - INFO - Epoch(train) [1][1000/1238]  lr: 1.9015e-03  eta: 0:08:37  time: 0.2722  data_time: 0.0031  memory: 3127  grad_norm: 0.5837  loss: 0.2609  loss_cls: 0.0793  loss_bbox: 0.1641  loss_dir: 0.0175
2024/04/28 19:27:05 - mmengine - INFO - Epoch(train) [1][1050/1238]  lr: 1.9118e-03  eta: 0:08:14  time: 0.2769  data_time: 0.0026  memory: 3137  grad_norm: 0.5761  loss: 0.2729  loss_cls: 0.0827  loss_bbox: 0.1726  loss_dir: 0.0175
2024/04/28 19:27:18 - mmengine - INFO - Epoch(train) [1][1100/1238]  lr: 1.9227e-03  eta: 0:07:52  time: 0.2741  data_time: 0.0033  memory: 3170  grad_norm: 0.5513  loss: 0.2644  loss_cls: 0.0797  loss_bbox: 0.1664  loss_dir: 0.0183
2024/04/28 19:27:32 - mmengine - INFO - Epoch(train) [1][1150/1238]  lr: 1.9341e-03  eta: 0:07:31  time: 0.2778  data_time: 0.0037  memory: 3155  grad_norm: 0.5422  loss: 0.2633  loss_cls: 0.0811  loss_bbox: 0.1654  loss_dir: 0.0169
2024/04/28 19:27:46 - mmengine - INFO - Epoch(train) [1][1200/1238]  lr: 1.9460e-03  eta: 0:07:11  time: 0.2747  data_time: 0.0033  memory: 3133  grad_norm: 0.5576  loss: 0.2723  loss_cls: 0.0840  loss_bbox: 0.1727  loss_dir: 0.0156
2024/04/28 19:27:56 - mmengine - INFO - Exp name: adversarial-second_hv_secfpn_8xb6-80e_kitti-3d-car_20240428_192045
2024/04/28 19:28:11 - mmengine - INFO - Epoch(val) [1][  50/3769]    eta: 0:18:06  time: 0.2920  data_time: 0.2546  memory: 3160  
2024/04/28 19:28:12 - mmengine - INFO - Epoch(val) [1][ 100/3769]    eta: 0:09:55  time: 0.0326  data_time: 0.0002  memory: 250  
2024/04/28 19:28:14 - mmengine - INFO - Epoch(val) [1][ 150/3769]    eta: 0:07:11  time: 0.0333  data_time: 0.0003  memory: 250  
2024/04/28 19:28:16 - mmengine - INFO - Epoch(val) [1][ 200/3769]    eta: 0:05:50  time: 0.0347  data_time: 0.0021  memory: 250  
2024/04/28 19:28:18 - mmengine - INFO - Epoch(val) [1][ 250/3769]    eta: 0:04:59  time: 0.0327  data_time: 0.0007  memory: 250  
2024/04/28 19:28:19 - mmengine - INFO - Epoch(val) [1][ 300/3769]    eta: 0:04:24  time: 0.0325  data_time: 0.0007  memory: 250  
2024/04/28 19:28:21 - mmengine - INFO - Epoch(val) [1][ 350/3769]    eta: 0:03:59  time: 0.0329  data_time: 0.0004  memory: 250  
2024/04/28 19:28:22 - mmengine - INFO - Epoch(val) [1][ 400/3769]    eta: 0:03:40  time: 0.0322  data_time: 0.0006  memory: 250  
2024/04/28 19:28:24 - mmengine - INFO - Epoch(val) [1][ 450/3769]    eta: 0:03:24  time: 0.0330  data_time: 0.0004  memory: 250  
2024/04/28 19:28:26 - mmengine - INFO - Epoch(val) [1][ 500/3769]    eta: 0:03:12  time: 0.0321  data_time: 0.0005  memory: 250  
2024/04/28 19:28:27 - mmengine - INFO - Epoch(val) [1][ 550/3769]    eta: 0:03:01  time: 0.0326  data_time: 0.0007  memory: 250  
2024/04/28 19:28:29 - mmengine - INFO - Epoch(val) [1][ 600/3769]    eta: 0:02:52  time: 0.0323  data_time: 0.0005  memory: 250  
2024/04/28 19:28:31 - mmengine - INFO - Epoch(val) [1][ 650/3769]    eta: 0:02:44  time: 0.0329  data_time: 0.0005  memory: 250  
2024/04/28 19:28:32 - mmengine - INFO - Epoch(val) [1][ 700/3769]    eta: 0:02:37  time: 0.0332  data_time: 0.0010  memory: 250  
2024/04/28 19:28:34 - mmengine - INFO - Epoch(val) [1][ 750/3769]    eta: 0:02:31  time: 0.0325  data_time: 0.0007  memory: 250  
2024/04/28 19:28:35 - mmengine - INFO - Epoch(val) [1][ 800/3769]    eta: 0:02:25  time: 0.0323  data_time: 0.0006  memory: 250  
2024/04/28 19:28:37 - mmengine - INFO - Epoch(val) [1][ 850/3769]    eta: 0:02:20  time: 0.0329  data_time: 0.0009  memory: 250  
2024/04/28 19:28:39 - mmengine - INFO - Epoch(val) [1][ 900/3769]    eta: 0:02:15  time: 0.0321  data_time: 0.0006  memory: 250  
2024/04/28 19:28:40 - mmengine - INFO - Epoch(val) [1][ 950/3769]    eta: 0:02:10  time: 0.0326  data_time: 0.0008  memory: 250  
2024/04/28 19:28:42 - mmengine - INFO - Epoch(val) [1][1000/3769]    eta: 0:02:06  time: 0.0319  data_time: 0.0005  memory: 250  
2024/04/28 19:28:44 - mmengine - INFO - Epoch(val) [1][1050/3769]    eta: 0:02:02  time: 0.0330  data_time: 0.0008  memory: 250  
2024/04/28 19:28:45 - mmengine - INFO - Epoch(val) [1][1100/3769]    eta: 0:01:58  time: 0.0316  data_time: 0.0007  memory: 250  
2024/04/28 19:28:47 - mmengine - INFO - Epoch(val) [1][1150/3769]    eta: 0:01:55  time: 0.0325  data_time: 0.0003  memory: 250  
2024/04/28 19:28:49 - mmengine - INFO - Epoch(val) [1][1200/3769]    eta: 0:01:51  time: 0.0329  data_time: 0.0004  memory: 250  
2024/04/28 19:28:50 - mmengine - INFO - Epoch(val) [1][1250/3769]    eta: 0:01:48  time: 0.0323  data_time: 0.0002  memory: 250  
2024/04/28 19:28:52 - mmengine - INFO - Epoch(val) [1][1300/3769]    eta: 0:01:45  time: 0.0331  data_time: 0.0015  memory: 250  
2024/04/28 19:28:53 - mmengine - INFO - Epoch(val) [1][1350/3769]    eta: 0:01:42  time: 0.0324  data_time: 0.0008  memory: 250  
2024/04/28 19:28:55 - mmengine - INFO - Epoch(val) [1][1400/3769]    eta: 0:01:39  time: 0.0323  data_time: 0.0012  memory: 250  
2024/04/28 19:28:57 - mmengine - INFO - Epoch(val) [1][1450/3769]    eta: 0:01:36  time: 0.0334  data_time: 0.0005  memory: 250  
2024/04/28 19:28:58 - mmengine - INFO - Epoch(val) [1][1500/3769]    eta: 0:01:33  time: 0.0330  data_time: 0.0010  memory: 250  
2024/04/28 19:29:00 - mmengine - INFO - Epoch(val) [1][1550/3769]    eta: 0:01:31  time: 0.0326  data_time: 0.0002  memory: 250  
2024/04/28 19:29:02 - mmengine - INFO - Epoch(val) [1][1600/3769]    eta: 0:01:28  time: 0.0324  data_time: 0.0004  memory: 250  
2024/04/28 19:29:03 - mmengine - INFO - Epoch(val) [1][1650/3769]    eta: 0:01:25  time: 0.0329  data_time: 0.0002  memory: 250  
2024/04/28 19:29:05 - mmengine - INFO - Epoch(val) [1][1700/3769]    eta: 0:01:23  time: 0.0321  data_time: 0.0012  memory: 250  
2024/04/28 19:29:07 - mmengine - INFO - Epoch(val) [1][1750/3769]    eta: 0:01:20  time: 0.0328  data_time: 0.0003  memory: 250  
2024/04/28 19:29:08 - mmengine - INFO - Epoch(val) [1][1800/3769]    eta: 0:01:18  time: 0.0323  data_time: 0.0007  memory: 250  
2024/04/28 19:29:10 - mmengine - INFO - Epoch(val) [1][1850/3769]    eta: 0:01:16  time: 0.0322  data_time: 0.0003  memory: 250  
2024/04/28 19:29:11 - mmengine - INFO - Epoch(val) [1][1900/3769]    eta: 0:01:13  time: 0.0327  data_time: 0.0001  memory: 250  
2024/04/28 19:29:13 - mmengine - INFO - Epoch(val) [1][1950/3769]    eta: 0:01:11  time: 0.0328  data_time: 0.0005  memory: 250  
2024/04/28 19:29:15 - mmengine - INFO - Epoch(val) [1][2000/3769]    eta: 0:01:09  time: 0.0323  data_time: 0.0008  memory: 250  
2024/04/28 19:29:16 - mmengine - INFO - Epoch(val) [1][2050/3769]    eta: 0:01:06  time: 0.0329  data_time: 0.0007  memory: 250  
2024/04/28 19:29:18 - mmengine - INFO - Epoch(val) [1][2100/3769]    eta: 0:01:04  time: 0.0327  data_time: 0.0001  memory: 250  
2024/04/28 19:29:20 - mmengine - INFO - Epoch(val) [1][2150/3769]    eta: 0:01:02  time: 0.0324  data_time: 0.0004  memory: 250  
2024/04/28 19:29:21 - mmengine - INFO - Epoch(val) [1][2200/3769]    eta: 0:01:00  time: 0.0329  data_time: 0.0006  memory: 250  
2024/04/28 19:29:23 - mmengine - INFO - Epoch(val) [1][2250/3769]    eta: 0:00:58  time: 0.0324  data_time: 0.0002  memory: 250  
2024/04/28 19:29:24 - mmengine - INFO - Epoch(val) [1][2300/3769]    eta: 0:00:56  time: 0.0323  data_time: 0.0005  memory: 250  
2024/04/28 19:29:26 - mmengine - INFO - Epoch(val) [1][2350/3769]    eta: 0:00:54  time: 0.0325  data_time: 0.0004  memory: 250  
2024/04/28 19:29:28 - mmengine - INFO - Epoch(val) [1][2400/3769]    eta: 0:00:52  time: 0.0325  data_time: 0.0003  memory: 250  
2024/04/28 19:29:29 - mmengine - INFO - Epoch(val) [1][2450/3769]    eta: 0:00:50  time: 0.0323  data_time: 0.0012  memory: 250  
2024/04/28 19:29:31 - mmengine - INFO - Epoch(val) [1][2500/3769]    eta: 0:00:47  time: 0.0321  data_time: 0.0002  memory: 250  
2024/04/28 19:29:33 - mmengine - INFO - Epoch(val) [1][2550/3769]    eta: 0:00:45  time: 0.0323  data_time: 0.0006  memory: 250  
2024/04/28 19:29:34 - mmengine - INFO - Epoch(val) [1][2600/3769]    eta: 0:00:43  time: 0.0334  data_time: 0.0007  memory: 250  
2024/04/28 19:29:36 - mmengine - INFO - Epoch(val) [1][2650/3769]    eta: 0:00:41  time: 0.0323  data_time: 0.0001  memory: 250  
2024/04/28 19:29:37 - mmengine - INFO - Epoch(val) [1][2700/3769]    eta: 0:00:40  time: 0.0330  data_time: 0.0003  memory: 250  
2024/04/28 19:29:39 - mmengine - INFO - Epoch(val) [1][2750/3769]    eta: 0:00:38  time: 0.0330  data_time: 0.0004  memory: 250  
2024/04/28 19:29:41 - mmengine - INFO - Epoch(val) [1][2800/3769]    eta: 0:00:36  time: 0.0323  data_time: 0.0001  memory: 250  
2024/04/28 19:29:42 - mmengine - INFO - Epoch(val) [1][2850/3769]    eta: 0:00:34  time: 0.0328  data_time: 0.0008  memory: 250  
2024/04/28 19:29:44 - mmengine - INFO - Epoch(val) [1][2900/3769]    eta: 0:00:32  time: 0.0323  data_time: 0.0005  memory: 250  
2024/04/28 19:29:46 - mmengine - INFO - Epoch(val) [1][2950/3769]    eta: 0:00:30  time: 0.0325  data_time: 0.0008  memory: 250  
2024/04/28 19:29:47 - mmengine - INFO - Epoch(val) [1][3000/3769]    eta: 0:00:28  time: 0.0322  data_time: 0.0001  memory: 250  
2024/04/28 19:29:49 - mmengine - INFO - Epoch(val) [1][3050/3769]    eta: 0:00:26  time: 0.0331  data_time: 0.0010  memory: 250  
2024/04/28 19:29:51 - mmengine - INFO - Epoch(val) [1][3100/3769]    eta: 0:00:24  time: 0.0329  data_time: 0.0005  memory: 250  
2024/04/28 19:29:52 - mmengine - INFO - Epoch(val) [1][3150/3769]    eta: 0:00:22  time: 0.0321  data_time: 0.0002  memory: 250  
2024/04/28 19:29:54 - mmengine - INFO - Epoch(val) [1][3200/3769]    eta: 0:00:20  time: 0.0325  data_time: 0.0008  memory: 250  
2024/04/28 19:29:55 - mmengine - INFO - Epoch(val) [1][3250/3769]    eta: 0:00:18  time: 0.0324  data_time: 0.0002  memory: 250  
2024/04/28 19:29:57 - mmengine - INFO - Epoch(val) [1][3300/3769]    eta: 0:00:17  time: 0.0323  data_time: 0.0004  memory: 250  
2024/04/28 19:29:59 - mmengine - INFO - Epoch(val) [1][3350/3769]    eta: 0:00:15  time: 0.0326  data_time: 0.0007  memory: 250  
2024/04/28 19:30:00 - mmengine - INFO - Epoch(val) [1][3400/3769]    eta: 0:00:13  time: 0.0325  data_time: 0.0005  memory: 250  
2024/04/28 19:30:02 - mmengine - INFO - Epoch(val) [1][3450/3769]    eta: 0:00:11  time: 0.0319  data_time: 0.0008  memory: 250  
2024/04/28 19:30:03 - mmengine - INFO - Epoch(val) [1][3500/3769]    eta: 0:00:09  time: 0.0323  data_time: 0.0006  memory: 250  
2024/04/28 19:30:05 - mmengine - INFO - Epoch(val) [1][3550/3769]    eta: 0:00:07  time: 0.0325  data_time: 0.0006  memory: 250  
2024/04/28 19:30:07 - mmengine - INFO - Epoch(val) [1][3600/3769]    eta: 0:00:06  time: 0.0324  data_time: 0.0002  memory: 250  
2024/04/28 19:30:08 - mmengine - INFO - Epoch(val) [1][3650/3769]    eta: 0:00:04  time: 0.0324  data_time: 0.0004  memory: 250  
2024/04/28 19:30:10 - mmengine - INFO - Epoch(val) [1][3700/3769]    eta: 0:00:02  time: 0.0329  data_time: 0.0009  memory: 250  
2024/04/28 19:30:12 - mmengine - INFO - Epoch(val) [1][3750/3769]    eta: 0:00:00  time: 0.0332  data_time: 0.0003  memory: 250  
2024/04/28 19:31:05 - mmengine - INFO - Results of pred_instances_3d:

----------- AP11 Results ------------

Car AP11@0.70, 0.70, 0.70:
bbox AP11:95.4788, 88.6755, 87.5178
bev  AP11:89.4901, 86.5151, 84.7127
3d   AP11:86.5683, 76.7801, 75.2504
aos  AP11:95.24, 87.96, 86.59
Car AP11@0.70, 0.50, 0.50:
bbox AP11:95.4788, 88.6755, 87.5178
bev  AP11:95.6432, 89.2066, 88.3078
3d   AP11:95.5716, 89.0840, 88.0744
aos  AP11:95.24, 87.96, 86.59

----------- AP40 Results ------------

Car AP40@0.70, 0.70, 0.70:
bbox AP40:96.6432, 91.5830, 88.8704
bev  AP40:92.2569, 87.8920, 85.2233
3d   AP40:88.9980, 78.4117, 75.5006
aos  AP40:96.39, 90.78, 87.85
Car AP40@0.70, 0.50, 0.50:
bbox AP40:96.6432, 91.5830, 88.8704
bev  AP40:96.8538, 94.0101, 91.4476
3d   AP40:96.7769, 93.7805, 91.1707
aos  AP40:96.39, 90.78, 87.85

2024/04/28 19:31:05 - mmengine - INFO - Epoch(val) [1][3769/3769]    Kitti metric/pred_instances_3d/KITTI/Car_3D_AP11_easy_strict: 86.5683  Kitti metric/pred_instances_3d/KITTI/Car_BEV_AP11_easy_strict: 89.4901  Kitti metric/pred_instances_3d/KITTI/Car_2D_AP11_easy_strict: 95.4788  Kitti metric/pred_instances_3d/KITTI/Car_3D_AP11_moderate_strict: 76.7801  Kitti metric/pred_instances_3d/KITTI/Car_BEV_AP11_moderate_strict: 86.5151  Kitti metric/pred_instances_3d/KITTI/Car_2D_AP11_moderate_strict: 88.6755  Kitti metric/pred_instances_3d/KITTI/Car_3D_AP11_hard_strict: 75.2504  Kitti metric/pred_instances_3d/KITTI/Car_BEV_AP11_hard_strict: 84.7127  Kitti metric/pred_instances_3d/KITTI/Car_2D_AP11_hard_strict: 87.5178  Kitti metric/pred_instances_3d/KITTI/Car_3D_AP11_easy_loose: 95.5716  Kitti metric/pred_instances_3d/KITTI/Car_BEV_AP11_easy_loose: 95.6432  Kitti metric/pred_instances_3d/KITTI/Car_2D_AP11_easy_loose: 95.4788  Kitti metric/pred_instances_3d/KITTI/Car_3D_AP11_moderate_loose: 89.0840  Kitti metric/pred_instances_3d/KITTI/Car_BEV_AP11_moderate_loose: 89.2066  Kitti metric/pred_instances_3d/KITTI/Car_2D_AP11_moderate_loose: 88.6755  Kitti metric/pred_instances_3d/KITTI/Car_3D_AP11_hard_loose: 88.0744  Kitti metric/pred_instances_3d/KITTI/Car_BEV_AP11_hard_loose: 88.3078  Kitti metric/pred_instances_3d/KITTI/Car_2D_AP11_hard_loose: 87.5178  Kitti metric/pred_instances_3d/KITTI/Car_3D_AP40_easy_strict: 88.9980  Kitti metric/pred_instances_3d/KITTI/Car_BEV_AP40_easy_strict: 92.2569  Kitti metric/pred_instances_3d/KITTI/Car_2D_AP40_easy_strict: 96.6432  Kitti metric/pred_instances_3d/KITTI/Car_3D_AP40_moderate_strict: 78.4117  Kitti metric/pred_instances_3d/KITTI/Car_BEV_AP40_moderate_strict: 87.8920  Kitti metric/pred_instances_3d/KITTI/Car_2D_AP40_moderate_strict: 91.5830  Kitti metric/pred_instances_3d/KITTI/Car_3D_AP40_hard_strict: 75.5006  Kitti metric/pred_instances_3d/KITTI/Car_BEV_AP40_hard_strict: 85.2233  Kitti metric/pred_instances_3d/KITTI/Car_2D_AP40_hard_strict: 88.8704  Kitti metric/pred_instances_3d/KITTI/Car_3D_AP40_easy_loose: 96.7769  Kitti metric/pred_instances_3d/KITTI/Car_BEV_AP40_easy_loose: 96.8538  Kitti metric/pred_instances_3d/KITTI/Car_2D_AP40_easy_loose: 96.6432  Kitti metric/pred_instances_3d/KITTI/Car_3D_AP40_moderate_loose: 93.7805  Kitti metric/pred_instances_3d/KITTI/Car_BEV_AP40_moderate_loose: 94.0101  Kitti metric/pred_instances_3d/KITTI/Car_2D_AP40_moderate_loose: 91.5830  Kitti metric/pred_instances_3d/KITTI/Car_3D_AP40_hard_loose: 91.1707  Kitti metric/pred_instances_3d/KITTI/Car_BEV_AP40_hard_loose: 91.4476  Kitti metric/pred_instances_3d/KITTI/Car_2D_AP40_hard_loose: 88.8704  data_time: 0.0039  time: 0.0360
2024/04/28 19:31:19 - mmengine - INFO - Epoch(train) [2][  50/1238]  lr: 1.9682e-03  eta: 0:06:36  time: 0.2764  data_time: 0.0067  memory: 3190  grad_norm: 0.6318  loss: 0.2496  loss_cls: 0.0737  loss_bbox: 0.1626  loss_dir: 0.0133
2024/04/28 19:31:32 - mmengine - INFO - Epoch(train) [2][ 100/1238]  lr: 1.9814e-03  eta: 0:06:17  time: 0.2718  data_time: 0.0036  memory: 3151  grad_norm: 0.6301  loss: 0.2645  loss_cls: 0.0780  loss_bbox: 0.1688  loss_dir: 0.0178
2024/04/28 19:31:46 - mmengine - INFO - Epoch(train) [2][ 150/1238]  lr: 1.9952e-03  eta: 0:05:58  time: 0.2713  data_time: 0.0034  memory: 3166  grad_norm: 0.5832  loss: 0.2556  loss_cls: 0.0802  loss_bbox: 0.1607  loss_dir: 0.0147
2024/04/28 19:31:59 - mmengine - INFO - Epoch(train) [2][ 200/1238]  lr: 2.0095e-03  eta: 0:05:39  time: 0.2702  data_time: 0.0028  memory: 3136  grad_norm: 0.5649  loss: 0.2780  loss_cls: 0.0840  loss_bbox: 0.1755  loss_dir: 0.0185
2024/04/28 19:32:13 - mmengine - INFO - Epoch(train) [2][ 250/1238]  lr: 2.0242e-03  eta: 0:05:21  time: 0.2749  data_time: 0.0040  memory: 3156  grad_norm: 0.5963  loss: 0.2653  loss_cls: 0.0794  loss_bbox: 0.1700  loss_dir: 0.0158
2024/04/28 19:32:27 - mmengine - INFO - Epoch(train) [2][ 300/1238]  lr: 2.0395e-03  eta: 0:05:03  time: 0.2712  data_time: 0.0036  memory: 3161  grad_norm: 0.5970  loss: 0.2706  loss_cls: 0.0806  loss_bbox: 0.1718  loss_dir: 0.0183
2024/04/28 19:32:40 - mmengine - INFO - Epoch(train) [2][ 350/1238]  lr: 2.0552e-03  eta: 0:04:46  time: 0.2757  data_time: 0.0038  memory: 3146  grad_norm: 0.6088  loss: 0.2853  loss_cls: 0.0868  loss_bbox: 0.1798  loss_dir: 0.0187
2024/04/28 19:32:54 - mmengine - INFO - Epoch(train) [2][ 400/1238]  lr: 2.0715e-03  eta: 0:04:28  time: 0.2728  data_time: 0.0032  memory: 3128  grad_norm: 0.5830  loss: 0.2775  loss_cls: 0.0865  loss_bbox: 0.1736  loss_dir: 0.0174
2024/04/28 19:33:08 - mmengine - INFO - Epoch(train) [2][ 450/1238]  lr: 2.0882e-03  eta: 0:04:11  time: 0.2733  data_time: 0.0039  memory: 3141  grad_norm: 0.5962  loss: 0.2693  loss_cls: 0.0809  loss_bbox: 0.1729  loss_dir: 0.0155
2024/04/28 19:33:21 - mmengine - INFO - Epoch(train) [2][ 500/1238]  lr: 2.1054e-03  eta: 0:03:54  time: 0.2746  data_time: 0.0036  memory: 3165  grad_norm: 0.5650  loss: 0.2652  loss_cls: 0.0802  loss_bbox: 0.1675  loss_dir: 0.0175
2024/04/28 19:33:35 - mmengine - INFO - Epoch(train) [2][ 550/1238]  lr: 2.1232e-03  eta: 0:03:37  time: 0.2746  data_time: 0.0037  memory: 3180  grad_norm: 0.6129  loss: 0.2713  loss_cls: 0.0848  loss_bbox: 0.1691  loss_dir: 0.0175
2024/04/28 19:33:49 - mmengine - INFO - Epoch(train) [2][ 600/1238]  lr: 2.1414e-03  eta: 0:03:21  time: 0.2742  data_time: 0.0037  memory: 3180  grad_norm: 0.5756  loss: 0.2617  loss_cls: 0.0781  loss_bbox: 0.1670  loss_dir: 0.0167
2024/04/28 19:34:03 - mmengine - INFO - Epoch(train) [2][ 650/1238]  lr: 2.1601e-03  eta: 0:03:04  time: 0.2754  data_time: 0.0036  memory: 3141  grad_norm: 0.6231  loss: 0.2701  loss_cls: 0.0826  loss_bbox: 0.1697  loss_dir: 0.0177
2024/04/28 19:34:16 - mmengine - INFO - Epoch(train) [2][ 700/1238]  lr: 2.1792e-03  eta: 0:02:48  time: 0.2733  data_time: 0.0041  memory: 3166  grad_norm: 0.6108  loss: 0.2644  loss_cls: 0.0778  loss_bbox: 0.1696  loss_dir: 0.0171
2024/04/28 19:34:30 - mmengine - INFO - Epoch(train) [2][ 750/1238]  lr: 2.1989e-03  eta: 0:02:32  time: 0.2747  data_time: 0.0037  memory: 3169  grad_norm: 0.6061  loss: 0.2826  loss_cls: 0.0891  loss_bbox: 0.1753  loss_dir: 0.0183
2024/04/28 19:34:33 - mmengine - INFO - Exp name: adversarial-second_hv_secfpn_8xb6-80e_kitti-3d-car_20240428_192045
2024/04/28 19:34:44 - mmengine - INFO - Epoch(train) [2][ 800/1238]  lr: 2.2191e-03  eta: 0:02:16  time: 0.2740  data_time: 0.0035  memory: 3150  grad_norm: 0.6810  loss: 0.2694  loss_cls: 0.0810  loss_bbox: 0.1716  loss_dir: 0.0169
2024/04/28 19:34:57 - mmengine - INFO - Epoch(train) [2][ 850/1238]  lr: 2.2397e-03  eta: 0:02:00  time: 0.2761  data_time: 0.0036  memory: 3141  grad_norm: 0.6466  loss: 0.2715  loss_cls: 0.0832  loss_bbox: 0.1704  loss_dir: 0.0179
2024/04/28 19:35:11 - mmengine - INFO - Epoch(train) [2][ 900/1238]  lr: 2.2608e-03  eta: 0:01:44  time: 0.2746  data_time: 0.0030  memory: 3147  grad_norm: 0.5788  loss: 0.2572  loss_cls: 0.0756  loss_bbox: 0.1653  loss_dir: 0.0163
2024/04/28 19:35:25 - mmengine - INFO - Epoch(train) [2][ 950/1238]  lr: 2.2824e-03  eta: 0:01:28  time: 0.2749  data_time: 0.0042  memory: 3156  grad_norm: 0.5909  loss: 0.2782  loss_cls: 0.0864  loss_bbox: 0.1743  loss_dir: 0.0175
2024/04/28 19:35:39 - mmengine - INFO - Epoch(train) [2][1000/1238]  lr: 2.3045e-03  eta: 0:01:13  time: 0.2744  data_time: 0.0035  memory: 3135  grad_norm: 0.5980  loss: 0.2569  loss_cls: 0.0800  loss_bbox: 0.1601  loss_dir: 0.0168
2024/04/28 19:35:53 - mmengine - INFO - Epoch(train) [2][1050/1238]  lr: 2.3270e-03  eta: 0:00:57  time: 0.2776  data_time: 0.0032  memory: 3127  grad_norm: 0.5599  loss: 0.2708  loss_cls: 0.0825  loss_bbox: 0.1704  loss_dir: 0.0179
2024/04/28 19:36:06 - mmengine - INFO - Epoch(train) [2][1100/1238]  lr: 2.3501e-03  eta: 0:00:42  time: 0.2739  data_time: 0.0031  memory: 3155  grad_norm: 0.6059  loss: 0.2715  loss_cls: 0.0828  loss_bbox: 0.1714  loss_dir: 0.0173
2024/04/28 19:36:20 - mmengine - INFO - Epoch(train) [2][1150/1238]  lr: 2.3736e-03  eta: 0:00:26  time: 0.2769  data_time: 0.0036  memory: 3148  grad_norm: 0.6020  loss: 0.2629  loss_cls: 0.0801  loss_bbox: 0.1675  loss_dir: 0.0153
2024/04/28 19:36:34 - mmengine - INFO - Epoch(train) [2][1200/1238]  lr: 2.3975e-03  eta: 0:00:11  time: 0.2740  data_time: 0.0032  memory: 3160  grad_norm: 0.6167  loss: 0.2699  loss_cls: 0.0832  loss_bbox: 0.1697  loss_dir: 0.0170
2024/04/28 19:36:44 - mmengine - INFO - Exp name: adversarial-second_hv_secfpn_8xb6-80e_kitti-3d-car_20240428_192045
2024/04/28 19:36:44 - mmengine - INFO - Saving checkpoint at 2 epochs
2024/04/28 19:36:47 - mmengine - INFO - Epoch(val) [2][  50/3769]    eta: 0:02:02  time: 0.0329  data_time: 0.0009  memory: 3132  
2024/04/28 19:36:49 - mmengine - INFO - Epoch(val) [2][ 100/3769]    eta: 0:02:01  time: 0.0332  data_time: 0.0001  memory: 250  
2024/04/28 19:36:50 - mmengine - INFO - Epoch(val) [2][ 150/3769]    eta: 0:01:58  time: 0.0324  data_time: 0.0005  memory: 250  
2024/04/28 19:36:52 - mmengine - INFO - Epoch(val) [2][ 200/3769]    eta: 0:01:56  time: 0.0325  data_time: 0.0002  memory: 250  
2024/04/28 19:36:53 - mmengine - INFO - Epoch(val) [2][ 250/3769]    eta: 0:01:54  time: 0.0319  data_time: 0.0003  memory: 250  
2024/04/28 19:36:55 - mmengine - INFO - Epoch(val) [2][ 300/3769]    eta: 0:01:54  time: 0.0345  data_time: 0.0007  memory: 250  
2024/04/28 19:36:57 - mmengine - INFO - Epoch(val) [2][ 350/3769]    eta: 0:01:52  time: 0.0333  data_time: 0.0007  memory: 250  
2024/04/28 19:36:59 - mmengine - INFO - Epoch(val) [2][ 400/3769]    eta: 0:01:50  time: 0.0326  data_time: 0.0003  memory: 250  
2024/04/28 19:37:00 - mmengine - INFO - Epoch(val) [2][ 450/3769]    eta: 0:01:49  time: 0.0322  data_time: 0.0008  memory: 250  
2024/04/28 19:37:02 - mmengine - INFO - Epoch(val) [2][ 500/3769]    eta: 0:01:47  time: 0.0333  data_time: 0.0001  memory: 250  
2024/04/28 19:37:03 - mmengine - INFO - Epoch(val) [2][ 550/3769]    eta: 0:01:45  time: 0.0322  data_time: 0.0001  memory: 250  
2024/04/28 19:37:05 - mmengine - INFO - Epoch(val) [2][ 600/3769]    eta: 0:01:43  time: 0.0323  data_time: 0.0001  memory: 250  
2024/04/28 19:37:07 - mmengine - INFO - Epoch(val) [2][ 650/3769]    eta: 0:01:42  time: 0.0330  data_time: 0.0009  memory: 250  
2024/04/28 19:37:08 - mmengine - INFO - Epoch(val) [2][ 700/3769]    eta: 0:01:40  time: 0.0325  data_time: 0.0007  memory: 250  
2024/04/28 19:37:10 - mmengine - INFO - Epoch(val) [2][ 750/3769]    eta: 0:01:38  time: 0.0328  data_time: 0.0007  memory: 250  
2024/04/28 19:37:12 - mmengine - INFO - Epoch(val) [2][ 800/3769]    eta: 0:01:37  time: 0.0326  data_time: 0.0005  memory: 250  
2024/04/28 19:37:13 - mmengine - INFO - Epoch(val) [2][ 850/3769]    eta: 0:01:35  time: 0.0323  data_time: 0.0003  memory: 250  
2024/04/28 19:37:15 - mmengine - INFO - Epoch(val) [2][ 900/3769]    eta: 0:01:33  time: 0.0321  data_time: 0.0004  memory: 250  
2024/04/28 19:37:16 - mmengine - INFO - Epoch(val) [2][ 950/3769]    eta: 0:01:32  time: 0.0325  data_time: 0.0004  memory: 250  
2024/04/28 19:37:18 - mmengine - INFO - Epoch(val) [2][1000/3769]    eta: 0:01:30  time: 0.0321  data_time: 0.0004  memory: 250  
2024/04/28 19:37:20 - mmengine - INFO - Epoch(val) [2][1050/3769]    eta: 0:01:28  time: 0.0322  data_time: 0.0003  memory: 250  
2024/04/28 19:37:21 - mmengine - INFO - Epoch(val) [2][1100/3769]    eta: 0:01:27  time: 0.0326  data_time: 0.0010  memory: 250  
2024/04/28 19:37:23 - mmengine - INFO - Epoch(val) [2][1150/3769]    eta: 0:01:25  time: 0.0328  data_time: 0.0006  memory: 250  
2024/04/28 19:37:25 - mmengine - INFO - Epoch(val) [2][1200/3769]    eta: 0:01:23  time: 0.0329  data_time: 0.0002  memory: 250  
2024/04/28 19:37:26 - mmengine - INFO - Epoch(val) [2][1250/3769]    eta: 0:01:22  time: 0.0328  data_time: 0.0009  memory: 250  
2024/04/28 19:37:28 - mmengine - INFO - Epoch(val) [2][1300/3769]    eta: 0:01:20  time: 0.0324  data_time: 0.0006  memory: 250  
2024/04/28 19:37:29 - mmengine - INFO - Epoch(val) [2][1350/3769]    eta: 0:01:18  time: 0.0325  data_time: 0.0005  memory: 250  
2024/04/28 19:37:31 - mmengine - INFO - Epoch(val) [2][1400/3769]    eta: 0:01:17  time: 0.0326  data_time: 0.0007  memory: 250  
2024/04/28 19:37:33 - mmengine - INFO - Epoch(val) [2][1450/3769]    eta: 0:01:15  time: 0.0326  data_time: 0.0009  memory: 250  
2024/04/28 19:37:34 - mmengine - INFO - Epoch(val) [2][1500/3769]    eta: 0:01:14  time: 0.0329  data_time: 0.0009  memory: 250  
2024/04/28 19:37:36 - mmengine - INFO - Epoch(val) [2][1550/3769]    eta: 0:01:12  time: 0.0323  data_time: 0.0005  memory: 250  
2024/04/28 19:37:38 - mmengine - INFO - Epoch(val) [2][1600/3769]    eta: 0:01:10  time: 0.0327  data_time: 0.0007  memory: 250  
2024/04/28 19:37:39 - mmengine - INFO - Epoch(val) [2][1650/3769]    eta: 0:01:09  time: 0.0327  data_time: 0.0007  memory: 250  
2024/04/28 19:37:41 - mmengine - INFO - Epoch(val) [2][1700/3769]    eta: 0:01:07  time: 0.0320  data_time: 0.0001  memory: 250  
2024/04/28 19:37:43 - mmengine - INFO - Epoch(val) [2][1750/3769]    eta: 0:01:05  time: 0.0327  data_time: 0.0004  memory: 250  
2024/04/28 19:37:44 - mmengine - INFO - Epoch(val) [2][1800/3769]    eta: 0:01:04  time: 0.0335  data_time: 0.0003  memory: 250  
2024/04/28 19:37:46 - mmengine - INFO - Epoch(val) [2][1850/3769]    eta: 0:01:02  time: 0.0321  data_time: 0.0007  memory: 250  
2024/04/28 19:37:47 - mmengine - INFO - Epoch(val) [2][1900/3769]    eta: 0:01:00  time: 0.0320  data_time: 0.0007  memory: 250  
2024/04/28 19:37:49 - mmengine - INFO - Epoch(val) [2][1950/3769]    eta: 0:00:59  time: 0.0328  data_time: 0.0006  memory: 250  
2024/04/28 19:37:51 - mmengine - INFO - Epoch(val) [2][2000/3769]    eta: 0:00:57  time: 0.0337  data_time: 0.0006  memory: 250  
2024/04/28 19:37:52 - mmengine - INFO - Epoch(val) [2][2050/3769]    eta: 0:00:56  time: 0.0327  data_time: 0.0002  memory: 250  
2024/04/28 19:37:54 - mmengine - INFO - Epoch(val) [2][2100/3769]    eta: 0:00:54  time: 0.0324  data_time: 0.0001  memory: 250  
2024/04/28 19:37:56 - mmengine - INFO - Epoch(val) [2][2150/3769]    eta: 0:00:52  time: 0.0328  data_time: 0.0003  memory: 250  
2024/04/28 19:37:57 - mmengine - INFO - Epoch(val) [2][2200/3769]    eta: 0:00:51  time: 0.0338  data_time: 0.0005  memory: 250  
2024/04/28 19:37:59 - mmengine - INFO - Epoch(val) [2][2250/3769]    eta: 0:00:49  time: 0.0329  data_time: 0.0005  memory: 250  
2024/04/28 19:38:01 - mmengine - INFO - Epoch(val) [2][2300/3769]    eta: 0:00:48  time: 0.0332  data_time: 0.0003  memory: 250  
2024/04/28 19:38:02 - mmengine - INFO - Epoch(val) [2][2350/3769]    eta: 0:00:46  time: 0.0322  data_time: 0.0008  memory: 250  
2024/04/28 19:38:04 - mmengine - INFO - Epoch(val) [2][2400/3769]    eta: 0:00:44  time: 0.0344  data_time: 0.0003  memory: 250  
2024/04/28 19:38:06 - mmengine - INFO - Epoch(val) [2][2450/3769]    eta: 0:00:43  time: 0.0414  data_time: 0.0008  memory: 250  
2024/04/28 19:38:08 - mmengine - INFO - Epoch(val) [2][2500/3769]    eta: 0:00:41  time: 0.0419  data_time: 0.0007  memory: 250  
2024/04/28 19:38:10 - mmengine - INFO - Epoch(val) [2][2550/3769]    eta: 0:00:40  time: 0.0416  data_time: 0.0006  memory: 250  
2024/04/28 19:38:12 - mmengine - INFO - Epoch(val) [2][2600/3769]    eta: 0:00:39  time: 0.0410  data_time: 0.0008  memory: 250  
2024/04/28 19:38:14 - mmengine - INFO - Epoch(val) [2][2650/3769]    eta: 0:00:37  time: 0.0390  data_time: 0.0011  memory: 250  
2024/04/28 19:38:16 - mmengine - INFO - Epoch(val) [2][2700/3769]    eta: 0:00:35  time: 0.0388  data_time: 0.0007  memory: 250  
2024/04/28 19:38:18 - mmengine - INFO - Epoch(val) [2][2750/3769]    eta: 0:00:34  time: 0.0381  data_time: 0.0005  memory: 250  
2024/04/28 19:38:20 - mmengine - INFO - Epoch(val) [2][2800/3769]    eta: 0:00:32  time: 0.0391  data_time: 0.0004  memory: 250  
2024/04/28 19:38:22 - mmengine - INFO - Epoch(val) [2][2850/3769]    eta: 0:00:31  time: 0.0378  data_time: 0.0005  memory: 250  
2024/04/28 19:38:24 - mmengine - INFO - Epoch(val) [2][2900/3769]    eta: 0:00:29  time: 0.0395  data_time: 0.0013  memory: 250  
2024/04/28 19:38:26 - mmengine - INFO - Epoch(val) [2][2950/3769]    eta: 0:00:27  time: 0.0397  data_time: 0.0006  memory: 250  
2024/04/28 19:38:28 - mmengine - INFO - Epoch(val) [2][3000/3769]    eta: 0:00:26  time: 0.0376  data_time: 0.0008  memory: 250  
2024/04/28 19:38:30 - mmengine - INFO - Epoch(val) [2][3050/3769]    eta: 0:00:24  time: 0.0401  data_time: 0.0006  memory: 250  
2024/04/28 19:38:32 - mmengine - INFO - Epoch(val) [2][3100/3769]    eta: 0:00:22  time: 0.0418  data_time: 0.0005  memory: 250  
2024/04/28 19:38:34 - mmengine - INFO - Epoch(val) [2][3150/3769]    eta: 0:00:21  time: 0.0411  data_time: 0.0008  memory: 250  
2024/04/28 19:38:36 - mmengine - INFO - Epoch(val) [2][3200/3769]    eta: 0:00:19  time: 0.0413  data_time: 0.0008  memory: 250  
2024/04/28 19:38:38 - mmengine - INFO - Epoch(val) [2][3250/3769]    eta: 0:00:17  time: 0.0386  data_time: 0.0010  memory: 250  
2024/04/28 19:38:40 - mmengine - INFO - Epoch(val) [2][3300/3769]    eta: 0:00:16  time: 0.0423  data_time: 0.0010  memory: 250  
2024/04/28 19:38:42 - mmengine - INFO - Epoch(val) [2][3350/3769]    eta: 0:00:14  time: 0.0395  data_time: 0.0005  memory: 250  
2024/04/28 19:38:44 - mmengine - INFO - Epoch(val) [2][3400/3769]    eta: 0:00:12  time: 0.0389  data_time: 0.0009  memory: 250  
2024/04/28 19:38:46 - mmengine - INFO - Epoch(val) [2][3450/3769]    eta: 0:00:11  time: 0.0398  data_time: 0.0009  memory: 250  
2024/04/28 19:38:48 - mmengine - INFO - Epoch(val) [2][3500/3769]    eta: 0:00:09  time: 0.0394  data_time: 0.0005  memory: 250  
2024/04/28 19:38:50 - mmengine - INFO - Epoch(val) [2][3550/3769]    eta: 0:00:07  time: 0.0391  data_time: 0.0007  memory: 250  
2024/04/28 19:38:52 - mmengine - INFO - Epoch(val) [2][3600/3769]    eta: 0:00:05  time: 0.0377  data_time: 0.0004  memory: 250  
2024/04/28 19:38:54 - mmengine - INFO - Epoch(val) [2][3650/3769]    eta: 0:00:04  time: 0.0383  data_time: 0.0002  memory: 250  
2024/04/28 19:38:56 - mmengine - INFO - Epoch(val) [2][3700/3769]    eta: 0:00:02  time: 0.0392  data_time: 0.0005  memory: 250  
2024/04/28 19:38:58 - mmengine - INFO - Epoch(val) [2][3750/3769]    eta: 0:00:00  time: 0.0418  data_time: 0.0004  memory: 250  
2024/04/28 19:39:15 - mmengine - INFO - Results of pred_instances_3d:

----------- AP11 Results ------------

Car AP11@0.70, 0.70, 0.70:
bbox AP11:90.6846, 89.4042, 87.2639
bev  AP11:89.5569, 85.8209, 83.6926
3d   AP11:86.8357, 76.9230, 73.4000
aos  AP11:90.59, 88.88, 86.51
Car AP11@0.70, 0.50, 0.50:
bbox AP11:90.6846, 89.4042, 87.2639
bev  AP11:90.7494, 89.8606, 88.3598
3d   AP11:90.7494, 89.7442, 88.0743
aos  AP11:90.59, 88.88, 86.51

----------- AP40 Results ------------

Car AP40@0.70, 0.70, 0.70:
bbox AP40:95.6006, 92.0457, 88.6945
bev  AP40:91.9296, 87.6003, 84.3745
3d   AP40:87.8492, 78.2663, 74.2479
aos  AP40:95.49, 91.46, 87.89
Car AP40@0.70, 0.50, 0.50:
bbox AP40:95.6006, 92.0457, 88.6945
bev  AP40:95.7093, 94.4437, 91.3637
3d   AP40:95.6818, 94.0269, 90.9970
aos  AP40:95.49, 91.46, 87.89

2024/04/28 19:39:15 - mmengine - INFO - Epoch(val) [2][3769/3769]    Kitti metric/pred_instances_3d/KITTI/Car_3D_AP11_easy_strict: 86.8357  Kitti metric/pred_instances_3d/KITTI/Car_BEV_AP11_easy_strict: 89.5569  Kitti metric/pred_instances_3d/KITTI/Car_2D_AP11_easy_strict: 90.6846  Kitti metric/pred_instances_3d/KITTI/Car_3D_AP11_moderate_strict: 76.9230  Kitti metric/pred_instances_3d/KITTI/Car_BEV_AP11_moderate_strict: 85.8209  Kitti metric/pred_instances_3d/KITTI/Car_2D_AP11_moderate_strict: 89.4042  Kitti metric/pred_instances_3d/KITTI/Car_3D_AP11_hard_strict: 73.4000  Kitti metric/pred_instances_3d/KITTI/Car_BEV_AP11_hard_strict: 83.6926  Kitti metric/pred_instances_3d/KITTI/Car_2D_AP11_hard_strict: 87.2639  Kitti metric/pred_instances_3d/KITTI/Car_3D_AP11_easy_loose: 90.7494  Kitti metric/pred_instances_3d/KITTI/Car_BEV_AP11_easy_loose: 90.7494  Kitti metric/pred_instances_3d/KITTI/Car_2D_AP11_easy_loose: 90.6846  Kitti metric/pred_instances_3d/KITTI/Car_3D_AP11_moderate_loose: 89.7442  Kitti metric/pred_instances_3d/KITTI/Car_BEV_AP11_moderate_loose: 89.8606  Kitti metric/pred_instances_3d/KITTI/Car_2D_AP11_moderate_loose: 89.4042  Kitti metric/pred_instances_3d/KITTI/Car_3D_AP11_hard_loose: 88.0743  Kitti metric/pred_instances_3d/KITTI/Car_BEV_AP11_hard_loose: 88.3598  Kitti metric/pred_instances_3d/KITTI/Car_2D_AP11_hard_loose: 87.2639  Kitti metric/pred_instances_3d/KITTI/Car_3D_AP40_easy_strict: 87.8492  Kitti metric/pred_instances_3d/KITTI/Car_BEV_AP40_easy_strict: 91.9296  Kitti metric/pred_instances_3d/KITTI/Car_2D_AP40_easy_strict: 95.6006  Kitti metric/pred_instances_3d/KITTI/Car_3D_AP40_moderate_strict: 78.2663  Kitti metric/pred_instances_3d/KITTI/Car_BEV_AP40_moderate_strict: 87.6003  Kitti metric/pred_instances_3d/KITTI/Car_2D_AP40_moderate_strict: 92.0457  Kitti metric/pred_instances_3d/KITTI/Car_3D_AP40_hard_strict: 74.2479  Kitti metric/pred_instances_3d/KITTI/Car_BEV_AP40_hard_strict: 84.3745  Kitti metric/pred_instances_3d/KITTI/Car_2D_AP40_hard_strict: 88.6945  Kitti metric/pred_instances_3d/KITTI/Car_3D_AP40_easy_loose: 95.6818  Kitti metric/pred_instances_3d/KITTI/Car_BEV_AP40_easy_loose: 95.7093  Kitti metric/pred_instances_3d/KITTI/Car_2D_AP40_easy_loose: 95.6006  Kitti metric/pred_instances_3d/KITTI/Car_3D_AP40_moderate_loose: 94.0269  Kitti metric/pred_instances_3d/KITTI/Car_BEV_AP40_moderate_loose: 94.4437  Kitti metric/pred_instances_3d/KITTI/Car_2D_AP40_moderate_loose: 92.0457  Kitti metric/pred_instances_3d/KITTI/Car_3D_AP40_hard_loose: 90.9970  Kitti metric/pred_instances_3d/KITTI/Car_BEV_AP40_hard_loose: 91.3637  Kitti metric/pred_instances_3d/KITTI/Car_2D_AP40_hard_loose: 88.6945  data_time: 0.0006  time: 0.0353
